[0.490s] DEBUG:colcon:Command line arguments: ['/usr/bin/colcon', 'build', '--packages-select', 'motion']
[0.490s] DEBUG:colcon:Parsed command line arguments: Namespace(ament_cmake_args=None, base_paths=['.'], build_base='build', catkin_cmake_args=None, catkin_skip_building_tests=False, cmake_args=None, cmake_clean_cache=False, cmake_clean_first=False, cmake_force_configure=False, cmake_target=None, cmake_target_skip_unavailable=False, continue_on_error=False, event_handlers=None, executor='parallel', ignore_user_meta=False, install_base='install', log_base=None, log_level=None, main=<bound method BuildVerb.main of <colcon_core.verb.build.BuildVerb object at 0x7f1dde06cbb0>>, merge_install=False, metas=['./colcon.meta'], mixin=None, mixin_files=None, mixin_verb=('build',), packages_above=None, packages_above_and_dependencies=None, packages_above_depth=None, packages_end=None, packages_ignore=None, packages_ignore_regex=None, packages_select=['motion'], packages_select_build_failed=False, packages_select_by_dep=None, packages_select_regex=None, packages_select_test_failures=False, packages_skip=None, packages_skip_build_finished=False, packages_skip_by_dep=None, packages_skip_regex=None, packages_skip_test_passed=False, packages_skip_up_to=None, packages_start=None, packages_up_to=None, packages_up_to_regex=None, parallel_workers=8, paths=None, symlink_install=False, test_result_base=None, verb_extension=<colcon_core.verb.build.BuildVerb object at 0x7f1dde06cbb0>, verb_name='build', verb_parser=<colcon_mixin.mixin.mixin_argument.MixinArgumentDecorator object at 0x7f1dde07b1c0>)
[0.547s] Level 1:colcon.colcon_core.package_discovery:discover_packages(colcon_meta) check parameters
[0.547s] Level 1:colcon.colcon_core.package_discovery:discover_packages(recursive) check parameters
[0.547s] Level 1:colcon.colcon_core.package_discovery:discover_packages(ignore) check parameters
[0.547s] Level 1:colcon.colcon_core.package_discovery:discover_packages(path) check parameters
[0.547s] Level 1:colcon.colcon_core.package_discovery:discover_packages(colcon_meta) discover
[0.547s] Level 1:colcon.colcon_core.package_discovery:discover_packages(recursive) discover
[0.548s] INFO:colcon.colcon_core.package_discovery:Crawling recursively for packages in '/home/vs/csc2207_project_ws'
[0.548s] Level 1:colcon.colcon_core.package_identification:_identify(.) by extensions ['ignore', 'ignore_ament_install']
[0.548s] Level 1:colcon.colcon_core.package_identification:_identify(.) by extension 'ignore'
[0.548s] Level 1:colcon.colcon_core.package_identification:_identify(.) by extension 'ignore_ament_install'
[0.548s] Level 1:colcon.colcon_core.package_identification:_identify(.) by extensions ['colcon_pkg']
[0.548s] Level 1:colcon.colcon_core.package_identification:_identify(.) by extension 'colcon_pkg'
[0.548s] Level 1:colcon.colcon_core.package_identification:_identify(.) by extensions ['colcon_meta']
[0.548s] Level 1:colcon.colcon_core.package_identification:_identify(.) by extension 'colcon_meta'
[0.548s] Level 1:colcon.colcon_core.package_identification:_identify(.) by extensions ['ros']
[0.548s] Level 1:colcon.colcon_core.package_identification:_identify(.) by extension 'ros'
[0.587s] Level 1:colcon.colcon_core.package_identification:_identify(.) by extensions ['cmake', 'python']
[0.587s] Level 1:colcon.colcon_core.package_identification:_identify(.) by extension 'cmake'
[0.587s] Level 1:colcon.colcon_core.package_identification:_identify(.) by extension 'python'
[0.587s] Level 1:colcon.colcon_core.package_identification:_identify(.) by extensions ['python_setup_py']
[0.587s] Level 1:colcon.colcon_core.package_identification:_identify(.) by extension 'python_setup_py'
[0.587s] Level 1:colcon.colcon_core.package_identification:_identify(build) by extensions ['ignore', 'ignore_ament_install']
[0.587s] Level 1:colcon.colcon_core.package_identification:_identify(build) by extension 'ignore'
[0.587s] Level 1:colcon.colcon_core.package_identification:_identify(build) ignored
[0.588s] Level 1:colcon.colcon_core.package_identification:_identify(install) by extensions ['ignore', 'ignore_ament_install']
[0.588s] Level 1:colcon.colcon_core.package_identification:_identify(install) by extension 'ignore'
[0.588s] Level 1:colcon.colcon_core.package_identification:_identify(install) ignored
[0.588s] Level 1:colcon.colcon_core.package_identification:_identify(log) by extensions ['ignore', 'ignore_ament_install']
[0.588s] Level 1:colcon.colcon_core.package_identification:_identify(log) by extension 'ignore'
[0.588s] Level 1:colcon.colcon_core.package_identification:_identify(log) ignored
[0.588s] Level 1:colcon.colcon_core.package_identification:_identify(src) by extensions ['ignore', 'ignore_ament_install']
[0.588s] Level 1:colcon.colcon_core.package_identification:_identify(src) by extension 'ignore'
[0.588s] Level 1:colcon.colcon_core.package_identification:_identify(src) by extension 'ignore_ament_install'
[0.589s] Level 1:colcon.colcon_core.package_identification:_identify(src) by extensions ['colcon_pkg']
[0.589s] Level 1:colcon.colcon_core.package_identification:_identify(src) by extension 'colcon_pkg'
[0.589s] Level 1:colcon.colcon_core.package_identification:_identify(src) by extensions ['colcon_meta']
[0.589s] Level 1:colcon.colcon_core.package_identification:_identify(src) by extension 'colcon_meta'
[0.589s] Level 1:colcon.colcon_core.package_identification:_identify(src) by extensions ['ros']
[0.589s] Level 1:colcon.colcon_core.package_identification:_identify(src) by extension 'ros'
[0.589s] Level 1:colcon.colcon_core.package_identification:_identify(src) by extensions ['cmake', 'python']
[0.589s] Level 1:colcon.colcon_core.package_identification:_identify(src) by extension 'cmake'
[0.589s] Level 1:colcon.colcon_core.package_identification:_identify(src) by extension 'python'
[0.589s] Level 1:colcon.colcon_core.package_identification:_identify(src) by extensions ['python_setup_py']
[0.589s] Level 1:colcon.colcon_core.package_identification:_identify(src) by extension 'python_setup_py'
[0.589s] Level 1:colcon.colcon_core.package_identification:_identify(src/motion) by extensions ['ignore', 'ignore_ament_install']
[0.589s] Level 1:colcon.colcon_core.package_identification:_identify(src/motion) by extension 'ignore'
[0.589s] Level 1:colcon.colcon_core.package_identification:_identify(src/motion) by extension 'ignore_ament_install'
[0.589s] Level 1:colcon.colcon_core.package_identification:_identify(src/motion) by extensions ['colcon_pkg']
[0.589s] Level 1:colcon.colcon_core.package_identification:_identify(src/motion) by extension 'colcon_pkg'
[0.589s] Level 1:colcon.colcon_core.package_identification:_identify(src/motion) by extensions ['colcon_meta']
[0.590s] Level 1:colcon.colcon_core.package_identification:_identify(src/motion) by extension 'colcon_meta'
[0.590s] Level 1:colcon.colcon_core.package_identification:_identify(src/motion) by extensions ['ros']
[0.590s] Level 1:colcon.colcon_core.package_identification:_identify(src/motion) by extension 'ros'
[0.594s] DEBUG:colcon.colcon_core.package_identification:Package 'src/motion' with type 'ros.ament_python' and name 'motion'
[0.594s] Level 1:colcon.colcon_core.package_identification:_identify(src/warehouse_robot_spawner_pkg) by extensions ['ignore', 'ignore_ament_install']
[0.594s] Level 1:colcon.colcon_core.package_identification:_identify(src/warehouse_robot_spawner_pkg) by extension 'ignore'
[0.594s] Level 1:colcon.colcon_core.package_identification:_identify(src/warehouse_robot_spawner_pkg) by extension 'ignore_ament_install'
[0.594s] Level 1:colcon.colcon_core.package_identification:_identify(src/warehouse_robot_spawner_pkg) by extensions ['colcon_pkg']
[0.594s] Level 1:colcon.colcon_core.package_identification:_identify(src/warehouse_robot_spawner_pkg) by extension 'colcon_pkg'
[0.594s] Level 1:colcon.colcon_core.package_identification:_identify(src/warehouse_robot_spawner_pkg) by extensions ['colcon_meta']
[0.594s] Level 1:colcon.colcon_core.package_identification:_identify(src/warehouse_robot_spawner_pkg) by extension 'colcon_meta'
[0.594s] Level 1:colcon.colcon_core.package_identification:_identify(src/warehouse_robot_spawner_pkg) by extensions ['ros']
[0.595s] Level 1:colcon.colcon_core.package_identification:_identify(src/warehouse_robot_spawner_pkg) by extension 'ros'
[0.595s] DEBUG:colcon.colcon_core.package_identification:Package 'src/warehouse_robot_spawner_pkg' with type 'ros.ament_python' and name 'warehouse_robot_spawner_pkg'
[0.595s] Level 1:colcon.colcon_core.package_discovery:discover_packages(recursive) using defaults
[0.595s] Level 1:colcon.colcon_core.package_discovery:discover_packages(ignore) discover
[0.595s] Level 1:colcon.colcon_core.package_discovery:discover_packages(ignore) using defaults
[0.595s] Level 1:colcon.colcon_core.package_discovery:discover_packages(path) discover
[0.595s] Level 1:colcon.colcon_core.package_discovery:discover_packages(path) using defaults
[0.634s] INFO:colcon.colcon_core.package_selection:Skipping not selected package 'warehouse_robot_spawner_pkg' in 'src/warehouse_robot_spawner_pkg'
[0.635s] Level 5:colcon.colcon_core.verb:set package 'motion' build argument 'cmake_args' from command line to 'None'
[0.635s] Level 5:colcon.colcon_core.verb:set package 'motion' build argument 'cmake_target' from command line to 'None'
[0.636s] Level 5:colcon.colcon_core.verb:set package 'motion' build argument 'cmake_target_skip_unavailable' from command line to 'False'
[0.636s] Level 5:colcon.colcon_core.verb:set package 'motion' build argument 'cmake_clean_cache' from command line to 'False'
[0.636s] Level 5:colcon.colcon_core.verb:set package 'motion' build argument 'cmake_clean_first' from command line to 'False'
[0.636s] Level 5:colcon.colcon_core.verb:set package 'motion' build argument 'cmake_force_configure' from command line to 'False'
[0.636s] Level 5:colcon.colcon_core.verb:set package 'motion' build argument 'ament_cmake_args' from command line to 'None'
[0.636s] Level 5:colcon.colcon_core.verb:set package 'motion' build argument 'catkin_cmake_args' from command line to 'None'
[0.636s] Level 5:colcon.colcon_core.verb:set package 'motion' build argument 'catkin_skip_building_tests' from command line to 'False'
[0.636s] DEBUG:colcon.colcon_core.verb:Building package 'motion' with the following arguments: {'ament_cmake_args': None, 'build_base': '/home/vs/csc2207_project_ws/build/motion', 'catkin_cmake_args': None, 'catkin_skip_building_tests': False, 'cmake_args': None, 'cmake_clean_cache': False, 'cmake_clean_first': False, 'cmake_force_configure': False, 'cmake_target': None, 'cmake_target_skip_unavailable': False, 'install_base': '/home/vs/csc2207_project_ws/install/motion', 'merge_install': False, 'path': '/home/vs/csc2207_project_ws/src/motion', 'symlink_install': False, 'test_result_base': None}
[0.637s] INFO:colcon.colcon_core.executor:Executing jobs using 'parallel' executor
[0.642s] DEBUG:colcon.colcon_parallel_executor.executor.parallel:run_until_complete
[0.643s] INFO:colcon.colcon_ros.task.ament_python.build:Building ROS package in '/home/vs/csc2207_project_ws/src/motion' with build type 'ament_python'
[0.643s] Level 1:colcon.colcon_core.shell:create_environment_hook('motion', 'ament_prefix_path')
[0.651s] INFO:colcon.colcon_core.plugin_system:Skipping extension 'colcon_core.shell.bat': Not used on non-Windows systems
[0.651s] INFO:colcon.colcon_core.shell:Creating environment hook '/home/vs/csc2207_project_ws/install/motion/share/motion/hook/ament_prefix_path.ps1'
[0.652s] INFO:colcon.colcon_core.shell:Creating environment descriptor '/home/vs/csc2207_project_ws/install/motion/share/motion/hook/ament_prefix_path.dsv'
[0.653s] INFO:colcon.colcon_core.shell:Creating environment hook '/home/vs/csc2207_project_ws/install/motion/share/motion/hook/ament_prefix_path.sh'
[0.656s] INFO:colcon.colcon_core.shell:Skip shell extension 'powershell' for command environment: Not usable outside of PowerShell
[0.656s] DEBUG:colcon.colcon_core.shell:Skip shell extension 'dsv' for command environment
[1.026s] INFO:colcon.colcon_core.task.python.build:Building Python package in '/home/vs/csc2207_project_ws/src/motion'
[1.028s] INFO:colcon.colcon_core.shell:Skip shell extension 'powershell' for command environment: Not usable outside of PowerShell
[1.028s] DEBUG:colcon.colcon_core.shell:Skip shell extension 'dsv' for command environment
[1.623s] DEBUG:colcon.colcon_core.event_handler.log_command:Invoking command in '/home/vs/csc2207_project_ws/src/motion': PYTHONPATH=/home/vs/csc2207_project_ws/build/motion/prefix_override:/home/vs/csc2207_project_ws/install/motion/lib/python3.8/site-packages:${PYTHONPATH} /usr/bin/python3 setup.py egg_info --egg-base ../../build/motion build --build-base /home/vs/csc2207_project_ws/build/motion/build install --record /home/vs/csc2207_project_ws/build/motion/install.log --install-scripts $base/lib/motion --single-version-externally-managed
[1.995s] DEBUG:colcon.colcon_core.event_handler.log_command:Invoked command in '/home/vs/csc2207_project_ws/src/motion' returned '0': PYTHONPATH=/home/vs/csc2207_project_ws/build/motion/prefix_override:/home/vs/csc2207_project_ws/install/motion/lib/python3.8/site-packages:${PYTHONPATH} /usr/bin/python3 setup.py egg_info --egg-base ../../build/motion build --build-base /home/vs/csc2207_project_ws/build/motion/build install --record /home/vs/csc2207_project_ws/build/motion/install.log --install-scripts $base/lib/motion --single-version-externally-managed
[2.004s] Level 1:colcon.colcon_core.environment:checking '/home/vs/csc2207_project_ws/install/motion' for CMake module files
[2.005s] Level 1:colcon.colcon_core.environment:checking '/home/vs/csc2207_project_ws/install/motion' for CMake config files
[2.006s] Level 1:colcon.colcon_core.environment:checking '/home/vs/csc2207_project_ws/install/motion/lib'
[2.007s] Level 1:colcon.colcon_core.environment:checking '/home/vs/csc2207_project_ws/install/motion/bin'
[2.007s] Level 1:colcon.colcon_core.environment:checking '/home/vs/csc2207_project_ws/install/motion/lib/pkgconfig/motion.pc'
[2.007s] Level 1:colcon.colcon_core.environment:checking '/home/vs/csc2207_project_ws/install/motion/lib/python3.8/site-packages'
[2.007s] Level 1:colcon.colcon_core.shell:create_environment_hook('motion', 'pythonpath')
[2.009s] INFO:colcon.colcon_core.shell:Creating environment hook '/home/vs/csc2207_project_ws/install/motion/share/motion/hook/pythonpath.ps1'
[2.010s] INFO:colcon.colcon_core.shell:Creating environment descriptor '/home/vs/csc2207_project_ws/install/motion/share/motion/hook/pythonpath.dsv'
[2.010s] INFO:colcon.colcon_core.shell:Creating environment hook '/home/vs/csc2207_project_ws/install/motion/share/motion/hook/pythonpath.sh'
[2.011s] Level 1:colcon.colcon_core.environment:checking '/home/vs/csc2207_project_ws/install/motion/bin'
[2.011s] Level 1:colcon.colcon_core.environment:create_environment_scripts_only(motion)
[2.013s] INFO:colcon.colcon_core.shell:Creating package script '/home/vs/csc2207_project_ws/install/motion/share/motion/package.ps1'
[2.015s] INFO:colcon.colcon_core.shell:Creating package descriptor '/home/vs/csc2207_project_ws/install/motion/share/motion/package.dsv'
[2.016s] INFO:colcon.colcon_core.shell:Creating package script '/home/vs/csc2207_project_ws/install/motion/share/motion/package.sh'
[2.017s] INFO:colcon.colcon_core.shell:Creating package script '/home/vs/csc2207_project_ws/install/motion/share/motion/package.bash'
[2.018s] INFO:colcon.colcon_core.shell:Creating package script '/home/vs/csc2207_project_ws/install/motion/share/motion/package.zsh'
[2.020s] Level 1:colcon.colcon_core.environment:create_file_with_runtime_dependencies(/home/vs/csc2207_project_ws/install/motion/share/colcon-core/packages/motion)
[2.020s] DEBUG:colcon.colcon_parallel_executor.executor.parallel:closing loop
[2.022s] DEBUG:colcon.colcon_parallel_executor.executor.parallel:loop closed
[2.022s] DEBUG:colcon.colcon_parallel_executor.executor.parallel:run_until_complete finished with '0'
[2.022s] DEBUG:colcon.colcon_core.event_reactor:joining thread
[2.037s] INFO:colcon.colcon_core.plugin_system:Skipping extension 'colcon_notification.desktop_notification.notify_send': Could not find 'notify-send'
[2.037s] INFO:colcon.colcon_core.plugin_system:Skipping extension 'colcon_notification.desktop_notification.terminal_notifier': Not used on non-Darwin systems
[2.037s] INFO:colcon.colcon_core.plugin_system:Skipping extension 'colcon_notification.desktop_notification.win32': Not used on non-Windows systems
[2.037s] INFO:colcon.colcon_notification.desktop_notification:Sending desktop notification using 'notify2'
[2.155s] DEBUG:colcon.colcon_notification.desktop_notification.notify2:Failed to initialize notify2: org.freedesktop.DBus.Error.ServiceUnknown: The name org.freedesktop.Notifications was not provided by any .service files
[2.155s] DEBUG:colcon.colcon_core.event_reactor:joined thread
[2.158s] INFO:colcon.colcon_core.shell:Creating prefix script '/home/vs/csc2207_project_ws/install/local_setup.ps1'
[2.160s] INFO:colcon.colcon_core.shell:Creating prefix util module '/home/vs/csc2207_project_ws/install/_local_setup_util_ps1.py'
[2.162s] INFO:colcon.colcon_core.shell:Creating prefix chain script '/home/vs/csc2207_project_ws/install/setup.ps1'
[2.164s] INFO:colcon.colcon_core.shell:Creating prefix script '/home/vs/csc2207_project_ws/install/local_setup.sh'
[2.165s] INFO:colcon.colcon_core.shell:Creating prefix util module '/home/vs/csc2207_project_ws/install/_local_setup_util_sh.py'
[2.166s] INFO:colcon.colcon_core.shell:Creating prefix chain script '/home/vs/csc2207_project_ws/install/setup.sh'
[2.171s] INFO:colcon.colcon_core.shell:Creating prefix script '/home/vs/csc2207_project_ws/install/local_setup.bash'
[2.172s] INFO:colcon.colcon_core.shell:Creating prefix chain script '/home/vs/csc2207_project_ws/install/setup.bash'
[2.175s] INFO:colcon.colcon_core.shell:Creating prefix script '/home/vs/csc2207_project_ws/install/local_setup.zsh'
[2.176s] INFO:colcon.colcon_core.shell:Creating prefix chain script '/home/vs/csc2207_project_ws/install/setup.zsh'
