[1.557s] DEBUG:colcon:Command line arguments: ['/usr/bin/colcon', 'build', '--packages-select', 'warehouse_robot_spawner_pkg']
[1.558s] DEBUG:colcon:Parsed command line arguments: Namespace(ament_cmake_args=None, base_paths=['.'], build_base='build', catkin_cmake_args=None, catkin_skip_building_tests=False, cmake_args=None, cmake_clean_cache=False, cmake_clean_first=False, cmake_force_configure=False, cmake_target=None, cmake_target_skip_unavailable=False, continue_on_error=False, event_handlers=None, executor='parallel', ignore_user_meta=False, install_base='install', log_base=None, log_level=None, main=<bound method BuildVerb.main of <colcon_core.verb.build.BuildVerb object at 0x7f07cc859dc0>>, merge_install=False, metas=['./colcon.meta'], mixin=None, mixin_files=None, mixin_verb=('build',), packages_above=None, packages_above_and_dependencies=None, packages_above_depth=None, packages_end=None, packages_ignore=None, packages_ignore_regex=None, packages_select=['warehouse_robot_spawner_pkg'], packages_select_build_failed=False, packages_select_by_dep=None, packages_select_regex=None, packages_select_test_failures=False, packages_skip=None, packages_skip_build_finished=False, packages_skip_by_dep=None, packages_skip_regex=None, packages_skip_test_passed=False, packages_skip_up_to=None, packages_start=None, packages_up_to=None, packages_up_to_regex=None, parallel_workers=8, paths=None, symlink_install=False, test_result_base=None, verb_extension=<colcon_core.verb.build.BuildVerb object at 0x7f07cc859dc0>, verb_name='build', verb_parser=<colcon_mixin.mixin.mixin_argument.MixinArgumentDecorator object at 0x7f07cc8663d0>)
[1.718s] Level 1:colcon.colcon_core.package_discovery:discover_packages(colcon_meta) check parameters
[1.719s] Level 1:colcon.colcon_core.package_discovery:discover_packages(recursive) check parameters
[1.719s] Level 1:colcon.colcon_core.package_discovery:discover_packages(ignore) check parameters
[1.720s] Level 1:colcon.colcon_core.package_discovery:discover_packages(path) check parameters
[1.720s] Level 1:colcon.colcon_core.package_discovery:discover_packages(colcon_meta) discover
[1.720s] Level 1:colcon.colcon_core.package_discovery:discover_packages(recursive) discover
[1.721s] INFO:colcon.colcon_core.package_discovery:Crawling recursively for packages in '/home/vs/csc2207_project_ws/src'
[1.722s] Level 1:colcon.colcon_core.package_identification:_identify(.) by extensions ['ignore', 'ignore_ament_install']
[1.726s] Level 1:colcon.colcon_core.package_identification:_identify(.) by extension 'ignore'
[1.727s] Level 1:colcon.colcon_core.package_identification:_identify(.) by extension 'ignore_ament_install'
[1.727s] Level 1:colcon.colcon_core.package_identification:_identify(.) by extensions ['colcon_pkg']
[1.727s] Level 1:colcon.colcon_core.package_identification:_identify(.) by extension 'colcon_pkg'
[1.727s] Level 1:colcon.colcon_core.package_identification:_identify(.) by extensions ['colcon_meta']
[1.727s] Level 1:colcon.colcon_core.package_identification:_identify(.) by extension 'colcon_meta'
[1.728s] Level 1:colcon.colcon_core.package_identification:_identify(.) by extensions ['ros']
[1.728s] Level 1:colcon.colcon_core.package_identification:_identify(.) by extension 'ros'
[1.813s] Level 1:colcon.colcon_core.package_identification:_identify(.) by extensions ['cmake', 'python']
[1.815s] Level 1:colcon.colcon_core.package_identification:_identify(.) by extension 'cmake'
[1.816s] Level 1:colcon.colcon_core.package_identification:_identify(.) by extension 'python'
[1.818s] Level 1:colcon.colcon_core.package_identification:_identify(.) by extensions ['python_setup_py']
[1.819s] Level 1:colcon.colcon_core.package_identification:_identify(.) by extension 'python_setup_py'
[1.820s] Level 1:colcon.colcon_core.package_identification:_identify(build) by extensions ['ignore', 'ignore_ament_install']
[1.821s] Level 1:colcon.colcon_core.package_identification:_identify(build) by extension 'ignore'
[1.821s] Level 1:colcon.colcon_core.package_identification:_identify(build) ignored
[1.822s] Level 1:colcon.colcon_core.package_identification:_identify(install) by extensions ['ignore', 'ignore_ament_install']
[1.823s] Level 1:colcon.colcon_core.package_identification:_identify(install) by extension 'ignore'
[1.823s] Level 1:colcon.colcon_core.package_identification:_identify(install) ignored
[1.824s] Level 1:colcon.colcon_core.package_identification:_identify(localization) by extensions ['ignore', 'ignore_ament_install']
[1.824s] Level 1:colcon.colcon_core.package_identification:_identify(localization) by extension 'ignore'
[1.824s] Level 1:colcon.colcon_core.package_identification:_identify(localization) by extension 'ignore_ament_install'
[1.825s] Level 1:colcon.colcon_core.package_identification:_identify(localization) by extensions ['colcon_pkg']
[1.825s] Level 1:colcon.colcon_core.package_identification:_identify(localization) by extension 'colcon_pkg'
[1.825s] Level 1:colcon.colcon_core.package_identification:_identify(localization) by extensions ['colcon_meta']
[1.825s] Level 1:colcon.colcon_core.package_identification:_identify(localization) by extension 'colcon_meta'
[1.826s] Level 1:colcon.colcon_core.package_identification:_identify(localization) by extensions ['ros']
[1.826s] Level 1:colcon.colcon_core.package_identification:_identify(localization) by extension 'ros'
[1.841s] DEBUG:colcon.colcon_core.package_identification:Package 'localization' with type 'ros.ament_python' and name 'localization'
[1.842s] Level 1:colcon.colcon_core.package_identification:_identify(log) by extensions ['ignore', 'ignore_ament_install']
[1.842s] Level 1:colcon.colcon_core.package_identification:_identify(log) by extension 'ignore'
[1.842s] Level 1:colcon.colcon_core.package_identification:_identify(log) ignored
[1.842s] Level 1:colcon.colcon_core.package_identification:_identify(motion) by extensions ['ignore', 'ignore_ament_install']
[1.843s] Level 1:colcon.colcon_core.package_identification:_identify(motion) by extension 'ignore'
[1.843s] Level 1:colcon.colcon_core.package_identification:_identify(motion) by extension 'ignore_ament_install'
[1.843s] Level 1:colcon.colcon_core.package_identification:_identify(motion) by extensions ['colcon_pkg']
[1.843s] Level 1:colcon.colcon_core.package_identification:_identify(motion) by extension 'colcon_pkg'
[1.844s] Level 1:colcon.colcon_core.package_identification:_identify(motion) by extensions ['colcon_meta']
[1.844s] Level 1:colcon.colcon_core.package_identification:_identify(motion) by extension 'colcon_meta'
[1.844s] Level 1:colcon.colcon_core.package_identification:_identify(motion) by extensions ['ros']
[1.844s] Level 1:colcon.colcon_core.package_identification:_identify(motion) by extension 'ros'
[1.847s] DEBUG:colcon.colcon_core.package_identification:Package 'motion' with type 'ros.ament_python' and name 'motion'
[1.848s] Level 1:colcon.colcon_core.package_identification:_identify(warehouse_robot_spawner_pkg) by extensions ['ignore', 'ignore_ament_install']
[1.848s] Level 1:colcon.colcon_core.package_identification:_identify(warehouse_robot_spawner_pkg) by extension 'ignore'
[1.848s] Level 1:colcon.colcon_core.package_identification:_identify(warehouse_robot_spawner_pkg) by extension 'ignore_ament_install'
[1.848s] Level 1:colcon.colcon_core.package_identification:_identify(warehouse_robot_spawner_pkg) by extensions ['colcon_pkg']
[1.848s] Level 1:colcon.colcon_core.package_identification:_identify(warehouse_robot_spawner_pkg) by extension 'colcon_pkg'
[1.849s] Level 1:colcon.colcon_core.package_identification:_identify(warehouse_robot_spawner_pkg) by extensions ['colcon_meta']
[1.849s] Level 1:colcon.colcon_core.package_identification:_identify(warehouse_robot_spawner_pkg) by extension 'colcon_meta'
[1.849s] Level 1:colcon.colcon_core.package_identification:_identify(warehouse_robot_spawner_pkg) by extensions ['ros']
[1.849s] Level 1:colcon.colcon_core.package_identification:_identify(warehouse_robot_spawner_pkg) by extension 'ros'
[1.851s] DEBUG:colcon.colcon_core.package_identification:Package 'warehouse_robot_spawner_pkg' with type 'ros.ament_python' and name 'warehouse_robot_spawner_pkg'
[1.851s] Level 1:colcon.colcon_core.package_discovery:discover_packages(recursive) using defaults
[1.852s] Level 1:colcon.colcon_core.package_discovery:discover_packages(ignore) discover
[1.852s] Level 1:colcon.colcon_core.package_discovery:discover_packages(ignore) using defaults
[1.852s] Level 1:colcon.colcon_core.package_discovery:discover_packages(path) discover
[1.852s] Level 1:colcon.colcon_core.package_discovery:discover_packages(path) using defaults
[1.948s] INFO:colcon.colcon_core.package_selection:Skipping not selected package 'localization' in 'localization'
[1.948s] INFO:colcon.colcon_core.package_selection:Skipping not selected package 'motion' in 'motion'
[1.958s] Level 5:colcon.colcon_core.verb:set package 'warehouse_robot_spawner_pkg' build argument 'cmake_args' from command line to 'None'
[1.958s] Level 5:colcon.colcon_core.verb:set package 'warehouse_robot_spawner_pkg' build argument 'cmake_target' from command line to 'None'
[1.958s] Level 5:colcon.colcon_core.verb:set package 'warehouse_robot_spawner_pkg' build argument 'cmake_target_skip_unavailable' from command line to 'False'
[1.959s] Level 5:colcon.colcon_core.verb:set package 'warehouse_robot_spawner_pkg' build argument 'cmake_clean_cache' from command line to 'False'
[1.959s] Level 5:colcon.colcon_core.verb:set package 'warehouse_robot_spawner_pkg' build argument 'cmake_clean_first' from command line to 'False'
[1.959s] Level 5:colcon.colcon_core.verb:set package 'warehouse_robot_spawner_pkg' build argument 'cmake_force_configure' from command line to 'False'
[1.960s] Level 5:colcon.colcon_core.verb:set package 'warehouse_robot_spawner_pkg' build argument 'ament_cmake_args' from command line to 'None'
[1.960s] Level 5:colcon.colcon_core.verb:set package 'warehouse_robot_spawner_pkg' build argument 'catkin_cmake_args' from command line to 'None'
[1.960s] Level 5:colcon.colcon_core.verb:set package 'warehouse_robot_spawner_pkg' build argument 'catkin_skip_building_tests' from command line to 'False'
[1.960s] DEBUG:colcon.colcon_core.verb:Building package 'warehouse_robot_spawner_pkg' with the following arguments: {'ament_cmake_args': None, 'build_base': '/home/vs/csc2207_project_ws/src/build/warehouse_robot_spawner_pkg', 'catkin_cmake_args': None, 'catkin_skip_building_tests': False, 'cmake_args': None, 'cmake_clean_cache': False, 'cmake_clean_first': False, 'cmake_force_configure': False, 'cmake_target': None, 'cmake_target_skip_unavailable': False, 'install_base': '/home/vs/csc2207_project_ws/src/install/warehouse_robot_spawner_pkg', 'merge_install': False, 'path': '/home/vs/csc2207_project_ws/src/warehouse_robot_spawner_pkg', 'symlink_install': False, 'test_result_base': None}
[1.962s] INFO:colcon.colcon_core.executor:Executing jobs using 'parallel' executor
[1.996s] DEBUG:colcon.colcon_parallel_executor.executor.parallel:run_until_complete
[1.997s] INFO:colcon.colcon_ros.task.ament_python.build:Building ROS package in '/home/vs/csc2207_project_ws/src/warehouse_robot_spawner_pkg' with build type 'ament_python'
[1.998s] Level 1:colcon.colcon_core.shell:create_environment_hook('warehouse_robot_spawner_pkg', 'ament_prefix_path')
[2.027s] INFO:colcon.colcon_core.plugin_system:Skipping extension 'colcon_core.shell.bat': Not used on non-Windows systems
[2.028s] INFO:colcon.colcon_core.shell:Creating environment hook '/home/vs/csc2207_project_ws/src/install/warehouse_robot_spawner_pkg/share/warehouse_robot_spawner_pkg/hook/ament_prefix_path.ps1'
[2.039s] INFO:colcon.colcon_core.shell:Creating environment descriptor '/home/vs/csc2207_project_ws/src/install/warehouse_robot_spawner_pkg/share/warehouse_robot_spawner_pkg/hook/ament_prefix_path.dsv'
[2.042s] INFO:colcon.colcon_core.shell:Creating environment hook '/home/vs/csc2207_project_ws/src/install/warehouse_robot_spawner_pkg/share/warehouse_robot_spawner_pkg/hook/ament_prefix_path.sh'
[2.056s] INFO:colcon.colcon_core.shell:Skip shell extension 'powershell' for command environment: Not usable outside of PowerShell
[2.056s] DEBUG:colcon.colcon_core.shell:Skip shell extension 'dsv' for command environment
[3.378s] INFO:colcon.colcon_core.task.python.build:Building Python package in '/home/vs/csc2207_project_ws/src/warehouse_robot_spawner_pkg'
[3.383s] INFO:colcon.colcon_core.shell:Skip shell extension 'powershell' for command environment: Not usable outside of PowerShell
[3.384s] DEBUG:colcon.colcon_core.shell:Skip shell extension 'dsv' for command environment
[5.730s] DEBUG:colcon.colcon_core.event_handler.log_command:Invoking command in '/home/vs/csc2207_project_ws/src/warehouse_robot_spawner_pkg': PYTHONPATH=/home/vs/csc2207_project_ws/src/build/warehouse_robot_spawner_pkg/prefix_override:/home/vs/csc2207_project_ws/src/install/warehouse_robot_spawner_pkg/lib/python3.8/site-packages:${PYTHONPATH} /usr/bin/python3 setup.py egg_info --egg-base ../build/warehouse_robot_spawner_pkg build --build-base /home/vs/csc2207_project_ws/src/build/warehouse_robot_spawner_pkg/build install --record /home/vs/csc2207_project_ws/src/build/warehouse_robot_spawner_pkg/install.log --install-scripts $base/lib/warehouse_robot_spawner_pkg --single-version-externally-managed
[7.251s] DEBUG:colcon.colcon_core.event_handler.log_command:Invoked command in '/home/vs/csc2207_project_ws/src/warehouse_robot_spawner_pkg' returned '0': PYTHONPATH=/home/vs/csc2207_project_ws/src/build/warehouse_robot_spawner_pkg/prefix_override:/home/vs/csc2207_project_ws/src/install/warehouse_robot_spawner_pkg/lib/python3.8/site-packages:${PYTHONPATH} /usr/bin/python3 setup.py egg_info --egg-base ../build/warehouse_robot_spawner_pkg build --build-base /home/vs/csc2207_project_ws/src/build/warehouse_robot_spawner_pkg/build install --record /home/vs/csc2207_project_ws/src/build/warehouse_robot_spawner_pkg/install.log --install-scripts $base/lib/warehouse_robot_spawner_pkg --single-version-externally-managed
[7.278s] Level 1:colcon.colcon_core.environment:checking '/home/vs/csc2207_project_ws/src/install/warehouse_robot_spawner_pkg' for CMake module files
[7.282s] Level 1:colcon.colcon_core.environment:checking '/home/vs/csc2207_project_ws/src/install/warehouse_robot_spawner_pkg' for CMake config files
[7.285s] Level 1:colcon.colcon_core.environment:checking '/home/vs/csc2207_project_ws/src/install/warehouse_robot_spawner_pkg/lib'
[7.286s] Level 1:colcon.colcon_core.environment:checking '/home/vs/csc2207_project_ws/src/install/warehouse_robot_spawner_pkg/bin'
[7.287s] Level 1:colcon.colcon_core.environment:checking '/home/vs/csc2207_project_ws/src/install/warehouse_robot_spawner_pkg/lib/pkgconfig/warehouse_robot_spawner_pkg.pc'
[7.289s] Level 1:colcon.colcon_core.environment:checking '/home/vs/csc2207_project_ws/src/install/warehouse_robot_spawner_pkg/lib/python3.8/site-packages'
[7.298s] Level 1:colcon.colcon_core.shell:create_environment_hook('warehouse_robot_spawner_pkg', 'pythonpath')
[7.302s] INFO:colcon.colcon_core.shell:Creating environment hook '/home/vs/csc2207_project_ws/src/install/warehouse_robot_spawner_pkg/share/warehouse_robot_spawner_pkg/hook/pythonpath.ps1'
[7.309s] INFO:colcon.colcon_core.shell:Creating environment descriptor '/home/vs/csc2207_project_ws/src/install/warehouse_robot_spawner_pkg/share/warehouse_robot_spawner_pkg/hook/pythonpath.dsv'
[7.312s] INFO:colcon.colcon_core.shell:Creating environment hook '/home/vs/csc2207_project_ws/src/install/warehouse_robot_spawner_pkg/share/warehouse_robot_spawner_pkg/hook/pythonpath.sh'
[7.314s] Level 1:colcon.colcon_core.environment:checking '/home/vs/csc2207_project_ws/src/install/warehouse_robot_spawner_pkg/bin'
[7.314s] Level 1:colcon.colcon_core.environment:create_environment_scripts_only(warehouse_robot_spawner_pkg)
[7.323s] INFO:colcon.colcon_core.shell:Creating package script '/home/vs/csc2207_project_ws/src/install/warehouse_robot_spawner_pkg/share/warehouse_robot_spawner_pkg/package.ps1'
[7.332s] INFO:colcon.colcon_core.shell:Creating package descriptor '/home/vs/csc2207_project_ws/src/install/warehouse_robot_spawner_pkg/share/warehouse_robot_spawner_pkg/package.dsv'
[7.340s] INFO:colcon.colcon_core.shell:Creating package script '/home/vs/csc2207_project_ws/src/install/warehouse_robot_spawner_pkg/share/warehouse_robot_spawner_pkg/package.sh'
[7.343s] INFO:colcon.colcon_core.shell:Creating package script '/home/vs/csc2207_project_ws/src/install/warehouse_robot_spawner_pkg/share/warehouse_robot_spawner_pkg/package.bash'
[7.357s] INFO:colcon.colcon_core.shell:Creating package script '/home/vs/csc2207_project_ws/src/install/warehouse_robot_spawner_pkg/share/warehouse_robot_spawner_pkg/package.zsh'
[7.360s] Level 1:colcon.colcon_core.environment:create_file_with_runtime_dependencies(/home/vs/csc2207_project_ws/src/install/warehouse_robot_spawner_pkg/share/colcon-core/packages/warehouse_robot_spawner_pkg)
[7.364s] DEBUG:colcon.colcon_parallel_executor.executor.parallel:closing loop
[7.366s] DEBUG:colcon.colcon_parallel_executor.executor.parallel:loop closed
[7.367s] DEBUG:colcon.colcon_parallel_executor.executor.parallel:run_until_complete finished with '0'
[7.367s] DEBUG:colcon.colcon_core.event_reactor:joining thread
[7.449s] INFO:colcon.colcon_core.plugin_system:Skipping extension 'colcon_notification.desktop_notification.notify_send': Could not find 'notify-send'
[7.449s] INFO:colcon.colcon_core.plugin_system:Skipping extension 'colcon_notification.desktop_notification.terminal_notifier': Not used on non-Darwin systems
[7.450s] INFO:colcon.colcon_core.plugin_system:Skipping extension 'colcon_notification.desktop_notification.win32': Not used on non-Windows systems
[7.450s] INFO:colcon.colcon_notification.desktop_notification:Sending desktop notification using 'notify2'
[7.753s] DEBUG:colcon.colcon_notification.desktop_notification.notify2:Failed to initialize notify2: org.freedesktop.DBus.Error.ServiceUnknown: The name org.freedesktop.Notifications was not provided by any .service files
[7.754s] DEBUG:colcon.colcon_core.event_reactor:joined thread
[7.760s] INFO:colcon.colcon_core.shell:Creating prefix script '/home/vs/csc2207_project_ws/src/install/local_setup.ps1'
[7.773s] INFO:colcon.colcon_core.shell:Creating prefix util module '/home/vs/csc2207_project_ws/src/install/_local_setup_util_ps1.py'
[7.782s] INFO:colcon.colcon_core.shell:Creating prefix chain script '/home/vs/csc2207_project_ws/src/install/setup.ps1'
[7.792s] INFO:colcon.colcon_core.shell:Creating prefix script '/home/vs/csc2207_project_ws/src/install/local_setup.sh'
[7.796s] INFO:colcon.colcon_core.shell:Creating prefix util module '/home/vs/csc2207_project_ws/src/install/_local_setup_util_sh.py'
[7.799s] INFO:colcon.colcon_core.shell:Creating prefix chain script '/home/vs/csc2207_project_ws/src/install/setup.sh'
[7.806s] INFO:colcon.colcon_core.shell:Creating prefix script '/home/vs/csc2207_project_ws/src/install/local_setup.bash'
[7.809s] INFO:colcon.colcon_core.shell:Creating prefix chain script '/home/vs/csc2207_project_ws/src/install/setup.bash'
[7.816s] INFO:colcon.colcon_core.shell:Creating prefix script '/home/vs/csc2207_project_ws/src/install/local_setup.zsh'
[7.818s] INFO:colcon.colcon_core.shell:Creating prefix chain script '/home/vs/csc2207_project_ws/src/install/setup.zsh'
