[2.914s] Invoking command in '/home/vs/csc2207_project_ws/src/localization': PYTHONPATH=/home/vs/csc2207_project_ws/src/build/localization/prefix_override:/home/vs/csc2207_project_ws/src/install/localization/lib/python3.8/site-packages:${PYTHONPATH} /usr/bin/python3 setup.py egg_info --egg-base ../build/localization build --build-base /home/vs/csc2207_project_ws/src/build/localization/build install --record /home/vs/csc2207_project_ws/src/build/localization/install.log --install-scripts $base/lib/localization --single-version-externally-managed
[4.030s] running egg_info
[4.030s] creating ../build/localization/localization.egg-info
[4.031s] writing ../build/localization/localization.egg-info/PKG-INFO
[4.031s] writing dependency_links to ../build/localization/localization.egg-info/dependency_links.txt
[4.031s] writing entry points to ../build/localization/localization.egg-info/entry_points.txt
[4.031s] writing requirements to ../build/localization/localization.egg-info/requires.txt
[4.032s] writing top-level names to ../build/localization/localization.egg-info/top_level.txt
[4.039s] writing manifest file '../build/localization/localization.egg-info/SOURCES.txt'
[4.205s] reading manifest file '../build/localization/localization.egg-info/SOURCES.txt'
[4.210s] writing manifest file '../build/localization/localization.egg-info/SOURCES.txt'
[4.211s] running build
[4.212s] running build_py
[4.212s] creating /home/vs/csc2207_project_ws/src/build/localization/build
[4.212s] creating /home/vs/csc2207_project_ws/src/build/localization/build/lib
[4.215s] creating /home/vs/csc2207_project_ws/src/build/localization/build/lib/localization
[4.218s] copying localization/__init__.py -> /home/vs/csc2207_project_ws/src/build/localization/build/lib/localization
[4.220s] copying localization/localization.py -> /home/vs/csc2207_project_ws/src/build/localization/build/lib/localization
[4.220s] running install
[4.223s] running install_lib
[4.226s] creating /home/vs/csc2207_project_ws/src/install/localization/lib/python3.8/site-packages/localization
[4.228s] copying /home/vs/csc2207_project_ws/src/build/localization/build/lib/localization/__init__.py -> /home/vs/csc2207_project_ws/src/install/localization/lib/python3.8/site-packages/localization
[4.228s] copying /home/vs/csc2207_project_ws/src/build/localization/build/lib/localization/localization.py -> /home/vs/csc2207_project_ws/src/install/localization/lib/python3.8/site-packages/localization
[4.230s] byte-compiling /home/vs/csc2207_project_ws/src/install/localization/lib/python3.8/site-packages/localization/__init__.py to __init__.cpython-38.pyc
[4.235s] byte-compiling /home/vs/csc2207_project_ws/src/install/localization/lib/python3.8/site-packages/localization/localization.py to localization.cpython-38.pyc
[4.236s] running install_data
[4.241s] creating /home/vs/csc2207_project_ws/src/install/localization/share/ament_index
[4.245s] creating /home/vs/csc2207_project_ws/src/install/localization/share/ament_index/resource_index
[4.245s] creating /home/vs/csc2207_project_ws/src/install/localization/share/ament_index/resource_index/packages
[4.246s] copying resource/localization -> /home/vs/csc2207_project_ws/src/install/localization/share/ament_index/resource_index/packages
[4.247s] copying package.xml -> /home/vs/csc2207_project_ws/src/install/localization/share/localization
[4.248s] running install_egg_info
[4.251s] Copying ../build/localization/localization.egg-info to /home/vs/csc2207_project_ws/src/install/localization/lib/python3.8/site-packages/localization-0.0.0-py3.8.egg-info
[4.262s] running install_scripts
[4.330s] Installing localization_node script to /home/vs/csc2207_project_ws/src/install/localization/lib/localization
[4.332s] writing list of installed files to '/home/vs/csc2207_project_ws/src/build/localization/install.log'
[4.411s] Invoked command in '/home/vs/csc2207_project_ws/src/localization' returned '0': PYTHONPATH=/home/vs/csc2207_project_ws/src/build/localization/prefix_override:/home/vs/csc2207_project_ws/src/install/localization/lib/python3.8/site-packages:${PYTHONPATH} /usr/bin/python3 setup.py egg_info --egg-base ../build/localization build --build-base /home/vs/csc2207_project_ws/src/build/localization/build install --record /home/vs/csc2207_project_ws/src/build/localization/install.log --install-scripts $base/lib/localization --single-version-externally-managed
