[2.152s] Invoking command in '/home/vs/csc2207_project_ws/src/localization': PYTHONPATH=/home/vs/csc2207_project_ws/build/localization/prefix_override:/home/vs/csc2207_project_ws/install/localization/lib/python3.8/site-packages:${PYTHONPATH} /usr/bin/python3 setup.py egg_info --egg-base ../../build/localization build --build-base /home/vs/csc2207_project_ws/build/localization/build install --record /home/vs/csc2207_project_ws/build/localization/install.log --install-scripts $base/lib/localization --single-version-externally-managed
[2.701s] running egg_info
[2.702s] writing ../../build/localization/localization.egg-info/PKG-INFO
[2.703s] writing dependency_links to ../../build/localization/localization.egg-info/dependency_links.txt
[2.703s] writing entry points to ../../build/localization/localization.egg-info/entry_points.txt
[2.704s] writing requirements to ../../build/localization/localization.egg-info/requires.txt
[2.704s] writing top-level names to ../../build/localization/localization.egg-info/top_level.txt
[2.798s] reading manifest file '../../build/localization/localization.egg-info/SOURCES.txt'
[2.800s] writing manifest file '../../build/localization/localization.egg-info/SOURCES.txt'
[2.800s] running build
[2.801s] running build_py
[2.801s] copying localization/localization.py -> /home/vs/csc2207_project_ws/build/localization/build/lib/localization
[2.801s] running install
[2.810s] running install_lib
[2.811s] copying /home/vs/csc2207_project_ws/build/localization/build/lib/localization/localization.py -> /home/vs/csc2207_project_ws/install/localization/lib/python3.8/site-packages/localization
[2.814s] byte-compiling /home/vs/csc2207_project_ws/install/localization/lib/python3.8/site-packages/localization/localization.py to localization.cpython-38.pyc
[2.815s] running install_data
[2.815s] running install_egg_info
[2.817s] removing '/home/vs/csc2207_project_ws/install/localization/lib/python3.8/site-packages/localization-0.0.0-py3.8.egg-info' (and everything under it)
[2.818s] Copying ../../build/localization/localization.egg-info to /home/vs/csc2207_project_ws/install/localization/lib/python3.8/site-packages/localization-0.0.0-py3.8.egg-info
[2.822s] running install_scripts
[2.872s] Installing localization_node script to /home/vs/csc2207_project_ws/install/localization/lib/localization
[2.874s] writing list of installed files to '/home/vs/csc2207_project_ws/build/localization/install.log'
[2.927s] Invoked command in '/home/vs/csc2207_project_ws/src/localization' returned '0': PYTHONPATH=/home/vs/csc2207_project_ws/build/localization/prefix_override:/home/vs/csc2207_project_ws/install/localization/lib/python3.8/site-packages:${PYTHONPATH} /usr/bin/python3 setup.py egg_info --egg-base ../../build/localization build --build-base /home/vs/csc2207_project_ws/build/localization/build install --record /home/vs/csc2207_project_ws/build/localization/install.log --install-scripts $base/lib/localization --single-version-externally-managed
