[2.728s] Invoking command in '/home/vs/csc2207_project_ws/src/motion': PYTHONPATH=/home/vs/csc2207_project_ws/build/motion/prefix_override:/home/vs/csc2207_project_ws/install/motion/lib/python3.8/site-packages:${PYTHONPATH} /usr/bin/python3 setup.py egg_info --egg-base ../../build/motion build --build-base /home/vs/csc2207_project_ws/build/motion/build install --record /home/vs/csc2207_project_ws/build/motion/install.log --install-scripts $base/lib/motion --single-version-externally-managed
[3.866s] running egg_info
[3.871s] writing ../../build/motion/motion.egg-info/PKG-INFO
[3.878s] writing dependency_links to ../../build/motion/motion.egg-info/dependency_links.txt
[3.883s] writing entry points to ../../build/motion/motion.egg-info/entry_points.txt
[3.883s] writing requirements to ../../build/motion/motion.egg-info/requires.txt
[3.884s] writing top-level names to ../../build/motion/motion.egg-info/top_level.txt
[4.053s] reading manifest file '../../build/motion/motion.egg-info/SOURCES.txt'
[4.055s] writing manifest file '../../build/motion/motion.egg-info/SOURCES.txt'
[4.056s] running build
[4.060s] running build_py
[4.061s] copying motion/motion.py -> /home/vs/csc2207_project_ws/build/motion/build/lib/motion
[4.061s] running install
[4.071s] running install_lib
[4.072s] copying /home/vs/csc2207_project_ws/build/motion/build/lib/motion/motion.py -> /home/vs/csc2207_project_ws/install/motion/lib/python3.8/site-packages/motion
[4.078s] byte-compiling /home/vs/csc2207_project_ws/install/motion/lib/python3.8/site-packages/motion/motion.py to motion.cpython-38.pyc
[4.080s] running install_data
[4.081s] running install_egg_info
[4.091s] removing '/home/vs/csc2207_project_ws/install/motion/lib/python3.8/site-packages/motion-0.0.0-py3.8.egg-info' (and everything under it)
[4.094s] Copying ../../build/motion/motion.egg-info to /home/vs/csc2207_project_ws/install/motion/lib/python3.8/site-packages/motion-0.0.0-py3.8.egg-info
[4.119s] running install_scripts
[4.221s] Installing motion_node script to /home/vs/csc2207_project_ws/install/motion/lib/motion
[4.225s] writing list of installed files to '/home/vs/csc2207_project_ws/build/motion/install.log'
[4.317s] Invoked command in '/home/vs/csc2207_project_ws/src/motion' returned '0': PYTHONPATH=/home/vs/csc2207_project_ws/build/motion/prefix_override:/home/vs/csc2207_project_ws/install/motion/lib/python3.8/site-packages:${PYTHONPATH} /usr/bin/python3 setup.py egg_info --egg-base ../../build/motion build --build-base /home/vs/csc2207_project_ws/build/motion/build install --record /home/vs/csc2207_project_ws/build/motion/install.log --install-scripts $base/lib/motion --single-version-externally-managed
