[30.404s] Invoking command in '/home/vs/csc2207_project_ws/src/motion': PYTHONPATH=/home/vs/csc2207_project_ws/src/build/motion/prefix_override:/home/vs/csc2207_project_ws/src/install/motion/lib/python3.8/site-packages:${PYTHONPATH} /usr/bin/python3 setup.py egg_info --egg-base ../build/motion build --build-base /home/vs/csc2207_project_ws/src/build/motion/build install --record /home/vs/csc2207_project_ws/src/build/motion/install.log --install-scripts $base/lib/motion --single-version-externally-managed
[40.698s] running egg_info
[40.737s] writing ../build/motion/motion.egg-info/PKG-INFO
[40.740s] writing dependency_links to ../build/motion/motion.egg-info/dependency_links.txt
[40.887s] writing entry points to ../build/motion/motion.egg-info/entry_points.txt
[40.888s] writing requirements to ../build/motion/motion.egg-info/requires.txt
[40.888s] writing top-level names to ../build/motion/motion.egg-info/top_level.txt
[42.239s] reading manifest file '../build/motion/motion.egg-info/SOURCES.txt'
[42.275s] writing manifest file '../build/motion/motion.egg-info/SOURCES.txt'
[42.283s] running build
[42.283s] running build_py
[42.284s] running install
[42.345s] running install_lib
[42.399s] running install_data
[42.459s] running install_egg_info
[42.499s] removing '/home/vs/csc2207_project_ws/src/install/motion/lib/python3.8/site-packages/motion-0.0.0-py3.8.egg-info' (and everything under it)
[42.539s] Copying ../build/motion/motion.egg-info to /home/vs/csc2207_project_ws/src/install/motion/lib/python3.8/site-packages/motion-0.0.0-py3.8.egg-info
[42.610s] running install_scripts
[43.397s] Installing motion_node script to /home/vs/csc2207_project_ws/src/install/motion/lib/motion
[43.468s] writing list of installed files to '/home/vs/csc2207_project_ws/src/build/motion/install.log'
[44.480s] Invoked command in '/home/vs/csc2207_project_ws/src/motion' returned '0': PYTHONPATH=/home/vs/csc2207_project_ws/src/build/motion/prefix_override:/home/vs/csc2207_project_ws/src/install/motion/lib/python3.8/site-packages:${PYTHONPATH} /usr/bin/python3 setup.py egg_info --egg-base ../build/motion build --build-base /home/vs/csc2207_project_ws/src/build/motion/build install --record /home/vs/csc2207_project_ws/src/build/motion/install.log --install-scripts $base/lib/motion --single-version-externally-managed
