[3.061s] Invoking command in '/home/vs/csc2207_project_ws/src/motion': PYTHONPATH=/home/vs/csc2207_project_ws/build/motion/prefix_override:/home/vs/csc2207_project_ws/install/motion/lib/python3.8/site-packages:${PYTHONPATH} /usr/bin/python3 setup.py egg_info --egg-base ../../build/motion build --build-base /home/vs/csc2207_project_ws/build/motion/build install --record /home/vs/csc2207_project_ws/build/motion/install.log --install-scripts $base/lib/motion --single-version-externally-managed
[3.833s] running egg_info
[3.835s] writing ../../build/motion/motion.egg-info/PKG-INFO
[3.836s] writing dependency_links to ../../build/motion/motion.egg-info/dependency_links.txt
[3.839s] writing entry points to ../../build/motion/motion.egg-info/entry_points.txt
[3.840s] writing requirements to ../../build/motion/motion.egg-info/requires.txt
[3.840s] writing top-level names to ../../build/motion/motion.egg-info/top_level.txt
[3.974s] reading manifest file '../../build/motion/motion.egg-info/SOURCES.txt'
[3.977s] writing manifest file '../../build/motion/motion.egg-info/SOURCES.txt'
[3.978s] running build
[3.980s] running build_py
[3.982s] copying motion/motion.py -> /home/vs/csc2207_project_ws/build/motion/build/lib/motion
[3.982s] running install
[3.983s] running install_lib
[3.993s] copying /home/vs/csc2207_project_ws/build/motion/build/lib/motion/motion.py -> /home/vs/csc2207_project_ws/install/motion/lib/python3.8/site-packages/motion
[3.995s] byte-compiling /home/vs/csc2207_project_ws/install/motion/lib/python3.8/site-packages/motion/motion.py to motion.cpython-38.pyc
[4.015s] running install_data
[4.016s] running install_egg_info
[4.031s] removing '/home/vs/csc2207_project_ws/install/motion/lib/python3.8/site-packages/motion-0.0.0-py3.8.egg-info' (and everything under it)
[4.033s] Copying ../../build/motion/motion.egg-info to /home/vs/csc2207_project_ws/install/motion/lib/python3.8/site-packages/motion-0.0.0-py3.8.egg-info
[4.048s] running install_scripts
[4.129s] Installing motion_node script to /home/vs/csc2207_project_ws/install/motion/lib/motion
[4.132s] writing list of installed files to '/home/vs/csc2207_project_ws/build/motion/install.log'
[4.239s] Invoked command in '/home/vs/csc2207_project_ws/src/motion' returned '0': PYTHONPATH=/home/vs/csc2207_project_ws/build/motion/prefix_override:/home/vs/csc2207_project_ws/install/motion/lib/python3.8/site-packages:${PYTHONPATH} /usr/bin/python3 setup.py egg_info --egg-base ../../build/motion build --build-base /home/vs/csc2207_project_ws/build/motion/build install --record /home/vs/csc2207_project_ws/build/motion/install.log --install-scripts $base/lib/motion --single-version-externally-managed
