running egg_info
creating ../build/motion/motion.egg-info
writing ../build/motion/motion.egg-info/PKG-INFO
writing dependency_links to ../build/motion/motion.egg-info/dependency_links.txt
writing entry points to ../build/motion/motion.egg-info/entry_points.txt
writing requirements to ../build/motion/motion.egg-info/requires.txt
writing top-level names to ../build/motion/motion.egg-info/top_level.txt
writing manifest file '../build/motion/motion.egg-info/SOURCES.txt'
reading manifest file '../build/motion/motion.egg-info/SOURCES.txt'
writing manifest file '../build/motion/motion.egg-info/SOURCES.txt'
running build
running build_py
creating /home/vs/csc2207_project_ws/src/build/motion/build
creating /home/vs/csc2207_project_ws/src/build/motion/build/lib
creating /home/vs/csc2207_project_ws/src/build/motion/build/lib/motion
copying motion/__init__.py -> /home/vs/csc2207_project_ws/src/build/motion/build/lib/motion
copying motion/motion.py -> /home/vs/csc2207_project_ws/src/build/motion/build/lib/motion
running install
running install_lib
creating /home/vs/csc2207_project_ws/src/install/motion/lib/python3.8/site-packages/motion
copying /home/vs/csc2207_project_ws/src/build/motion/build/lib/motion/__init__.py -> /home/vs/csc2207_project_ws/src/install/motion/lib/python3.8/site-packages/motion
copying /home/vs/csc2207_project_ws/src/build/motion/build/lib/motion/motion.py -> /home/vs/csc2207_project_ws/src/install/motion/lib/python3.8/site-packages/motion
byte-compiling /home/vs/csc2207_project_ws/src/install/motion/lib/python3.8/site-packages/motion/__init__.py to __init__.cpython-38.pyc
byte-compiling /home/vs/csc2207_project_ws/src/install/motion/lib/python3.8/site-packages/motion/motion.py to motion.cpython-38.pyc
running install_data
creating /home/vs/csc2207_project_ws/src/install/motion/share/ament_index
creating /home/vs/csc2207_project_ws/src/install/motion/share/ament_index/resource_index
creating /home/vs/csc2207_project_ws/src/install/motion/share/ament_index/resource_index/packages
copying resource/motion -> /home/vs/csc2207_project_ws/src/install/motion/share/ament_index/resource_index/packages
copying package.xml -> /home/vs/csc2207_project_ws/src/install/motion/share/motion
running install_egg_info
Copying ../build/motion/motion.egg-info to /home/vs/csc2207_project_ws/src/install/motion/lib/python3.8/site-packages/motion-0.0.0-py3.8.egg-info
running install_scripts
Installing motion_node script to /home/vs/csc2207_project_ws/src/install/motion/lib/motion
writing list of installed files to '/home/vs/csc2207_project_ws/src/build/motion/install.log'
