[0.985s] Invoking command in '/home/vs/csc2207_project_ws/src/motion': PYTHONPATH=/home/vs/csc2207_project_ws/src/build/motion/prefix_override:/home/vs/csc2207_project_ws/src/install/motion/lib/python3.8/site-packages:${PYTHONPATH} /usr/bin/python3 setup.py egg_info --egg-base ../build/motion build --build-base /home/vs/csc2207_project_ws/src/build/motion/build install --record /home/vs/csc2207_project_ws/src/build/motion/install.log --install-scripts $base/lib/motion --single-version-externally-managed
[1.191s] running egg_info
[1.192s] creating ../build/motion/motion.egg-info
[1.192s] writing ../build/motion/motion.egg-info/PKG-INFO
[1.193s] writing dependency_links to ../build/motion/motion.egg-info/dependency_links.txt
[1.193s] writing entry points to ../build/motion/motion.egg-info/entry_points.txt
[1.194s] writing requirements to ../build/motion/motion.egg-info/requires.txt
[1.194s] writing top-level names to ../build/motion/motion.egg-info/top_level.txt
[1.203s] writing manifest file '../build/motion/motion.egg-info/SOURCES.txt'
[1.258s] reading manifest file '../build/motion/motion.egg-info/SOURCES.txt'
[1.259s] writing manifest file '../build/motion/motion.egg-info/SOURCES.txt'
[1.259s] running build
[1.260s] running build_py
[1.260s] creating /home/vs/csc2207_project_ws/src/build/motion/build
[1.260s] creating /home/vs/csc2207_project_ws/src/build/motion/build/lib
[1.261s] creating /home/vs/csc2207_project_ws/src/build/motion/build/lib/motion
[1.261s] copying motion/__init__.py -> /home/vs/csc2207_project_ws/src/build/motion/build/lib/motion
[1.261s] copying motion/motion.py -> /home/vs/csc2207_project_ws/src/build/motion/build/lib/motion
[1.263s] running install
[1.263s] running install_lib
[1.264s] creating /home/vs/csc2207_project_ws/src/install/motion/lib/python3.8/site-packages/motion
[1.264s] copying /home/vs/csc2207_project_ws/src/build/motion/build/lib/motion/__init__.py -> /home/vs/csc2207_project_ws/src/install/motion/lib/python3.8/site-packages/motion
[1.264s] copying /home/vs/csc2207_project_ws/src/build/motion/build/lib/motion/motion.py -> /home/vs/csc2207_project_ws/src/install/motion/lib/python3.8/site-packages/motion
[1.265s] byte-compiling /home/vs/csc2207_project_ws/src/install/motion/lib/python3.8/site-packages/motion/__init__.py to __init__.cpython-38.pyc
[1.267s] byte-compiling /home/vs/csc2207_project_ws/src/install/motion/lib/python3.8/site-packages/motion/motion.py to motion.cpython-38.pyc
[1.268s] running install_data
[1.269s] creating /home/vs/csc2207_project_ws/src/install/motion/share/ament_index
[1.270s] creating /home/vs/csc2207_project_ws/src/install/motion/share/ament_index/resource_index
[1.270s] creating /home/vs/csc2207_project_ws/src/install/motion/share/ament_index/resource_index/packages
[1.270s] copying resource/motion -> /home/vs/csc2207_project_ws/src/install/motion/share/ament_index/resource_index/packages
[1.270s] copying package.xml -> /home/vs/csc2207_project_ws/src/install/motion/share/motion
[1.271s] running install_egg_info
[1.272s] Copying ../build/motion/motion.egg-info to /home/vs/csc2207_project_ws/src/install/motion/lib/python3.8/site-packages/motion-0.0.0-py3.8.egg-info
[1.274s] running install_scripts
[1.296s] Installing motion_node script to /home/vs/csc2207_project_ws/src/install/motion/lib/motion
[1.297s] writing list of installed files to '/home/vs/csc2207_project_ws/src/build/motion/install.log'
[1.326s] Invoked command in '/home/vs/csc2207_project_ws/src/motion' returned '0': PYTHONPATH=/home/vs/csc2207_project_ws/src/build/motion/prefix_override:/home/vs/csc2207_project_ws/src/install/motion/lib/python3.8/site-packages:${PYTHONPATH} /usr/bin/python3 setup.py egg_info --egg-base ../build/motion build --build-base /home/vs/csc2207_project_ws/src/build/motion/build install --record /home/vs/csc2207_project_ws/src/build/motion/install.log --install-scripts $base/lib/motion --single-version-externally-managed
