[1.269s] Invoking command in '/home/vs/csc2207_project_ws/src/localization': PYTHONPATH=/home/vs/csc2207_project_ws/build/localization/prefix_override:/home/vs/csc2207_project_ws/install/localization/lib/python3.8/site-packages:${PYTHONPATH} /usr/bin/python3 setup.py egg_info --egg-base ../../build/localization build --build-base /home/vs/csc2207_project_ws/build/localization/build install --record /home/vs/csc2207_project_ws/build/localization/install.log --install-scripts $base/lib/localization --single-version-externally-managed
[1.752s] running egg_info
[1.753s] writing ../../build/localization/localization.egg-info/PKG-INFO
[1.754s] writing dependency_links to ../../build/localization/localization.egg-info/dependency_links.txt
[1.754s] writing entry points to ../../build/localization/localization.egg-info/entry_points.txt
[1.755s] writing requirements to ../../build/localization/localization.egg-info/requires.txt
[1.755s] writing top-level names to ../../build/localization/localization.egg-info/top_level.txt
[1.858s] reading manifest file '../../build/localization/localization.egg-info/SOURCES.txt'
[1.860s] writing manifest file '../../build/localization/localization.egg-info/SOURCES.txt'
[1.860s] running build
[1.861s] running build_py
[1.861s] copying localization/localization.py -> /home/vs/csc2207_project_ws/build/localization/build/lib/localization
[1.861s] running install
[1.863s] running install_lib
[1.867s] copying /home/vs/csc2207_project_ws/build/localization/build/lib/localization/localization.py -> /home/vs/csc2207_project_ws/install/localization/lib/python3.8/site-packages/localization
[1.867s] byte-compiling /home/vs/csc2207_project_ws/install/localization/lib/python3.8/site-packages/localization/localization.py to localization.cpython-38.pyc
[1.874s] running install_data
[1.875s] running install_egg_info
[1.878s] removing '/home/vs/csc2207_project_ws/install/localization/lib/python3.8/site-packages/localization-0.0.0-py3.8.egg-info' (and everything under it)
[1.878s] Copying ../../build/localization/localization.egg-info to /home/vs/csc2207_project_ws/install/localization/lib/python3.8/site-packages/localization-0.0.0-py3.8.egg-info
[1.881s] running install_scripts
[1.934s] Installing localization_node script to /home/vs/csc2207_project_ws/install/localization/lib/localization
[1.935s] writing list of installed files to '/home/vs/csc2207_project_ws/build/localization/install.log'
[1.984s] Invoked command in '/home/vs/csc2207_project_ws/src/localization' returned '0': PYTHONPATH=/home/vs/csc2207_project_ws/build/localization/prefix_override:/home/vs/csc2207_project_ws/install/localization/lib/python3.8/site-packages:${PYTHONPATH} /usr/bin/python3 setup.py egg_info --egg-base ../../build/localization build --build-base /home/vs/csc2207_project_ws/build/localization/build install --record /home/vs/csc2207_project_ws/build/localization/install.log --install-scripts $base/lib/localization --single-version-externally-managed
