[2.483s] Invoking command in '/home/vs/csc2207_project_ws/src/motion': PYTHONPATH=/home/vs/csc2207_project_ws/build/motion/prefix_override:/home/vs/csc2207_project_ws/install/motion/lib/python3.8/site-packages:${PYTHONPATH} /usr/bin/python3 setup.py egg_info --egg-base ../../build/motion build --build-base /home/vs/csc2207_project_ws/build/motion/build install --record /home/vs/csc2207_project_ws/build/motion/install.log --install-scripts $base/lib/motion --single-version-externally-managed
[3.169s] running egg_info
[3.170s] writing ../../build/motion/motion.egg-info/PKG-INFO
[3.171s] writing dependency_links to ../../build/motion/motion.egg-info/dependency_links.txt
[3.172s] writing entry points to ../../build/motion/motion.egg-info/entry_points.txt
[3.172s] writing requirements to ../../build/motion/motion.egg-info/requires.txt
[3.173s] writing top-level names to ../../build/motion/motion.egg-info/top_level.txt
[3.285s] reading manifest file '../../build/motion/motion.egg-info/SOURCES.txt'
[3.288s] writing manifest file '../../build/motion/motion.egg-info/SOURCES.txt'
[3.289s] running build
[3.289s] running build_py
[3.290s] running install
[3.292s] running install_lib
[3.295s] running install_data
[3.296s] running install_egg_info
[3.299s] removing '/home/vs/csc2207_project_ws/install/motion/lib/python3.8/site-packages/motion-0.0.0-py3.8.egg-info' (and everything under it)
[3.301s] Copying ../../build/motion/motion.egg-info to /home/vs/csc2207_project_ws/install/motion/lib/python3.8/site-packages/motion-0.0.0-py3.8.egg-info
[3.314s] running install_scripts
[3.367s] Installing motion_node script to /home/vs/csc2207_project_ws/install/motion/lib/motion
[3.368s] writing list of installed files to '/home/vs/csc2207_project_ws/build/motion/install.log'
[3.444s] Invoked command in '/home/vs/csc2207_project_ws/src/motion' returned '0': PYTHONPATH=/home/vs/csc2207_project_ws/build/motion/prefix_override:/home/vs/csc2207_project_ws/install/motion/lib/python3.8/site-packages:${PYTHONPATH} /usr/bin/python3 setup.py egg_info --egg-base ../../build/motion build --build-base /home/vs/csc2207_project_ws/build/motion/build install --record /home/vs/csc2207_project_ws/build/motion/install.log --install-scripts $base/lib/motion --single-version-externally-managed
