[6.138s] Invoking command in '/home/vs/csc2207_project_ws/src/localization': PYTHONPATH=/home/vs/csc2207_project_ws/build/localization/prefix_override:/home/vs/csc2207_project_ws/install/localization/lib/python3.8/site-packages:${PYTHONPATH} /usr/bin/python3 setup.py egg_info --egg-base ../../build/localization build --build-base /home/vs/csc2207_project_ws/build/localization/build install --record /home/vs/csc2207_project_ws/build/localization/install.log --install-scripts $base/lib/localization --single-version-externally-managed
[7.549s] running egg_info
[7.551s] writing ../../build/localization/localization.egg-info/PKG-INFO
[7.554s] writing dependency_links to ../../build/localization/localization.egg-info/dependency_links.txt
[7.562s] writing entry points to ../../build/localization/localization.egg-info/entry_points.txt
[7.566s] writing requirements to ../../build/localization/localization.egg-info/requires.txt
[7.569s] writing top-level names to ../../build/localization/localization.egg-info/top_level.txt
[7.804s] reading manifest file '../../build/localization/localization.egg-info/SOURCES.txt'
[7.830s] writing manifest file '../../build/localization/localization.egg-info/SOURCES.txt'
[7.831s] running build
[7.832s] running build_py
[7.833s] copying localization/localization.py -> /home/vs/csc2207_project_ws/build/localization/build/lib/localization
[7.834s] running install
[7.835s] running install_lib
[7.853s] copying /home/vs/csc2207_project_ws/build/localization/build/lib/localization/localization.py -> /home/vs/csc2207_project_ws/install/localization/lib/python3.8/site-packages/localization
[7.853s] byte-compiling /home/vs/csc2207_project_ws/install/localization/lib/python3.8/site-packages/localization/localization.py to localization.cpython-38.pyc
[7.860s] running install_data
[7.866s] running install_egg_info
[7.898s] removing '/home/vs/csc2207_project_ws/install/localization/lib/python3.8/site-packages/localization-0.0.0-py3.8.egg-info' (and everything under it)
[7.950s] Copying ../../build/localization/localization.egg-info to /home/vs/csc2207_project_ws/install/localization/lib/python3.8/site-packages/localization-0.0.0-py3.8.egg-info
[7.956s] running install_scripts
[8.179s] Installing localization_node script to /home/vs/csc2207_project_ws/install/localization/lib/localization
[8.200s] writing list of installed files to '/home/vs/csc2207_project_ws/build/localization/install.log'
[8.600s] Invoked command in '/home/vs/csc2207_project_ws/src/localization' returned '0': PYTHONPATH=/home/vs/csc2207_project_ws/build/localization/prefix_override:/home/vs/csc2207_project_ws/install/localization/lib/python3.8/site-packages:${PYTHONPATH} /usr/bin/python3 setup.py egg_info --egg-base ../../build/localization build --build-base /home/vs/csc2207_project_ws/build/localization/build install --record /home/vs/csc2207_project_ws/build/localization/install.log --install-scripts $base/lib/localization --single-version-externally-managed
