[1.174s] Invoking command in '/home/vs/csc2207_project_ws/src/motion': PYTHONPATH=/home/vs/csc2207_project_ws/src/build/motion/prefix_override:/home/vs/csc2207_project_ws/src/install/motion/lib/python3.8/site-packages:${PYTHONPATH} /usr/bin/python3 setup.py egg_info --egg-base ../build/motion build --build-base /home/vs/csc2207_project_ws/src/build/motion/build install --record /home/vs/csc2207_project_ws/src/build/motion/install.log --install-scripts $base/lib/motion --single-version-externally-managed
[1.551s] running egg_info
[1.552s] writing ../build/motion/motion.egg-info/PKG-INFO
[1.553s] writing dependency_links to ../build/motion/motion.egg-info/dependency_links.txt
[1.553s] writing entry points to ../build/motion/motion.egg-info/entry_points.txt
[1.553s] writing requirements to ../build/motion/motion.egg-info/requires.txt
[1.554s] writing top-level names to ../build/motion/motion.egg-info/top_level.txt
[1.611s] reading manifest file '../build/motion/motion.egg-info/SOURCES.txt'
[1.613s] writing manifest file '../build/motion/motion.egg-info/SOURCES.txt'
[1.613s] running build
[1.613s] running build_py
[1.613s] running install
[1.615s] running install_lib
[1.618s] running install_data
[1.619s] running install_egg_info
[1.623s] removing '/home/vs/csc2207_project_ws/src/install/motion/lib/python3.8/site-packages/motion-0.0.0-py3.8.egg-info' (and everything under it)
[1.624s] Copying ../build/motion/motion.egg-info to /home/vs/csc2207_project_ws/src/install/motion/lib/python3.8/site-packages/motion-0.0.0-py3.8.egg-info
[1.626s] running install_scripts
[1.656s] Installing motion_node script to /home/vs/csc2207_project_ws/src/install/motion/lib/motion
[1.656s] writing list of installed files to '/home/vs/csc2207_project_ws/src/build/motion/install.log'
[1.694s] Invoked command in '/home/vs/csc2207_project_ws/src/motion' returned '0': PYTHONPATH=/home/vs/csc2207_project_ws/src/build/motion/prefix_override:/home/vs/csc2207_project_ws/src/install/motion/lib/python3.8/site-packages:${PYTHONPATH} /usr/bin/python3 setup.py egg_info --egg-base ../build/motion build --build-base /home/vs/csc2207_project_ws/src/build/motion/build install --record /home/vs/csc2207_project_ws/src/build/motion/install.log --install-scripts $base/lib/motion --single-version-externally-managed
