[0.693s] Invoking command in '/home/vs/csc2207_project_ws/src/localization': PYTHONPATH=/home/vs/csc2207_project_ws/build/localization/prefix_override:/home/vs/csc2207_project_ws/install/localization/lib/python3.8/site-packages:${PYTHONPATH} /usr/bin/python3 setup.py egg_info --egg-base ../../build/localization build --build-base /home/vs/csc2207_project_ws/build/localization/build install --record /home/vs/csc2207_project_ws/build/localization/install.log --install-scripts $base/lib/localization --single-version-externally-managed
[0.894s] running egg_info
[0.894s] writing ../../build/localization/localization.egg-info/PKG-INFO
[0.895s] writing dependency_links to ../../build/localization/localization.egg-info/dependency_links.txt
[0.895s] writing entry points to ../../build/localization/localization.egg-info/entry_points.txt
[0.895s] writing requirements to ../../build/localization/localization.egg-info/requires.txt
[0.895s] writing top-level names to ../../build/localization/localization.egg-info/top_level.txt
[0.941s] reading manifest file '../../build/localization/localization.egg-info/SOURCES.txt'
[0.943s] writing manifest file '../../build/localization/localization.egg-info/SOURCES.txt'
[0.944s] running build
[0.944s] running build_py
[0.944s] running install
[0.946s] running install_lib
[0.948s] running install_data
[0.949s] running install_egg_info
[0.952s] removing '/home/vs/csc2207_project_ws/install/localization/lib/python3.8/site-packages/localization-0.0.0-py3.8.egg-info' (and everything under it)
[0.952s] Copying ../../build/localization/localization.egg-info to /home/vs/csc2207_project_ws/install/localization/lib/python3.8/site-packages/localization-0.0.0-py3.8.egg-info
[0.955s] running install_scripts
[0.973s] Installing localization_node script to /home/vs/csc2207_project_ws/install/localization/lib/localization
[0.973s] writing list of installed files to '/home/vs/csc2207_project_ws/build/localization/install.log'
[1.000s] Invoked command in '/home/vs/csc2207_project_ws/src/localization' returned '0': PYTHONPATH=/home/vs/csc2207_project_ws/build/localization/prefix_override:/home/vs/csc2207_project_ws/install/localization/lib/python3.8/site-packages:${PYTHONPATH} /usr/bin/python3 setup.py egg_info --egg-base ../../build/localization build --build-base /home/vs/csc2207_project_ws/build/localization/build install --record /home/vs/csc2207_project_ws/build/localization/install.log --install-scripts $base/lib/localization --single-version-externally-managed
