[1.489s] Invoking command in '/home/vs/csc2207_project_ws/src/localization': PYTHONPATH=/home/vs/csc2207_project_ws/src/build/localization/prefix_override:/home/vs/csc2207_project_ws/src/install/localization/lib/python3.8/site-packages:${PYTHONPATH} /usr/bin/python3 setup.py egg_info --egg-base ../build/localization build --build-base /home/vs/csc2207_project_ws/src/build/localization/build install --record /home/vs/csc2207_project_ws/src/build/localization/install.log --install-scripts $base/lib/localization --single-version-externally-managed
[1.976s] running egg_info
[1.977s] writing ../build/localization/localization.egg-info/PKG-INFO
[1.977s] writing dependency_links to ../build/localization/localization.egg-info/dependency_links.txt
[1.977s] writing entry points to ../build/localization/localization.egg-info/entry_points.txt
[1.978s] writing requirements to ../build/localization/localization.egg-info/requires.txt
[1.978s] writing top-level names to ../build/localization/localization.egg-info/top_level.txt
[2.079s] reading manifest file '../build/localization/localization.egg-info/SOURCES.txt'
[2.080s] writing manifest file '../build/localization/localization.egg-info/SOURCES.txt'
[2.081s] running build
[2.081s] running build_py
[2.081s] copying localization/localization.py -> /home/vs/csc2207_project_ws/src/build/localization/build/lib/localization
[2.081s] running install
[2.085s] running install_lib
[2.088s] copying /home/vs/csc2207_project_ws/src/build/localization/build/lib/localization/localization.py -> /home/vs/csc2207_project_ws/src/install/localization/lib/python3.8/site-packages/localization
[2.089s] byte-compiling /home/vs/csc2207_project_ws/src/install/localization/lib/python3.8/site-packages/localization/localization.py to localization.cpython-38.pyc
[2.096s] running install_data
[2.097s] running install_egg_info
[2.098s] removing '/home/vs/csc2207_project_ws/src/install/localization/lib/python3.8/site-packages/localization-0.0.0-py3.8.egg-info' (and everything under it)
[2.099s] Copying ../build/localization/localization.egg-info to /home/vs/csc2207_project_ws/src/install/localization/lib/python3.8/site-packages/localization-0.0.0-py3.8.egg-info
[2.102s] running install_scripts
[2.159s] Installing localization_node script to /home/vs/csc2207_project_ws/src/install/localization/lib/localization
[2.162s] writing list of installed files to '/home/vs/csc2207_project_ws/src/build/localization/install.log'
[2.230s] Invoked command in '/home/vs/csc2207_project_ws/src/localization' returned '0': PYTHONPATH=/home/vs/csc2207_project_ws/src/build/localization/prefix_override:/home/vs/csc2207_project_ws/src/install/localization/lib/python3.8/site-packages:${PYTHONPATH} /usr/bin/python3 setup.py egg_info --egg-base ../build/localization build --build-base /home/vs/csc2207_project_ws/src/build/localization/build install --record /home/vs/csc2207_project_ws/src/build/localization/install.log --install-scripts $base/lib/localization --single-version-externally-managed
