[0.858s] Invoking command in '/home/vs/csc2207_project_ws/src/warehouse_robot_spawner_pkg': PYTHONPATH=/home/vs/csc2207_project_ws/build/warehouse_robot_spawner_pkg/prefix_override:/home/vs/csc2207_project_ws/install/warehouse_robot_spawner_pkg/lib/python3.8/site-packages:${PYTHONPATH} /usr/bin/python3 setup.py egg_info --egg-base ../../build/warehouse_robot_spawner_pkg build --build-base /home/vs/csc2207_project_ws/build/warehouse_robot_spawner_pkg/build install --record /home/vs/csc2207_project_ws/build/warehouse_robot_spawner_pkg/install.log --install-scripts $base/lib/warehouse_robot_spawner_pkg --single-version-externally-managed
[1.042s] running egg_info
[1.043s] writing ../../build/warehouse_robot_spawner_pkg/warehouse_robot_spawner_pkg.egg-info/PKG-INFO
[1.043s] writing dependency_links to ../../build/warehouse_robot_spawner_pkg/warehouse_robot_spawner_pkg.egg-info/dependency_links.txt
[1.044s] writing entry points to ../../build/warehouse_robot_spawner_pkg/warehouse_robot_spawner_pkg.egg-info/entry_points.txt
[1.044s] writing requirements to ../../build/warehouse_robot_spawner_pkg/warehouse_robot_spawner_pkg.egg-info/requires.txt
[1.044s] writing top-level names to ../../build/warehouse_robot_spawner_pkg/warehouse_robot_spawner_pkg.egg-info/top_level.txt
[1.074s] reading manifest file '../../build/warehouse_robot_spawner_pkg/warehouse_robot_spawner_pkg.egg-info/SOURCES.txt'
[1.075s] writing manifest file '../../build/warehouse_robot_spawner_pkg/warehouse_robot_spawner_pkg.egg-info/SOURCES.txt'
[1.075s] running build
[1.075s] running build_py
[1.075s] copying warehouse_robot_spawner_pkg/spawn_demo.py -> /home/vs/csc2207_project_ws/build/warehouse_robot_spawner_pkg/build/lib/warehouse_robot_spawner_pkg
[1.076s] running install
[1.077s] running install_lib
[1.078s] copying /home/vs/csc2207_project_ws/build/warehouse_robot_spawner_pkg/build/lib/warehouse_robot_spawner_pkg/spawn_demo.py -> /home/vs/csc2207_project_ws/install/warehouse_robot_spawner_pkg/lib/python3.8/site-packages/warehouse_robot_spawner_pkg
[1.079s] byte-compiling /home/vs/csc2207_project_ws/install/warehouse_robot_spawner_pkg/lib/python3.8/site-packages/warehouse_robot_spawner_pkg/spawn_demo.py to spawn_demo.cpython-38.pyc
[1.081s] running install_data
[1.081s] copying package.xml -> /home/vs/csc2207_project_ws/install/warehouse_robot_spawner_pkg/share/warehouse_robot_spawner_pkg
[1.082s] running install_egg_info
[1.083s] removing '/home/vs/csc2207_project_ws/install/warehouse_robot_spawner_pkg/lib/python3.8/site-packages/warehouse_robot_spawner_pkg-0.0.0-py3.8.egg-info' (and everything under it)
[1.085s] Copying ../../build/warehouse_robot_spawner_pkg/warehouse_robot_spawner_pkg.egg-info to /home/vs/csc2207_project_ws/install/warehouse_robot_spawner_pkg/lib/python3.8/site-packages/warehouse_robot_spawner_pkg-0.0.0-py3.8.egg-info
[1.086s] running install_scripts
[1.101s] Installing spawn_demo script to /home/vs/csc2207_project_ws/install/warehouse_robot_spawner_pkg/lib/warehouse_robot_spawner_pkg
[1.102s] writing list of installed files to '/home/vs/csc2207_project_ws/build/warehouse_robot_spawner_pkg/install.log'
[1.129s] Invoked command in '/home/vs/csc2207_project_ws/src/warehouse_robot_spawner_pkg' returned '0': PYTHONPATH=/home/vs/csc2207_project_ws/build/warehouse_robot_spawner_pkg/prefix_override:/home/vs/csc2207_project_ws/install/warehouse_robot_spawner_pkg/lib/python3.8/site-packages:${PYTHONPATH} /usr/bin/python3 setup.py egg_info --egg-base ../../build/warehouse_robot_spawner_pkg build --build-base /home/vs/csc2207_project_ws/build/warehouse_robot_spawner_pkg/build install --record /home/vs/csc2207_project_ws/build/warehouse_robot_spawner_pkg/install.log --install-scripts $base/lib/warehouse_robot_spawner_pkg --single-version-externally-managed
