[1.231s] Invoking command in '/home/vs/csc2207_project_ws/src/localization': PYTHONPATH=/home/vs/csc2207_project_ws/build/localization/prefix_override:/home/vs/csc2207_project_ws/install/localization/lib/python3.8/site-packages:${PYTHONPATH} /usr/bin/python3 setup.py egg_info --egg-base ../../build/localization build --build-base /home/vs/csc2207_project_ws/build/localization/build install --record /home/vs/csc2207_project_ws/build/localization/install.log --install-scripts $base/lib/localization --single-version-externally-managed
[1.648s] running egg_info
[1.649s] writing ../../build/localization/localization.egg-info/PKG-INFO
[1.650s] writing dependency_links to ../../build/localization/localization.egg-info/dependency_links.txt
[1.651s] writing entry points to ../../build/localization/localization.egg-info/entry_points.txt
[1.651s] writing requirements to ../../build/localization/localization.egg-info/requires.txt
[1.651s] writing top-level names to ../../build/localization/localization.egg-info/top_level.txt
[1.731s] reading manifest file '../../build/localization/localization.egg-info/SOURCES.txt'
[1.733s] writing manifest file '../../build/localization/localization.egg-info/SOURCES.txt'
[1.733s] running build
[1.734s] running build_py
[1.734s] copying localization/localization.py -> /home/vs/csc2207_project_ws/build/localization/build/lib/localization
[1.735s] running install
[1.738s] running install_lib
[1.741s] copying /home/vs/csc2207_project_ws/build/localization/build/lib/localization/localization.py -> /home/vs/csc2207_project_ws/install/localization/lib/python3.8/site-packages/localization
[1.742s] byte-compiling /home/vs/csc2207_project_ws/install/localization/lib/python3.8/site-packages/localization/localization.py to localization.cpython-38.pyc
[1.748s] running install_data
[1.749s] running install_egg_info
[1.754s] removing '/home/vs/csc2207_project_ws/install/localization/lib/python3.8/site-packages/localization-0.0.0-py3.8.egg-info' (and everything under it)
[1.755s] Copying ../../build/localization/localization.egg-info to /home/vs/csc2207_project_ws/install/localization/lib/python3.8/site-packages/localization-0.0.0-py3.8.egg-info
[1.759s] running install_scripts
[1.807s] Installing localization_node script to /home/vs/csc2207_project_ws/install/localization/lib/localization
[1.808s] writing list of installed files to '/home/vs/csc2207_project_ws/build/localization/install.log'
[1.866s] Invoked command in '/home/vs/csc2207_project_ws/src/localization' returned '0': PYTHONPATH=/home/vs/csc2207_project_ws/build/localization/prefix_override:/home/vs/csc2207_project_ws/install/localization/lib/python3.8/site-packages:${PYTHONPATH} /usr/bin/python3 setup.py egg_info --egg-base ../../build/localization build --build-base /home/vs/csc2207_project_ws/build/localization/build install --record /home/vs/csc2207_project_ws/build/localization/install.log --install-scripts $base/lib/localization --single-version-externally-managed
