[16.484s] Invoking command in '/home/vs/csc2207_project_ws/src/localization': PYTHONPATH=/home/vs/csc2207_project_ws/build/localization/prefix_override:/home/vs/csc2207_project_ws/install/localization/lib/python3.8/site-packages:${PYTHONPATH} /usr/bin/python3 setup.py egg_info --egg-base ../../build/localization build --build-base /home/vs/csc2207_project_ws/build/localization/build install --record /home/vs/csc2207_project_ws/build/localization/install.log --install-scripts $base/lib/localization --single-version-externally-managed
[21.127s] running egg_info
[21.138s] writing ../../build/localization/localization.egg-info/PKG-INFO
[21.153s] writing dependency_links to ../../build/localization/localization.egg-info/dependency_links.txt
[21.154s] writing entry points to ../../build/localization/localization.egg-info/entry_points.txt
[21.154s] writing requirements to ../../build/localization/localization.egg-info/requires.txt
[21.155s] writing top-level names to ../../build/localization/localization.egg-info/top_level.txt
[21.380s] reading manifest file '../../build/localization/localization.egg-info/SOURCES.txt'
[21.386s] writing manifest file '../../build/localization/localization.egg-info/SOURCES.txt'
[21.389s] running build
[21.392s] running build_py
[21.400s] copying localization/localization.py -> /home/vs/csc2207_project_ws/build/localization/build/lib/localization
[21.412s] running install
[21.449s] running install_lib
[21.482s] copying /home/vs/csc2207_project_ws/build/localization/build/lib/localization/localization.py -> /home/vs/csc2207_project_ws/install/localization/lib/python3.8/site-packages/localization
[21.490s] byte-compiling /home/vs/csc2207_project_ws/install/localization/lib/python3.8/site-packages/localization/localization.py to localization.cpython-38.pyc
[21.509s] running install_data
[21.514s] running install_egg_info
[21.530s] removing '/home/vs/csc2207_project_ws/install/localization/lib/python3.8/site-packages/localization-0.0.0-py3.8.egg-info' (and everything under it)
[21.566s] Copying ../../build/localization/localization.egg-info to /home/vs/csc2207_project_ws/install/localization/lib/python3.8/site-packages/localization-0.0.0-py3.8.egg-info
[21.612s] running install_scripts
[21.839s] Installing localization_node script to /home/vs/csc2207_project_ws/install/localization/lib/localization
[21.906s] writing list of installed files to '/home/vs/csc2207_project_ws/build/localization/install.log'
[22.335s] Invoked command in '/home/vs/csc2207_project_ws/src/localization' returned '0': PYTHONPATH=/home/vs/csc2207_project_ws/build/localization/prefix_override:/home/vs/csc2207_project_ws/install/localization/lib/python3.8/site-packages:${PYTHONPATH} /usr/bin/python3 setup.py egg_info --egg-base ../../build/localization build --build-base /home/vs/csc2207_project_ws/build/localization/build install --record /home/vs/csc2207_project_ws/build/localization/install.log --install-scripts $base/lib/localization --single-version-externally-managed
