[2.383s] Invoking command in '/home/vs/csc2207_project_ws/src/localization': PYTHONPATH=/home/vs/csc2207_project_ws/build/localization/prefix_override:/home/vs/csc2207_project_ws/install/localization/lib/python3.8/site-packages:${PYTHONPATH} /usr/bin/python3 setup.py egg_info --egg-base ../../build/localization build --build-base /home/vs/csc2207_project_ws/build/localization/build install --record /home/vs/csc2207_project_ws/build/localization/install.log --install-scripts $base/lib/localization --single-version-externally-managed
[3.292s] running egg_info
[3.293s] writing ../../build/localization/localization.egg-info/PKG-INFO
[3.294s] writing dependency_links to ../../build/localization/localization.egg-info/dependency_links.txt
[3.295s] writing entry points to ../../build/localization/localization.egg-info/entry_points.txt
[3.295s] writing requirements to ../../build/localization/localization.egg-info/requires.txt
[3.295s] writing top-level names to ../../build/localization/localization.egg-info/top_level.txt
[3.391s] reading manifest file '../../build/localization/localization.egg-info/SOURCES.txt'
[3.397s] writing manifest file '../../build/localization/localization.egg-info/SOURCES.txt'
[3.397s] running build
[3.397s] running build_py
[3.398s] copying localization/localization.py -> /home/vs/csc2207_project_ws/build/localization/build/lib/localization
[3.398s] running install
[3.398s] running install_lib
[3.400s] copying /home/vs/csc2207_project_ws/build/localization/build/lib/localization/localization.py -> /home/vs/csc2207_project_ws/install/localization/lib/python3.8/site-packages/localization
[3.402s] byte-compiling /home/vs/csc2207_project_ws/install/localization/lib/python3.8/site-packages/localization/localization.py to localization.cpython-38.pyc
[3.408s] running install_data
[3.410s] running install_egg_info
[3.414s] removing '/home/vs/csc2207_project_ws/install/localization/lib/python3.8/site-packages/localization-0.0.0-py3.8.egg-info' (and everything under it)
[3.416s] Copying ../../build/localization/localization.egg-info to /home/vs/csc2207_project_ws/install/localization/lib/python3.8/site-packages/localization-0.0.0-py3.8.egg-info
[3.424s] running install_scripts
[3.475s] Installing localization_node script to /home/vs/csc2207_project_ws/install/localization/lib/localization
[3.477s] writing list of installed files to '/home/vs/csc2207_project_ws/build/localization/install.log'
[3.544s] Invoked command in '/home/vs/csc2207_project_ws/src/localization' returned '0': PYTHONPATH=/home/vs/csc2207_project_ws/build/localization/prefix_override:/home/vs/csc2207_project_ws/install/localization/lib/python3.8/site-packages:${PYTHONPATH} /usr/bin/python3 setup.py egg_info --egg-base ../../build/localization build --build-base /home/vs/csc2207_project_ws/build/localization/build install --record /home/vs/csc2207_project_ws/build/localization/install.log --install-scripts $base/lib/localization --single-version-externally-managed
