[15.167s] Invoking command in '/home/vs/csc2207_project_ws/src/motion': PYTHONPATH=/home/vs/csc2207_project_ws/build/motion/prefix_override:/home/vs/csc2207_project_ws/install/motion/lib/python3.8/site-packages:${PYTHONPATH} /usr/bin/python3 setup.py egg_info --egg-base ../../build/motion build --build-base /home/vs/csc2207_project_ws/build/motion/build install --record /home/vs/csc2207_project_ws/build/motion/install.log --install-scripts $base/lib/motion --single-version-externally-managed
[19.955s] running egg_info
[19.958s] writing ../../build/motion/motion.egg-info/PKG-INFO
[19.958s] writing dependency_links to ../../build/motion/motion.egg-info/dependency_links.txt
[19.969s] writing entry points to ../../build/motion/motion.egg-info/entry_points.txt
[19.970s] writing requirements to ../../build/motion/motion.egg-info/requires.txt
[19.970s] writing top-level names to ../../build/motion/motion.egg-info/top_level.txt
[20.630s] reading manifest file '../../build/motion/motion.egg-info/SOURCES.txt'
[20.635s] writing manifest file '../../build/motion/motion.egg-info/SOURCES.txt'
[20.635s] running build
[20.635s] running build_py
[20.673s] copying motion/motion.py -> /home/vs/csc2207_project_ws/build/motion/build/lib/motion
[20.689s] running install
[20.689s] running install_lib
[20.730s] copying /home/vs/csc2207_project_ws/build/motion/build/lib/motion/motion.py -> /home/vs/csc2207_project_ws/install/motion/lib/python3.8/site-packages/motion
[20.745s] byte-compiling /home/vs/csc2207_project_ws/install/motion/lib/python3.8/site-packages/motion/motion.py to motion.cpython-38.pyc
[20.780s] running install_data
[20.783s] running install_egg_info
[20.812s] removing '/home/vs/csc2207_project_ws/install/motion/lib/python3.8/site-packages/motion-0.0.0-py3.8.egg-info' (and everything under it)
[20.814s] Copying ../../build/motion/motion.egg-info to /home/vs/csc2207_project_ws/install/motion/lib/python3.8/site-packages/motion-0.0.0-py3.8.egg-info
[20.838s] running install_scripts
[21.228s] Installing motion_node script to /home/vs/csc2207_project_ws/install/motion/lib/motion
[21.229s] writing list of installed files to '/home/vs/csc2207_project_ws/build/motion/install.log'
[21.800s] Invoked command in '/home/vs/csc2207_project_ws/src/motion' returned '0': PYTHONPATH=/home/vs/csc2207_project_ws/build/motion/prefix_override:/home/vs/csc2207_project_ws/install/motion/lib/python3.8/site-packages:${PYTHONPATH} /usr/bin/python3 setup.py egg_info --egg-base ../../build/motion build --build-base /home/vs/csc2207_project_ws/build/motion/build install --record /home/vs/csc2207_project_ws/build/motion/install.log --install-scripts $base/lib/motion --single-version-externally-managed
