[17.754s] Invoking command in '/home/vs/csc2207_project_ws/src/localization': PYTHONPATH=/home/vs/csc2207_project_ws/build/localization/prefix_override:/home/vs/csc2207_project_ws/install/localization/lib/python3.8/site-packages:${PYTHONPATH} /usr/bin/python3 setup.py egg_info --egg-base ../../build/localization build --build-base /home/vs/csc2207_project_ws/build/localization/build install --record /home/vs/csc2207_project_ws/build/localization/install.log --install-scripts $base/lib/localization --single-version-externally-managed
[19.884s] running egg_info
[19.914s] writing ../../build/localization/localization.egg-info/PKG-INFO
[19.915s] writing dependency_links to ../../build/localization/localization.egg-info/dependency_links.txt
[19.915s] writing entry points to ../../build/localization/localization.egg-info/entry_points.txt
[19.915s] writing requirements to ../../build/localization/localization.egg-info/requires.txt
[19.915s] writing top-level names to ../../build/localization/localization.egg-info/top_level.txt
[20.614s] reading manifest file '../../build/localization/localization.egg-info/SOURCES.txt'
[20.664s] writing manifest file '../../build/localization/localization.egg-info/SOURCES.txt'
[20.676s] running build
[20.686s] running build_py
[20.701s] copying localization/localization.py -> /home/vs/csc2207_project_ws/build/localization/build/lib/localization
[20.734s] running install
[20.745s] running install_lib
[20.780s] copying /home/vs/csc2207_project_ws/build/localization/build/lib/localization/localization.py -> /home/vs/csc2207_project_ws/install/localization/lib/python3.8/site-packages/localization
[20.815s] byte-compiling /home/vs/csc2207_project_ws/install/localization/lib/python3.8/site-packages/localization/localization.py to localization.cpython-38.pyc
[20.873s] running install_data
[20.926s] running install_egg_info
[20.948s] removing '/home/vs/csc2207_project_ws/install/localization/lib/python3.8/site-packages/localization-0.0.0-py3.8.egg-info' (and everything under it)
[20.971s] Copying ../../build/localization/localization.egg-info to /home/vs/csc2207_project_ws/install/localization/lib/python3.8/site-packages/localization-0.0.0-py3.8.egg-info
[21.029s] running install_scripts
[21.618s] Installing localization_node script to /home/vs/csc2207_project_ws/install/localization/lib/localization
[21.651s] writing list of installed files to '/home/vs/csc2207_project_ws/build/localization/install.log'
[22.160s] Invoked command in '/home/vs/csc2207_project_ws/src/localization' returned '0': PYTHONPATH=/home/vs/csc2207_project_ws/build/localization/prefix_override:/home/vs/csc2207_project_ws/install/localization/lib/python3.8/site-packages:${PYTHONPATH} /usr/bin/python3 setup.py egg_info --egg-base ../../build/localization build --build-base /home/vs/csc2207_project_ws/build/localization/build install --record /home/vs/csc2207_project_ws/build/localization/install.log --install-scripts $base/lib/localization --single-version-externally-managed
