[2.307s] Invoking command in '/home/vs/csc2207_project_ws/src/motion': PYTHONPATH=/home/vs/csc2207_project_ws/build/motion/prefix_override:/home/vs/csc2207_project_ws/install/motion/lib/python3.8/site-packages:${PYTHONPATH} /usr/bin/python3 setup.py egg_info --egg-base ../../build/motion build --build-base /home/vs/csc2207_project_ws/build/motion/build install --record /home/vs/csc2207_project_ws/build/motion/install.log --install-scripts $base/lib/motion --single-version-externally-managed
[3.052s] running egg_info
[3.053s] writing ../../build/motion/motion.egg-info/PKG-INFO
[3.054s] writing dependency_links to ../../build/motion/motion.egg-info/dependency_links.txt
[3.054s] writing entry points to ../../build/motion/motion.egg-info/entry_points.txt
[3.055s] writing requirements to ../../build/motion/motion.egg-info/requires.txt
[3.055s] writing top-level names to ../../build/motion/motion.egg-info/top_level.txt
[3.166s] reading manifest file '../../build/motion/motion.egg-info/SOURCES.txt'
[3.168s] writing manifest file '../../build/motion/motion.egg-info/SOURCES.txt'
[3.168s] running build
[3.169s] running build_py
[3.169s] copying motion/motion.py -> /home/vs/csc2207_project_ws/build/motion/build/lib/motion
[3.170s] running install
[3.174s] running install_lib
[3.176s] copying /home/vs/csc2207_project_ws/build/motion/build/lib/motion/motion.py -> /home/vs/csc2207_project_ws/install/motion/lib/python3.8/site-packages/motion
[3.178s] byte-compiling /home/vs/csc2207_project_ws/install/motion/lib/python3.8/site-packages/motion/motion.py to motion.cpython-38.pyc
[3.183s] running install_data
[3.184s] running install_egg_info
[3.188s] removing '/home/vs/csc2207_project_ws/install/motion/lib/python3.8/site-packages/motion-0.0.0-py3.8.egg-info' (and everything under it)
[3.190s] Copying ../../build/motion/motion.egg-info to /home/vs/csc2207_project_ws/install/motion/lib/python3.8/site-packages/motion-0.0.0-py3.8.egg-info
[3.196s] running install_scripts
[3.264s] Installing motion_node script to /home/vs/csc2207_project_ws/install/motion/lib/motion
[3.266s] writing list of installed files to '/home/vs/csc2207_project_ws/build/motion/install.log'
[3.323s] Invoked command in '/home/vs/csc2207_project_ws/src/motion' returned '0': PYTHONPATH=/home/vs/csc2207_project_ws/build/motion/prefix_override:/home/vs/csc2207_project_ws/install/motion/lib/python3.8/site-packages:${PYTHONPATH} /usr/bin/python3 setup.py egg_info --egg-base ../../build/motion build --build-base /home/vs/csc2207_project_ws/build/motion/build install --record /home/vs/csc2207_project_ws/build/motion/install.log --install-scripts $base/lib/motion --single-version-externally-managed
