[5.375s] Invoking command in '/home/vs/csc2207_project_ws/src/localization': PYTHONPATH=/home/vs/csc2207_project_ws/build/localization/prefix_override:/home/vs/csc2207_project_ws/install/localization/lib/python3.8/site-packages:${PYTHONPATH} /usr/bin/python3 setup.py egg_info --egg-base ../../build/localization build --build-base /home/vs/csc2207_project_ws/build/localization/build install --record /home/vs/csc2207_project_ws/build/localization/install.log --install-scripts $base/lib/localization --single-version-externally-managed
[6.966s] running egg_info
[6.968s] writing ../../build/localization/localization.egg-info/PKG-INFO
[7.001s] writing dependency_links to ../../build/localization/localization.egg-info/dependency_links.txt
[7.002s] writing entry points to ../../build/localization/localization.egg-info/entry_points.txt
[7.004s] writing requirements to ../../build/localization/localization.egg-info/requires.txt
[7.004s] writing top-level names to ../../build/localization/localization.egg-info/top_level.txt
[7.389s] reading manifest file '../../build/localization/localization.egg-info/SOURCES.txt'
[7.397s] writing manifest file '../../build/localization/localization.egg-info/SOURCES.txt'
[7.400s] running build
[7.402s] running build_py
[7.405s] copying localization/localization.py -> /home/vs/csc2207_project_ws/build/localization/build/lib/localization
[7.409s] running install
[7.414s] running install_lib
[7.420s] copying /home/vs/csc2207_project_ws/build/localization/build/lib/localization/localization.py -> /home/vs/csc2207_project_ws/install/localization/lib/python3.8/site-packages/localization
[7.427s] byte-compiling /home/vs/csc2207_project_ws/install/localization/lib/python3.8/site-packages/localization/localization.py to localization.cpython-38.pyc
[7.450s] running install_data
[7.456s] running install_egg_info
[7.471s] removing '/home/vs/csc2207_project_ws/install/localization/lib/python3.8/site-packages/localization-0.0.0-py3.8.egg-info' (and everything under it)
[7.486s] Copying ../../build/localization/localization.egg-info to /home/vs/csc2207_project_ws/install/localization/lib/python3.8/site-packages/localization-0.0.0-py3.8.egg-info
[7.539s] running install_scripts
[7.745s] Installing localization_node script to /home/vs/csc2207_project_ws/install/localization/lib/localization
[7.746s] writing list of installed files to '/home/vs/csc2207_project_ws/build/localization/install.log'
[8.021s] Invoked command in '/home/vs/csc2207_project_ws/src/localization' returned '0': PYTHONPATH=/home/vs/csc2207_project_ws/build/localization/prefix_override:/home/vs/csc2207_project_ws/install/localization/lib/python3.8/site-packages:${PYTHONPATH} /usr/bin/python3 setup.py egg_info --egg-base ../../build/localization build --build-base /home/vs/csc2207_project_ws/build/localization/build install --record /home/vs/csc2207_project_ws/build/localization/install.log --install-scripts $base/lib/localization --single-version-externally-managed
