[0.741s] Invoking command in '/home/vs/csc2207_project_ws/src/motion': PYTHONPATH=/home/vs/csc2207_project_ws/build/motion/prefix_override:/home/vs/csc2207_project_ws/install/motion/lib/python3.8/site-packages:${PYTHONPATH} /usr/bin/python3 setup.py egg_info --egg-base ../../build/motion build --build-base /home/vs/csc2207_project_ws/build/motion/build install --record /home/vs/csc2207_project_ws/build/motion/install.log --install-scripts $base/lib/motion --single-version-externally-managed
[0.935s] running egg_info
[0.936s] creating ../../build/motion/motion.egg-info
[0.936s] writing ../../build/motion/motion.egg-info/PKG-INFO
[0.938s] writing dependency_links to ../../build/motion/motion.egg-info/dependency_links.txt
[0.938s] writing entry points to ../../build/motion/motion.egg-info/entry_points.txt
[0.939s] writing requirements to ../../build/motion/motion.egg-info/requires.txt
[0.939s] writing top-level names to ../../build/motion/motion.egg-info/top_level.txt
[0.941s] writing manifest file '../../build/motion/motion.egg-info/SOURCES.txt'
[0.975s] reading manifest file '../../build/motion/motion.egg-info/SOURCES.txt'
[0.976s] writing manifest file '../../build/motion/motion.egg-info/SOURCES.txt'
[0.976s] running build
[0.976s] running build_py
[0.976s] creating /home/vs/csc2207_project_ws/build/motion/build
[0.977s] creating /home/vs/csc2207_project_ws/build/motion/build/lib
[0.977s] creating /home/vs/csc2207_project_ws/build/motion/build/lib/motion
[0.978s] copying motion/__init__.py -> /home/vs/csc2207_project_ws/build/motion/build/lib/motion
[0.978s] copying motion/motion.py -> /home/vs/csc2207_project_ws/build/motion/build/lib/motion
[0.979s] running install
[0.980s] running install_lib
[0.982s] creating /home/vs/csc2207_project_ws/install/motion/lib/python3.8/site-packages/motion
[0.983s] copying /home/vs/csc2207_project_ws/build/motion/build/lib/motion/__init__.py -> /home/vs/csc2207_project_ws/install/motion/lib/python3.8/site-packages/motion
[0.983s] copying /home/vs/csc2207_project_ws/build/motion/build/lib/motion/motion.py -> /home/vs/csc2207_project_ws/install/motion/lib/python3.8/site-packages/motion
[0.984s] byte-compiling /home/vs/csc2207_project_ws/install/motion/lib/python3.8/site-packages/motion/__init__.py to __init__.cpython-38.pyc
[0.986s] byte-compiling /home/vs/csc2207_project_ws/install/motion/lib/python3.8/site-packages/motion/motion.py to motion.cpython-38.pyc
[0.986s] running install_data
[0.987s] creating /home/vs/csc2207_project_ws/install/motion/share/ament_index
[0.987s] creating /home/vs/csc2207_project_ws/install/motion/share/ament_index/resource_index
[0.987s] creating /home/vs/csc2207_project_ws/install/motion/share/ament_index/resource_index/packages
[0.988s] copying resource/motion -> /home/vs/csc2207_project_ws/install/motion/share/ament_index/resource_index/packages
[0.988s] copying package.xml -> /home/vs/csc2207_project_ws/install/motion/share/motion
[0.989s] running install_egg_info
[0.990s] Copying ../../build/motion/motion.egg-info to /home/vs/csc2207_project_ws/install/motion/lib/python3.8/site-packages/motion-0.0.0-py3.8.egg-info
[0.994s] running install_scripts
[1.012s] writing list of installed files to '/home/vs/csc2207_project_ws/build/motion/install.log'
[1.035s] Invoked command in '/home/vs/csc2207_project_ws/src/motion' returned '0': PYTHONPATH=/home/vs/csc2207_project_ws/build/motion/prefix_override:/home/vs/csc2207_project_ws/install/motion/lib/python3.8/site-packages:${PYTHONPATH} /usr/bin/python3 setup.py egg_info --egg-base ../../build/motion build --build-base /home/vs/csc2207_project_ws/build/motion/build install --record /home/vs/csc2207_project_ws/build/motion/install.log --install-scripts $base/lib/motion --single-version-externally-managed
