[1.628s] Invoking command in '/home/vs/csc2207_project_ws/src/localization': PYTHONPATH=/home/vs/csc2207_project_ws/build/localization/prefix_override:/home/vs/csc2207_project_ws/install/localization/lib/python3.8/site-packages:${PYTHONPATH} /usr/bin/python3 setup.py egg_info --egg-base ../../build/localization build --build-base /home/vs/csc2207_project_ws/build/localization/build install --record /home/vs/csc2207_project_ws/build/localization/install.log --install-scripts $base/lib/localization --single-version-externally-managed
[2.102s] running egg_info
[2.104s] writing ../../build/localization/localization.egg-info/PKG-INFO
[2.105s] writing dependency_links to ../../build/localization/localization.egg-info/dependency_links.txt
[2.105s] writing entry points to ../../build/localization/localization.egg-info/entry_points.txt
[2.106s] writing requirements to ../../build/localization/localization.egg-info/requires.txt
[2.106s] writing top-level names to ../../build/localization/localization.egg-info/top_level.txt
[2.183s] reading manifest file '../../build/localization/localization.egg-info/SOURCES.txt'
[2.185s] writing manifest file '../../build/localization/localization.egg-info/SOURCES.txt'
[2.185s] running build
[2.186s] running build_py
[2.186s] running install
[2.187s] running install_lib
[2.190s] running install_data
[2.191s] running install_egg_info
[2.194s] removing '/home/vs/csc2207_project_ws/install/localization/lib/python3.8/site-packages/localization-0.0.0-py3.8.egg-info' (and everything under it)
[2.195s] Copying ../../build/localization/localization.egg-info to /home/vs/csc2207_project_ws/install/localization/lib/python3.8/site-packages/localization-0.0.0-py3.8.egg-info
[2.199s] running install_scripts
[2.236s] Installing localization_node script to /home/vs/csc2207_project_ws/install/localization/lib/localization
[2.237s] writing list of installed files to '/home/vs/csc2207_project_ws/build/localization/install.log'
[2.286s] Invoked command in '/home/vs/csc2207_project_ws/src/localization' returned '0': PYTHONPATH=/home/vs/csc2207_project_ws/build/localization/prefix_override:/home/vs/csc2207_project_ws/install/localization/lib/python3.8/site-packages:${PYTHONPATH} /usr/bin/python3 setup.py egg_info --egg-base ../../build/localization build --build-base /home/vs/csc2207_project_ws/build/localization/build install --record /home/vs/csc2207_project_ws/build/localization/install.log --install-scripts $base/lib/localization --single-version-externally-managed
