[3.126s] Invoking command in '/home/vs/csc2207_project_ws/src/localization': PYTHONPATH=/home/vs/csc2207_project_ws/build/localization/prefix_override:/home/vs/csc2207_project_ws/install/localization/lib/python3.8/site-packages:${PYTHONPATH} /usr/bin/python3 setup.py egg_info --egg-base ../../build/localization build --build-base /home/vs/csc2207_project_ws/build/localization/build install --record /home/vs/csc2207_project_ws/build/localization/install.log --install-scripts $base/lib/localization --single-version-externally-managed
[4.249s] running egg_info
[4.250s] writing ../../build/localization/localization.egg-info/PKG-INFO
[4.250s] writing dependency_links to ../../build/localization/localization.egg-info/dependency_links.txt
[4.251s] writing entry points to ../../build/localization/localization.egg-info/entry_points.txt
[4.251s] writing requirements to ../../build/localization/localization.egg-info/requires.txt
[4.252s] writing top-level names to ../../build/localization/localization.egg-info/top_level.txt
[4.437s] reading manifest file '../../build/localization/localization.egg-info/SOURCES.txt'
[4.442s] writing manifest file '../../build/localization/localization.egg-info/SOURCES.txt'
[4.442s] running build
[4.443s] running build_py
[4.445s] running install
[4.446s] running install_lib
[4.450s] running install_data
[4.451s] running install_egg_info
[4.456s] removing '/home/vs/csc2207_project_ws/install/localization/lib/python3.8/site-packages/localization-0.0.0-py3.8.egg-info' (and everything under it)
[4.463s] Copying ../../build/localization/localization.egg-info to /home/vs/csc2207_project_ws/install/localization/lib/python3.8/site-packages/localization-0.0.0-py3.8.egg-info
[4.468s] running install_scripts
[4.606s] Installing localization_node script to /home/vs/csc2207_project_ws/install/localization/lib/localization
[4.609s] writing list of installed files to '/home/vs/csc2207_project_ws/build/localization/install.log'
[4.702s] Invoked command in '/home/vs/csc2207_project_ws/src/localization' returned '0': PYTHONPATH=/home/vs/csc2207_project_ws/build/localization/prefix_override:/home/vs/csc2207_project_ws/install/localization/lib/python3.8/site-packages:${PYTHONPATH} /usr/bin/python3 setup.py egg_info --egg-base ../../build/localization build --build-base /home/vs/csc2207_project_ws/build/localization/build install --record /home/vs/csc2207_project_ws/build/localization/install.log --install-scripts $base/lib/localization --single-version-externally-managed
