[0.631s] Invoking command in '/home/vs/csc2207_project_ws/src/motion': PYTHONPATH=/home/vs/csc2207_project_ws/build/motion/prefix_override:/home/vs/csc2207_project_ws/install/motion/lib/python3.8/site-packages:${PYTHONPATH} /usr/bin/python3 setup.py egg_info --egg-base ../../build/motion build --build-base /home/vs/csc2207_project_ws/build/motion/build install --record /home/vs/csc2207_project_ws/build/motion/install.log --install-scripts $base/lib/motion --single-version-externally-managed
[0.825s] running egg_info
[0.826s] writing ../../build/motion/motion.egg-info/PKG-INFO
[0.826s] writing dependency_links to ../../build/motion/motion.egg-info/dependency_links.txt
[0.826s] writing entry points to ../../build/motion/motion.egg-info/entry_points.txt
[0.827s] writing requirements to ../../build/motion/motion.egg-info/requires.txt
[0.827s] writing top-level names to ../../build/motion/motion.egg-info/top_level.txt
[0.860s] reading manifest file '../../build/motion/motion.egg-info/SOURCES.txt'
[0.861s] writing manifest file '../../build/motion/motion.egg-info/SOURCES.txt'
[0.861s] running build
[0.861s] running build_py
[0.861s] copying motion/motion.py -> /home/vs/csc2207_project_ws/build/motion/build/lib/motion
[0.861s] running install
[0.862s] running install_lib
[0.863s] copying /home/vs/csc2207_project_ws/build/motion/build/lib/motion/motion.py -> /home/vs/csc2207_project_ws/install/motion/lib/python3.8/site-packages/motion
[0.864s] byte-compiling /home/vs/csc2207_project_ws/install/motion/lib/python3.8/site-packages/motion/motion.py to motion.cpython-38.pyc
[0.866s] running install_data
[0.867s] running install_egg_info
[0.868s] removing '/home/vs/csc2207_project_ws/install/motion/lib/python3.8/site-packages/motion-0.0.0-py3.8.egg-info' (and everything under it)
[0.869s] Copying ../../build/motion/motion.egg-info to /home/vs/csc2207_project_ws/install/motion/lib/python3.8/site-packages/motion-0.0.0-py3.8.egg-info
[0.871s] running install_scripts
[0.887s] Installing motion_node script to /home/vs/csc2207_project_ws/install/motion/lib/motion
[0.888s] writing list of installed files to '/home/vs/csc2207_project_ws/build/motion/install.log'
[0.911s] Invoked command in '/home/vs/csc2207_project_ws/src/motion' returned '0': PYTHONPATH=/home/vs/csc2207_project_ws/build/motion/prefix_override:/home/vs/csc2207_project_ws/install/motion/lib/python3.8/site-packages:${PYTHONPATH} /usr/bin/python3 setup.py egg_info --egg-base ../../build/motion build --build-base /home/vs/csc2207_project_ws/build/motion/build install --record /home/vs/csc2207_project_ws/build/motion/install.log --install-scripts $base/lib/motion --single-version-externally-managed
