[3.960s] Invoking command in '/home/vs/csc2207_project_ws/src/localization': PYTHONPATH=/home/vs/csc2207_project_ws/build/localization/prefix_override:/home/vs/csc2207_project_ws/install/localization/lib/python3.8/site-packages:${PYTHONPATH} /usr/bin/python3 setup.py egg_info --egg-base ../../build/localization build --build-base /home/vs/csc2207_project_ws/build/localization/build install --record /home/vs/csc2207_project_ws/build/localization/install.log --install-scripts $base/lib/localization --single-version-externally-managed
[5.247s] running egg_info
[5.255s] writing ../../build/localization/localization.egg-info/PKG-INFO
[5.257s] writing dependency_links to ../../build/localization/localization.egg-info/dependency_links.txt
[5.258s] writing entry points to ../../build/localization/localization.egg-info/entry_points.txt
[5.258s] writing requirements to ../../build/localization/localization.egg-info/requires.txt
[5.258s] writing top-level names to ../../build/localization/localization.egg-info/top_level.txt
[5.450s] reading manifest file '../../build/localization/localization.egg-info/SOURCES.txt'
[5.459s] writing manifest file '../../build/localization/localization.egg-info/SOURCES.txt'
[5.460s] running build
[5.460s] running build_py
[5.460s] copying localization/localization.py -> /home/vs/csc2207_project_ws/build/localization/build/lib/localization
[5.461s] running install
[5.464s] running install_lib
[5.477s] copying /home/vs/csc2207_project_ws/build/localization/build/lib/localization/localization.py -> /home/vs/csc2207_project_ws/install/localization/lib/python3.8/site-packages/localization
[5.478s] byte-compiling /home/vs/csc2207_project_ws/install/localization/lib/python3.8/site-packages/localization/localization.py to localization.cpython-38.pyc
[5.489s] running install_data
[5.502s] running install_egg_info
[5.505s] removing '/home/vs/csc2207_project_ws/install/localization/lib/python3.8/site-packages/localization-0.0.0-py3.8.egg-info' (and everything under it)
[5.505s] Copying ../../build/localization/localization.egg-info to /home/vs/csc2207_project_ws/install/localization/lib/python3.8/site-packages/localization-0.0.0-py3.8.egg-info
[5.540s] running install_scripts
[5.641s] Installing localization_node script to /home/vs/csc2207_project_ws/install/localization/lib/localization
[5.652s] writing list of installed files to '/home/vs/csc2207_project_ws/build/localization/install.log'
[5.755s] Invoked command in '/home/vs/csc2207_project_ws/src/localization' returned '0': PYTHONPATH=/home/vs/csc2207_project_ws/build/localization/prefix_override:/home/vs/csc2207_project_ws/install/localization/lib/python3.8/site-packages:${PYTHONPATH} /usr/bin/python3 setup.py egg_info --egg-base ../../build/localization build --build-base /home/vs/csc2207_project_ws/build/localization/build install --record /home/vs/csc2207_project_ws/build/localization/install.log --install-scripts $base/lib/localization --single-version-externally-managed
