[0.738s] DEBUG:colcon:Command line arguments: ['/usr/bin/colcon', 'build', '--packages-select', 'localization']
[0.739s] DEBUG:colcon:Parsed command line arguments: Namespace(ament_cmake_args=None, base_paths=['.'], build_base='build', catkin_cmake_args=None, catkin_skip_building_tests=False, cmake_args=None, cmake_clean_cache=False, cmake_clean_first=False, cmake_force_configure=False, cmake_target=None, cmake_target_skip_unavailable=False, continue_on_error=False, event_handlers=None, executor='parallel', ignore_user_meta=False, install_base='install', log_base=None, log_level=None, main=<bound method BuildVerb.main of <colcon_core.verb.build.BuildVerb object at 0x7fface712340>>, merge_install=False, metas=['./colcon.meta'], mixin=None, mixin_files=None, mixin_verb=('build',), packages_above=None, packages_above_and_dependencies=None, packages_above_depth=None, packages_end=None, packages_ignore=None, packages_ignore_regex=None, packages_select=['localization'], packages_select_build_failed=False, packages_select_by_dep=None, packages_select_regex=None, packages_select_test_failures=False, packages_skip=None, packages_skip_build_finished=False, packages_skip_by_dep=None, packages_skip_regex=None, packages_skip_test_passed=False, packages_skip_up_to=None, packages_start=None, packages_up_to=None, packages_up_to_regex=None, parallel_workers=8, paths=None, symlink_install=False, test_result_base=None, verb_extension=<colcon_core.verb.build.BuildVerb object at 0x7fface712340>, verb_name='build', verb_parser=<colcon_mixin.mixin.mixin_argument.MixinArgumentDecorator object at 0x7fface7129a0>)
[0.807s] Level 1:colcon.colcon_core.package_discovery:discover_packages(colcon_meta) check parameters
[0.808s] Level 1:colcon.colcon_core.package_discovery:discover_packages(recursive) check parameters
[0.808s] Level 1:colcon.colcon_core.package_discovery:discover_packages(ignore) check parameters
[0.808s] Level 1:colcon.colcon_core.package_discovery:discover_packages(path) check parameters
[0.808s] Level 1:colcon.colcon_core.package_discovery:discover_packages(colcon_meta) discover
[0.808s] Level 1:colcon.colcon_core.package_discovery:discover_packages(recursive) discover
[0.809s] INFO:colcon.colcon_core.package_discovery:Crawling recursively for packages in '/home/vs/csc2207_project_ws/src'
[0.809s] Level 1:colcon.colcon_core.package_identification:_identify(.) by extensions ['ignore', 'ignore_ament_install']
[0.809s] Level 1:colcon.colcon_core.package_identification:_identify(.) by extension 'ignore'
[0.810s] Level 1:colcon.colcon_core.package_identification:_identify(.) by extension 'ignore_ament_install'
[0.810s] Level 1:colcon.colcon_core.package_identification:_identify(.) by extensions ['colcon_pkg']
[0.810s] Level 1:colcon.colcon_core.package_identification:_identify(.) by extension 'colcon_pkg'
[0.810s] Level 1:colcon.colcon_core.package_identification:_identify(.) by extensions ['colcon_meta']
[0.810s] Level 1:colcon.colcon_core.package_identification:_identify(.) by extension 'colcon_meta'
[0.810s] Level 1:colcon.colcon_core.package_identification:_identify(.) by extensions ['ros']
[0.810s] Level 1:colcon.colcon_core.package_identification:_identify(.) by extension 'ros'
[0.849s] Level 1:colcon.colcon_core.package_identification:_identify(.) by extensions ['cmake', 'python']
[0.849s] Level 1:colcon.colcon_core.package_identification:_identify(.) by extension 'cmake'
[0.849s] Level 1:colcon.colcon_core.package_identification:_identify(.) by extension 'python'
[0.850s] Level 1:colcon.colcon_core.package_identification:_identify(.) by extensions ['python_setup_py']
[0.850s] Level 1:colcon.colcon_core.package_identification:_identify(.) by extension 'python_setup_py'
[0.850s] Level 1:colcon.colcon_core.package_identification:_identify(build) by extensions ['ignore', 'ignore_ament_install']
[0.850s] Level 1:colcon.colcon_core.package_identification:_identify(build) by extension 'ignore'
[0.850s] Level 1:colcon.colcon_core.package_identification:_identify(build) ignored
[0.850s] Level 1:colcon.colcon_core.package_identification:_identify(install) by extensions ['ignore', 'ignore_ament_install']
[0.851s] Level 1:colcon.colcon_core.package_identification:_identify(install) by extension 'ignore'
[0.851s] Level 1:colcon.colcon_core.package_identification:_identify(install) ignored
[0.851s] Level 1:colcon.colcon_core.package_identification:_identify(localization) by extensions ['ignore', 'ignore_ament_install']
[0.851s] Level 1:colcon.colcon_core.package_identification:_identify(localization) by extension 'ignore'
[0.851s] Level 1:colcon.colcon_core.package_identification:_identify(localization) by extension 'ignore_ament_install'
[0.852s] Level 1:colcon.colcon_core.package_identification:_identify(localization) by extensions ['colcon_pkg']
[0.852s] Level 1:colcon.colcon_core.package_identification:_identify(localization) by extension 'colcon_pkg'
[0.852s] Level 1:colcon.colcon_core.package_identification:_identify(localization) by extensions ['colcon_meta']
[0.852s] Level 1:colcon.colcon_core.package_identification:_identify(localization) by extension 'colcon_meta'
[0.852s] Level 1:colcon.colcon_core.package_identification:_identify(localization) by extensions ['ros']
[0.852s] Level 1:colcon.colcon_core.package_identification:_identify(localization) by extension 'ros'
[0.859s] DEBUG:colcon.colcon_core.package_identification:Package 'localization' with type 'ros.ament_python' and name 'localization'
[0.860s] Level 1:colcon.colcon_core.package_identification:_identify(log) by extensions ['ignore', 'ignore_ament_install']
[0.860s] Level 1:colcon.colcon_core.package_identification:_identify(log) by extension 'ignore'
[0.861s] Level 1:colcon.colcon_core.package_identification:_identify(log) ignored
[0.861s] Level 1:colcon.colcon_core.package_identification:_identify(motion) by extensions ['ignore', 'ignore_ament_install']
[0.861s] Level 1:colcon.colcon_core.package_identification:_identify(motion) by extension 'ignore'
[0.861s] Level 1:colcon.colcon_core.package_identification:_identify(motion) by extension 'ignore_ament_install'
[0.861s] Level 1:colcon.colcon_core.package_identification:_identify(motion) by extensions ['colcon_pkg']
[0.861s] Level 1:colcon.colcon_core.package_identification:_identify(motion) by extension 'colcon_pkg'
[0.861s] Level 1:colcon.colcon_core.package_identification:_identify(motion) by extensions ['colcon_meta']
[0.861s] Level 1:colcon.colcon_core.package_identification:_identify(motion) by extension 'colcon_meta'
[0.862s] Level 1:colcon.colcon_core.package_identification:_identify(motion) by extensions ['ros']
[0.862s] Level 1:colcon.colcon_core.package_identification:_identify(motion) by extension 'ros'
[0.863s] DEBUG:colcon.colcon_core.package_identification:Package 'motion' with type 'ros.ament_python' and name 'motion'
[0.864s] Level 1:colcon.colcon_core.package_identification:_identify(warehouse_robot_spawner_pkg) by extensions ['ignore', 'ignore_ament_install']
[0.864s] Level 1:colcon.colcon_core.package_identification:_identify(warehouse_robot_spawner_pkg) by extension 'ignore'
[0.864s] Level 1:colcon.colcon_core.package_identification:_identify(warehouse_robot_spawner_pkg) by extension 'ignore_ament_install'
[0.864s] Level 1:colcon.colcon_core.package_identification:_identify(warehouse_robot_spawner_pkg) by extensions ['colcon_pkg']
[0.865s] Level 1:colcon.colcon_core.package_identification:_identify(warehouse_robot_spawner_pkg) by extension 'colcon_pkg'
[0.865s] Level 1:colcon.colcon_core.package_identification:_identify(warehouse_robot_spawner_pkg) by extensions ['colcon_meta']
[0.865s] Level 1:colcon.colcon_core.package_identification:_identify(warehouse_robot_spawner_pkg) by extension 'colcon_meta'
[0.865s] Level 1:colcon.colcon_core.package_identification:_identify(warehouse_robot_spawner_pkg) by extensions ['ros']
[0.865s] Level 1:colcon.colcon_core.package_identification:_identify(warehouse_robot_spawner_pkg) by extension 'ros'
[0.866s] DEBUG:colcon.colcon_core.package_identification:Package 'warehouse_robot_spawner_pkg' with type 'ros.ament_python' and name 'warehouse_robot_spawner_pkg'
[0.866s] Level 1:colcon.colcon_core.package_discovery:discover_packages(recursive) using defaults
[0.867s] Level 1:colcon.colcon_core.package_discovery:discover_packages(ignore) discover
[0.867s] Level 1:colcon.colcon_core.package_discovery:discover_packages(ignore) using defaults
[0.867s] Level 1:colcon.colcon_core.package_discovery:discover_packages(path) discover
[0.867s] Level 1:colcon.colcon_core.package_discovery:discover_packages(path) using defaults
[0.917s] INFO:colcon.colcon_core.package_selection:Skipping not selected package 'motion' in 'motion'
[0.917s] INFO:colcon.colcon_core.package_selection:Skipping not selected package 'warehouse_robot_spawner_pkg' in 'warehouse_robot_spawner_pkg'
[0.919s] Level 5:colcon.colcon_core.verb:set package 'localization' build argument 'cmake_args' from command line to 'None'
[0.919s] Level 5:colcon.colcon_core.verb:set package 'localization' build argument 'cmake_target' from command line to 'None'
[0.919s] Level 5:colcon.colcon_core.verb:set package 'localization' build argument 'cmake_target_skip_unavailable' from command line to 'False'
[0.919s] Level 5:colcon.colcon_core.verb:set package 'localization' build argument 'cmake_clean_cache' from command line to 'False'
[0.919s] Level 5:colcon.colcon_core.verb:set package 'localization' build argument 'cmake_clean_first' from command line to 'False'
[0.920s] Level 5:colcon.colcon_core.verb:set package 'localization' build argument 'cmake_force_configure' from command line to 'False'
[0.920s] Level 5:colcon.colcon_core.verb:set package 'localization' build argument 'ament_cmake_args' from command line to 'None'
[0.920s] Level 5:colcon.colcon_core.verb:set package 'localization' build argument 'catkin_cmake_args' from command line to 'None'
[0.920s] Level 5:colcon.colcon_core.verb:set package 'localization' build argument 'catkin_skip_building_tests' from command line to 'False'
[0.920s] DEBUG:colcon.colcon_core.verb:Building package 'localization' with the following arguments: {'ament_cmake_args': None, 'build_base': '/home/vs/csc2207_project_ws/src/build/localization', 'catkin_cmake_args': None, 'catkin_skip_building_tests': False, 'cmake_args': None, 'cmake_clean_cache': False, 'cmake_clean_first': False, 'cmake_force_configure': False, 'cmake_target': None, 'cmake_target_skip_unavailable': False, 'install_base': '/home/vs/csc2207_project_ws/src/install/localization', 'merge_install': False, 'path': '/home/vs/csc2207_project_ws/src/localization', 'symlink_install': False, 'test_result_base': None}
[0.921s] INFO:colcon.colcon_core.executor:Executing jobs using 'parallel' executor
[0.932s] DEBUG:colcon.colcon_parallel_executor.executor.parallel:run_until_complete
[0.933s] INFO:colcon.colcon_ros.task.ament_python.build:Building ROS package in '/home/vs/csc2207_project_ws/src/localization' with build type 'ament_python'
[0.935s] Level 1:colcon.colcon_core.shell:create_environment_hook('localization', 'ament_prefix_path')
[0.945s] INFO:colcon.colcon_core.plugin_system:Skipping extension 'colcon_core.shell.bat': Not used on non-Windows systems
[0.946s] INFO:colcon.colcon_core.shell:Creating environment hook '/home/vs/csc2207_project_ws/src/install/localization/share/localization/hook/ament_prefix_path.ps1'
[0.948s] INFO:colcon.colcon_core.shell:Creating environment descriptor '/home/vs/csc2207_project_ws/src/install/localization/share/localization/hook/ament_prefix_path.dsv'
[0.950s] INFO:colcon.colcon_core.shell:Creating environment hook '/home/vs/csc2207_project_ws/src/install/localization/share/localization/hook/ament_prefix_path.sh'
[0.955s] INFO:colcon.colcon_core.shell:Skip shell extension 'powershell' for command environment: Not usable outside of PowerShell
[0.955s] DEBUG:colcon.colcon_core.shell:Skip shell extension 'dsv' for command environment
[1.499s] INFO:colcon.colcon_core.task.python.build:Building Python package in '/home/vs/csc2207_project_ws/src/localization'
[1.506s] INFO:colcon.colcon_core.shell:Skip shell extension 'powershell' for command environment: Not usable outside of PowerShell
[1.506s] DEBUG:colcon.colcon_core.shell:Skip shell extension 'dsv' for command environment
[2.423s] DEBUG:colcon.colcon_core.event_handler.log_command:Invoking command in '/home/vs/csc2207_project_ws/src/localization': PYTHONPATH=/home/vs/csc2207_project_ws/src/build/localization/prefix_override:/home/vs/csc2207_project_ws/src/install/localization/lib/python3.8/site-packages:${PYTHONPATH} /usr/bin/python3 setup.py egg_info --egg-base ../build/localization build --build-base /home/vs/csc2207_project_ws/src/build/localization/build install --record /home/vs/csc2207_project_ws/src/build/localization/install.log --install-scripts $base/lib/localization --single-version-externally-managed
[3.164s] DEBUG:colcon.colcon_core.event_handler.log_command:Invoked command in '/home/vs/csc2207_project_ws/src/localization' returned '0': PYTHONPATH=/home/vs/csc2207_project_ws/src/build/localization/prefix_override:/home/vs/csc2207_project_ws/src/install/localization/lib/python3.8/site-packages:${PYTHONPATH} /usr/bin/python3 setup.py egg_info --egg-base ../build/localization build --build-base /home/vs/csc2207_project_ws/src/build/localization/build install --record /home/vs/csc2207_project_ws/src/build/localization/install.log --install-scripts $base/lib/localization --single-version-externally-managed
[3.183s] Level 1:colcon.colcon_core.environment:checking '/home/vs/csc2207_project_ws/src/install/localization' for CMake module files
[3.184s] Level 1:colcon.colcon_core.environment:checking '/home/vs/csc2207_project_ws/src/install/localization' for CMake config files
[3.186s] Level 1:colcon.colcon_core.environment:checking '/home/vs/csc2207_project_ws/src/install/localization/lib'
[3.187s] Level 1:colcon.colcon_core.environment:checking '/home/vs/csc2207_project_ws/src/install/localization/bin'
[3.187s] Level 1:colcon.colcon_core.environment:checking '/home/vs/csc2207_project_ws/src/install/localization/lib/pkgconfig/localization.pc'
[3.188s] Level 1:colcon.colcon_core.environment:checking '/home/vs/csc2207_project_ws/src/install/localization/lib/python3.8/site-packages'
[3.188s] Level 1:colcon.colcon_core.shell:create_environment_hook('localization', 'pythonpath')
[3.191s] INFO:colcon.colcon_core.shell:Creating environment hook '/home/vs/csc2207_project_ws/src/install/localization/share/localization/hook/pythonpath.ps1'
[3.193s] INFO:colcon.colcon_core.shell:Creating environment descriptor '/home/vs/csc2207_project_ws/src/install/localization/share/localization/hook/pythonpath.dsv'
[3.194s] INFO:colcon.colcon_core.shell:Creating environment hook '/home/vs/csc2207_project_ws/src/install/localization/share/localization/hook/pythonpath.sh'
[3.196s] Level 1:colcon.colcon_core.environment:checking '/home/vs/csc2207_project_ws/src/install/localization/bin'
[3.196s] Level 1:colcon.colcon_core.environment:create_environment_scripts_only(localization)
[3.199s] INFO:colcon.colcon_core.shell:Creating package script '/home/vs/csc2207_project_ws/src/install/localization/share/localization/package.ps1'
[3.201s] INFO:colcon.colcon_core.shell:Creating package descriptor '/home/vs/csc2207_project_ws/src/install/localization/share/localization/package.dsv'
[3.203s] INFO:colcon.colcon_core.shell:Creating package script '/home/vs/csc2207_project_ws/src/install/localization/share/localization/package.sh'
[3.206s] INFO:colcon.colcon_core.shell:Creating package script '/home/vs/csc2207_project_ws/src/install/localization/share/localization/package.bash'
[3.208s] INFO:colcon.colcon_core.shell:Creating package script '/home/vs/csc2207_project_ws/src/install/localization/share/localization/package.zsh'
[3.209s] Level 1:colcon.colcon_core.environment:create_file_with_runtime_dependencies(/home/vs/csc2207_project_ws/src/install/localization/share/colcon-core/packages/localization)
[3.210s] DEBUG:colcon.colcon_parallel_executor.executor.parallel:closing loop
[3.210s] DEBUG:colcon.colcon_parallel_executor.executor.parallel:loop closed
[3.211s] DEBUG:colcon.colcon_parallel_executor.executor.parallel:run_until_complete finished with '0'
[3.211s] DEBUG:colcon.colcon_core.event_reactor:joining thread
[3.231s] INFO:colcon.colcon_core.plugin_system:Skipping extension 'colcon_notification.desktop_notification.notify_send': Could not find 'notify-send'
[3.232s] INFO:colcon.colcon_core.plugin_system:Skipping extension 'colcon_notification.desktop_notification.terminal_notifier': Not used on non-Darwin systems
[3.232s] INFO:colcon.colcon_core.plugin_system:Skipping extension 'colcon_notification.desktop_notification.win32': Not used on non-Windows systems
[3.233s] INFO:colcon.colcon_notification.desktop_notification:Sending desktop notification using 'notify2'
[3.290s] DEBUG:colcon.colcon_notification.desktop_notification.notify2:Failed to initialize notify2: org.freedesktop.DBus.Error.ServiceUnknown: The name org.freedesktop.Notifications was not provided by any .service files
[3.290s] DEBUG:colcon.colcon_core.event_reactor:joined thread
[3.295s] INFO:colcon.colcon_core.shell:Creating prefix script '/home/vs/csc2207_project_ws/src/install/local_setup.ps1'
[3.297s] INFO:colcon.colcon_core.shell:Creating prefix util module '/home/vs/csc2207_project_ws/src/install/_local_setup_util_ps1.py'
[3.300s] INFO:colcon.colcon_core.shell:Creating prefix chain script '/home/vs/csc2207_project_ws/src/install/setup.ps1'
[3.304s] INFO:colcon.colcon_core.shell:Creating prefix script '/home/vs/csc2207_project_ws/src/install/local_setup.sh'
[3.305s] INFO:colcon.colcon_core.shell:Creating prefix util module '/home/vs/csc2207_project_ws/src/install/_local_setup_util_sh.py'
[3.308s] INFO:colcon.colcon_core.shell:Creating prefix chain script '/home/vs/csc2207_project_ws/src/install/setup.sh'
[3.313s] INFO:colcon.colcon_core.shell:Creating prefix script '/home/vs/csc2207_project_ws/src/install/local_setup.bash'
[3.315s] INFO:colcon.colcon_core.shell:Creating prefix chain script '/home/vs/csc2207_project_ws/src/install/setup.bash'
[3.319s] INFO:colcon.colcon_core.shell:Creating prefix script '/home/vs/csc2207_project_ws/src/install/local_setup.zsh'
[3.320s] INFO:colcon.colcon_core.shell:Creating prefix chain script '/home/vs/csc2207_project_ws/src/install/setup.zsh'
