[1.246s] DEBUG:colcon:Command line arguments: ['/usr/bin/colcon', 'build', '--packages-select', 'motion']
[1.247s] DEBUG:colcon:Parsed command line arguments: Namespace(ament_cmake_args=None, base_paths=['.'], build_base='build', catkin_cmake_args=None, catkin_skip_building_tests=False, cmake_args=None, cmake_clean_cache=False, cmake_clean_first=False, cmake_force_configure=False, cmake_target=None, cmake_target_skip_unavailable=False, continue_on_error=False, event_handlers=None, executor='parallel', ignore_user_meta=False, install_base='install', log_base=None, log_level=None, main=<bound method BuildVerb.main of <colcon_core.verb.build.BuildVerb object at 0x7f6eef409ee0>>, merge_install=False, metas=['./colcon.meta'], mixin=None, mixin_files=None, mixin_verb=('build',), packages_above=None, packages_above_and_dependencies=None, packages_above_depth=None, packages_end=None, packages_ignore=None, packages_ignore_regex=None, packages_select=['motion'], packages_select_build_failed=False, packages_select_by_dep=None, packages_select_regex=None, packages_select_test_failures=False, packages_skip=None, packages_skip_build_finished=False, packages_skip_by_dep=None, packages_skip_regex=None, packages_skip_test_passed=False, packages_skip_up_to=None, packages_start=None, packages_up_to=None, packages_up_to_regex=None, parallel_workers=8, paths=None, symlink_install=False, test_result_base=None, verb_extension=<colcon_core.verb.build.BuildVerb object at 0x7f6eef409ee0>, verb_name='build', verb_parser=<colcon_mixin.mixin.mixin_argument.MixinArgumentDecorator object at 0x7f6eef4164f0>)
[1.350s] Level 1:colcon.colcon_core.package_discovery:discover_packages(colcon_meta) check parameters
[1.350s] Level 1:colcon.colcon_core.package_discovery:discover_packages(recursive) check parameters
[1.351s] Level 1:colcon.colcon_core.package_discovery:discover_packages(ignore) check parameters
[1.351s] Level 1:colcon.colcon_core.package_discovery:discover_packages(path) check parameters
[1.351s] Level 1:colcon.colcon_core.package_discovery:discover_packages(colcon_meta) discover
[1.351s] Level 1:colcon.colcon_core.package_discovery:discover_packages(recursive) discover
[1.351s] INFO:colcon.colcon_core.package_discovery:Crawling recursively for packages in '/home/vs/csc2207_project_ws'
[1.352s] Level 1:colcon.colcon_core.package_identification:_identify(.) by extensions ['ignore', 'ignore_ament_install']
[1.352s] Level 1:colcon.colcon_core.package_identification:_identify(.) by extension 'ignore'
[1.352s] Level 1:colcon.colcon_core.package_identification:_identify(.) by extension 'ignore_ament_install'
[1.353s] Level 1:colcon.colcon_core.package_identification:_identify(.) by extensions ['colcon_pkg']
[1.353s] Level 1:colcon.colcon_core.package_identification:_identify(.) by extension 'colcon_pkg'
[1.353s] Level 1:colcon.colcon_core.package_identification:_identify(.) by extensions ['colcon_meta']
[1.353s] Level 1:colcon.colcon_core.package_identification:_identify(.) by extension 'colcon_meta'
[1.353s] Level 1:colcon.colcon_core.package_identification:_identify(.) by extensions ['ros']
[1.353s] Level 1:colcon.colcon_core.package_identification:_identify(.) by extension 'ros'
[1.423s] Level 1:colcon.colcon_core.package_identification:_identify(.) by extensions ['cmake', 'python']
[1.423s] Level 1:colcon.colcon_core.package_identification:_identify(.) by extension 'cmake'
[1.423s] Level 1:colcon.colcon_core.package_identification:_identify(.) by extension 'python'
[1.423s] Level 1:colcon.colcon_core.package_identification:_identify(.) by extensions ['python_setup_py']
[1.423s] Level 1:colcon.colcon_core.package_identification:_identify(.) by extension 'python_setup_py'
[1.424s] Level 1:colcon.colcon_core.package_identification:_identify(build) by extensions ['ignore', 'ignore_ament_install']
[1.424s] Level 1:colcon.colcon_core.package_identification:_identify(build) by extension 'ignore'
[1.425s] Level 1:colcon.colcon_core.package_identification:_identify(build) ignored
[1.425s] Level 1:colcon.colcon_core.package_identification:_identify(install) by extensions ['ignore', 'ignore_ament_install']
[1.425s] Level 1:colcon.colcon_core.package_identification:_identify(install) by extension 'ignore'
[1.426s] Level 1:colcon.colcon_core.package_identification:_identify(install) ignored
[1.426s] Level 1:colcon.colcon_core.package_identification:_identify(log) by extensions ['ignore', 'ignore_ament_install']
[1.426s] Level 1:colcon.colcon_core.package_identification:_identify(log) by extension 'ignore'
[1.426s] Level 1:colcon.colcon_core.package_identification:_identify(log) ignored
[1.427s] Level 1:colcon.colcon_core.package_identification:_identify(src) by extensions ['ignore', 'ignore_ament_install']
[1.427s] Level 1:colcon.colcon_core.package_identification:_identify(src) by extension 'ignore'
[1.427s] Level 1:colcon.colcon_core.package_identification:_identify(src) by extension 'ignore_ament_install'
[1.428s] Level 1:colcon.colcon_core.package_identification:_identify(src) by extensions ['colcon_pkg']
[1.428s] Level 1:colcon.colcon_core.package_identification:_identify(src) by extension 'colcon_pkg'
[1.428s] Level 1:colcon.colcon_core.package_identification:_identify(src) by extensions ['colcon_meta']
[1.428s] Level 1:colcon.colcon_core.package_identification:_identify(src) by extension 'colcon_meta'
[1.428s] Level 1:colcon.colcon_core.package_identification:_identify(src) by extensions ['ros']
[1.428s] Level 1:colcon.colcon_core.package_identification:_identify(src) by extension 'ros'
[1.429s] Level 1:colcon.colcon_core.package_identification:_identify(src) by extensions ['cmake', 'python']
[1.429s] Level 1:colcon.colcon_core.package_identification:_identify(src) by extension 'cmake'
[1.429s] Level 1:colcon.colcon_core.package_identification:_identify(src) by extension 'python'
[1.429s] Level 1:colcon.colcon_core.package_identification:_identify(src) by extensions ['python_setup_py']
[1.429s] Level 1:colcon.colcon_core.package_identification:_identify(src) by extension 'python_setup_py'
[1.430s] Level 1:colcon.colcon_core.package_identification:_identify(src/motion) by extensions ['ignore', 'ignore_ament_install']
[1.430s] Level 1:colcon.colcon_core.package_identification:_identify(src/motion) by extension 'ignore'
[1.430s] Level 1:colcon.colcon_core.package_identification:_identify(src/motion) by extension 'ignore_ament_install'
[1.431s] Level 1:colcon.colcon_core.package_identification:_identify(src/motion) by extensions ['colcon_pkg']
[1.431s] Level 1:colcon.colcon_core.package_identification:_identify(src/motion) by extension 'colcon_pkg'
[1.431s] Level 1:colcon.colcon_core.package_identification:_identify(src/motion) by extensions ['colcon_meta']
[1.431s] Level 1:colcon.colcon_core.package_identification:_identify(src/motion) by extension 'colcon_meta'
[1.431s] Level 1:colcon.colcon_core.package_identification:_identify(src/motion) by extensions ['ros']
[1.431s] Level 1:colcon.colcon_core.package_identification:_identify(src/motion) by extension 'ros'
[1.443s] DEBUG:colcon.colcon_core.package_identification:Package 'src/motion' with type 'ros.ament_python' and name 'motion'
[1.444s] Level 1:colcon.colcon_core.package_identification:_identify(src/warehouse_robot_spawner_pkg) by extensions ['ignore', 'ignore_ament_install']
[1.444s] Level 1:colcon.colcon_core.package_identification:_identify(src/warehouse_robot_spawner_pkg) by extension 'ignore'
[1.445s] Level 1:colcon.colcon_core.package_identification:_identify(src/warehouse_robot_spawner_pkg) by extension 'ignore_ament_install'
[1.445s] Level 1:colcon.colcon_core.package_identification:_identify(src/warehouse_robot_spawner_pkg) by extensions ['colcon_pkg']
[1.445s] Level 1:colcon.colcon_core.package_identification:_identify(src/warehouse_robot_spawner_pkg) by extension 'colcon_pkg'
[1.445s] Level 1:colcon.colcon_core.package_identification:_identify(src/warehouse_robot_spawner_pkg) by extensions ['colcon_meta']
[1.445s] Level 1:colcon.colcon_core.package_identification:_identify(src/warehouse_robot_spawner_pkg) by extension 'colcon_meta'
[1.445s] Level 1:colcon.colcon_core.package_identification:_identify(src/warehouse_robot_spawner_pkg) by extensions ['ros']
[1.446s] Level 1:colcon.colcon_core.package_identification:_identify(src/warehouse_robot_spawner_pkg) by extension 'ros'
[1.447s] DEBUG:colcon.colcon_core.package_identification:Package 'src/warehouse_robot_spawner_pkg' with type 'ros.ament_python' and name 'warehouse_robot_spawner_pkg'
[1.447s] Level 1:colcon.colcon_core.package_discovery:discover_packages(recursive) using defaults
[1.448s] Level 1:colcon.colcon_core.package_discovery:discover_packages(ignore) discover
[1.448s] Level 1:colcon.colcon_core.package_discovery:discover_packages(ignore) using defaults
[1.448s] Level 1:colcon.colcon_core.package_discovery:discover_packages(path) discover
[1.448s] Level 1:colcon.colcon_core.package_discovery:discover_packages(path) using defaults
[1.517s] INFO:colcon.colcon_core.package_selection:Skipping not selected package 'warehouse_robot_spawner_pkg' in 'src/warehouse_robot_spawner_pkg'
[1.520s] Level 5:colcon.colcon_core.verb:set package 'motion' build argument 'cmake_args' from command line to 'None'
[1.521s] Level 5:colcon.colcon_core.verb:set package 'motion' build argument 'cmake_target' from command line to 'None'
[1.521s] Level 5:colcon.colcon_core.verb:set package 'motion' build argument 'cmake_target_skip_unavailable' from command line to 'False'
[1.521s] Level 5:colcon.colcon_core.verb:set package 'motion' build argument 'cmake_clean_cache' from command line to 'False'
[1.521s] Level 5:colcon.colcon_core.verb:set package 'motion' build argument 'cmake_clean_first' from command line to 'False'
[1.521s] Level 5:colcon.colcon_core.verb:set package 'motion' build argument 'cmake_force_configure' from command line to 'False'
[1.521s] Level 5:colcon.colcon_core.verb:set package 'motion' build argument 'ament_cmake_args' from command line to 'None'
[1.521s] Level 5:colcon.colcon_core.verb:set package 'motion' build argument 'catkin_cmake_args' from command line to 'None'
[1.521s] Level 5:colcon.colcon_core.verb:set package 'motion' build argument 'catkin_skip_building_tests' from command line to 'False'
[1.521s] DEBUG:colcon.colcon_core.verb:Building package 'motion' with the following arguments: {'ament_cmake_args': None, 'build_base': '/home/vs/csc2207_project_ws/build/motion', 'catkin_cmake_args': None, 'catkin_skip_building_tests': False, 'cmake_args': None, 'cmake_clean_cache': False, 'cmake_clean_first': False, 'cmake_force_configure': False, 'cmake_target': None, 'cmake_target_skip_unavailable': False, 'install_base': '/home/vs/csc2207_project_ws/install/motion', 'merge_install': False, 'path': '/home/vs/csc2207_project_ws/src/motion', 'symlink_install': False, 'test_result_base': None}
[1.524s] INFO:colcon.colcon_core.executor:Executing jobs using 'parallel' executor
[1.538s] DEBUG:colcon.colcon_parallel_executor.executor.parallel:run_until_complete
[1.539s] INFO:colcon.colcon_ros.task.ament_python.build:Building ROS package in '/home/vs/csc2207_project_ws/src/motion' with build type 'ament_python'
[1.539s] Level 1:colcon.colcon_core.shell:create_environment_hook('motion', 'ament_prefix_path')
[1.560s] INFO:colcon.colcon_core.plugin_system:Skipping extension 'colcon_core.shell.bat': Not used on non-Windows systems
[1.560s] INFO:colcon.colcon_core.shell:Creating environment hook '/home/vs/csc2207_project_ws/install/motion/share/motion/hook/ament_prefix_path.ps1'
[1.564s] INFO:colcon.colcon_core.shell:Creating environment descriptor '/home/vs/csc2207_project_ws/install/motion/share/motion/hook/ament_prefix_path.dsv'
[1.570s] INFO:colcon.colcon_core.shell:Creating environment hook '/home/vs/csc2207_project_ws/install/motion/share/motion/hook/ament_prefix_path.sh'
[1.577s] INFO:colcon.colcon_core.shell:Skip shell extension 'powershell' for command environment: Not usable outside of PowerShell
[1.578s] DEBUG:colcon.colcon_core.shell:Skip shell extension 'dsv' for command environment
[1.588s] WARNING:colcon.colcon_core.prefix_path.colcon:The path '/home/vs/ws/install' in the environment variable COLCON_PREFIX_PATH doesn't exist
[1.589s] WARNING:colcon.colcon_ros.prefix_path.ament:The path '/home/vs/ws/install/ros2_demo_py' in the environment variable AMENT_PREFIX_PATH doesn't exist
[2.421s] INFO:colcon.colcon_core.task.python.build:Building Python package in '/home/vs/csc2207_project_ws/src/motion'
[2.427s] INFO:colcon.colcon_core.shell:Skip shell extension 'powershell' for command environment: Not usable outside of PowerShell
[2.427s] DEBUG:colcon.colcon_core.shell:Skip shell extension 'dsv' for command environment
[3.671s] DEBUG:colcon.colcon_core.event_handler.log_command:Invoking command in '/home/vs/csc2207_project_ws/src/motion': PYTHONPATH=/home/vs/csc2207_project_ws/build/motion/prefix_override:/home/vs/csc2207_project_ws/install/motion/lib/python3.8/site-packages:${PYTHONPATH} /usr/bin/python3 setup.py egg_info --egg-base ../../build/motion build --build-base /home/vs/csc2207_project_ws/build/motion/build install --record /home/vs/csc2207_project_ws/build/motion/install.log --install-scripts $base/lib/motion --single-version-externally-managed
[4.854s] DEBUG:colcon.colcon_core.event_handler.log_command:Invoked command in '/home/vs/csc2207_project_ws/src/motion' returned '0': PYTHONPATH=/home/vs/csc2207_project_ws/build/motion/prefix_override:/home/vs/csc2207_project_ws/install/motion/lib/python3.8/site-packages:${PYTHONPATH} /usr/bin/python3 setup.py egg_info --egg-base ../../build/motion build --build-base /home/vs/csc2207_project_ws/build/motion/build install --record /home/vs/csc2207_project_ws/build/motion/install.log --install-scripts $base/lib/motion --single-version-externally-managed
[4.866s] Level 1:colcon.colcon_core.environment:checking '/home/vs/csc2207_project_ws/install/motion' for CMake module files
[4.868s] Level 1:colcon.colcon_core.environment:checking '/home/vs/csc2207_project_ws/install/motion' for CMake config files
[4.870s] Level 1:colcon.colcon_core.environment:checking '/home/vs/csc2207_project_ws/install/motion/lib'
[4.871s] Level 1:colcon.colcon_core.environment:checking '/home/vs/csc2207_project_ws/install/motion/bin'
[4.871s] Level 1:colcon.colcon_core.environment:checking '/home/vs/csc2207_project_ws/install/motion/lib/pkgconfig/motion.pc'
[4.872s] Level 1:colcon.colcon_core.environment:checking '/home/vs/csc2207_project_ws/install/motion/lib/python3.8/site-packages'
[4.872s] Level 1:colcon.colcon_core.shell:create_environment_hook('motion', 'pythonpath')
[4.876s] INFO:colcon.colcon_core.shell:Creating environment hook '/home/vs/csc2207_project_ws/install/motion/share/motion/hook/pythonpath.ps1'
[4.877s] INFO:colcon.colcon_core.shell:Creating environment descriptor '/home/vs/csc2207_project_ws/install/motion/share/motion/hook/pythonpath.dsv'
[4.879s] INFO:colcon.colcon_core.shell:Creating environment hook '/home/vs/csc2207_project_ws/install/motion/share/motion/hook/pythonpath.sh'
[4.880s] Level 1:colcon.colcon_core.environment:checking '/home/vs/csc2207_project_ws/install/motion/bin'
[4.880s] Level 1:colcon.colcon_core.environment:create_environment_scripts_only(motion)
[4.885s] INFO:colcon.colcon_core.shell:Creating package script '/home/vs/csc2207_project_ws/install/motion/share/motion/package.ps1'
[4.888s] INFO:colcon.colcon_core.shell:Creating package descriptor '/home/vs/csc2207_project_ws/install/motion/share/motion/package.dsv'
[4.892s] INFO:colcon.colcon_core.shell:Creating package script '/home/vs/csc2207_project_ws/install/motion/share/motion/package.sh'
[4.895s] INFO:colcon.colcon_core.shell:Creating package script '/home/vs/csc2207_project_ws/install/motion/share/motion/package.bash'
[4.897s] INFO:colcon.colcon_core.shell:Creating package script '/home/vs/csc2207_project_ws/install/motion/share/motion/package.zsh'
[4.899s] Level 1:colcon.colcon_core.environment:create_file_with_runtime_dependencies(/home/vs/csc2207_project_ws/install/motion/share/colcon-core/packages/motion)
[4.900s] DEBUG:colcon.colcon_parallel_executor.executor.parallel:closing loop
[4.902s] DEBUG:colcon.colcon_parallel_executor.executor.parallel:loop closed
[4.902s] DEBUG:colcon.colcon_parallel_executor.executor.parallel:run_until_complete finished with '0'
[4.903s] DEBUG:colcon.colcon_core.event_reactor:joining thread
[4.920s] INFO:colcon.colcon_core.plugin_system:Skipping extension 'colcon_notification.desktop_notification.notify_send': Could not find 'notify-send'
[4.920s] INFO:colcon.colcon_core.plugin_system:Skipping extension 'colcon_notification.desktop_notification.terminal_notifier': Not used on non-Darwin systems
[4.921s] INFO:colcon.colcon_core.plugin_system:Skipping extension 'colcon_notification.desktop_notification.win32': Not used on non-Windows systems
[4.921s] INFO:colcon.colcon_notification.desktop_notification:Sending desktop notification using 'notify2'
[4.983s] DEBUG:colcon.colcon_notification.desktop_notification.notify2:Failed to initialize notify2: org.freedesktop.DBus.Error.ServiceUnknown: The name org.freedesktop.Notifications was not provided by any .service files
[4.984s] DEBUG:colcon.colcon_core.event_reactor:joined thread
[4.989s] INFO:colcon.colcon_core.shell:Creating prefix script '/home/vs/csc2207_project_ws/install/local_setup.ps1'
[4.993s] INFO:colcon.colcon_core.shell:Creating prefix util module '/home/vs/csc2207_project_ws/install/_local_setup_util_ps1.py'
[4.999s] INFO:colcon.colcon_core.shell:Creating prefix chain script '/home/vs/csc2207_project_ws/install/setup.ps1'
[5.006s] INFO:colcon.colcon_core.shell:Creating prefix script '/home/vs/csc2207_project_ws/install/local_setup.sh'
[5.007s] INFO:colcon.colcon_core.shell:Creating prefix util module '/home/vs/csc2207_project_ws/install/_local_setup_util_sh.py'
[5.009s] INFO:colcon.colcon_core.shell:Creating prefix chain script '/home/vs/csc2207_project_ws/install/setup.sh'
[5.021s] INFO:colcon.colcon_core.shell:Creating prefix script '/home/vs/csc2207_project_ws/install/local_setup.bash'
[5.024s] INFO:colcon.colcon_core.shell:Creating prefix chain script '/home/vs/csc2207_project_ws/install/setup.bash'
[5.038s] INFO:colcon.colcon_core.shell:Creating prefix script '/home/vs/csc2207_project_ws/install/local_setup.zsh'
[5.039s] INFO:colcon.colcon_core.shell:Creating prefix chain script '/home/vs/csc2207_project_ws/install/setup.zsh'
