[8.194s] DEBUG:colcon:Command line arguments: ['/usr/bin/colcon', 'build', '--packages-select', 'warehouse_robot_spawner_pkg']
[8.195s] DEBUG:colcon:Parsed command line arguments: Namespace(ament_cmake_args=None, base_paths=['.'], build_base='build', catkin_cmake_args=None, catkin_skip_building_tests=False, cmake_args=None, cmake_clean_cache=False, cmake_clean_first=False, cmake_force_configure=False, cmake_target=None, cmake_target_skip_unavailable=False, continue_on_error=False, event_handlers=None, executor='parallel', ignore_user_meta=False, install_base='install', log_base=None, log_level=None, main=<bound method BuildVerb.main of <colcon_core.verb.build.BuildVerb object at 0x7ff4c8a65490>>, merge_install=False, metas=['./colcon.meta'], mixin=None, mixin_files=None, mixin_verb=('build',), packages_above=None, packages_above_and_dependencies=None, packages_above_depth=None, packages_end=None, packages_ignore=None, packages_ignore_regex=None, packages_select=['warehouse_robot_spawner_pkg'], packages_select_build_failed=False, packages_select_by_dep=None, packages_select_regex=None, packages_select_test_failures=False, packages_skip=None, packages_skip_build_finished=False, packages_skip_by_dep=None, packages_skip_regex=None, packages_skip_test_passed=False, packages_skip_up_to=None, packages_start=None, packages_up_to=None, packages_up_to_regex=None, parallel_workers=8, paths=None, symlink_install=False, test_result_base=None, verb_extension=<colcon_core.verb.build.BuildVerb object at 0x7ff4c8a65490>, verb_name='build', verb_parser=<colcon_mixin.mixin.mixin_argument.MixinArgumentDecorator object at 0x7ff4c8a65af0>)
[9.198s] Level 1:colcon.colcon_core.package_discovery:discover_packages(colcon_meta) check parameters
[9.201s] Level 1:colcon.colcon_core.package_discovery:discover_packages(recursive) check parameters
[9.202s] Level 1:colcon.colcon_core.package_discovery:discover_packages(ignore) check parameters
[9.202s] Level 1:colcon.colcon_core.package_discovery:discover_packages(path) check parameters
[9.210s] Level 1:colcon.colcon_core.package_discovery:discover_packages(colcon_meta) discover
[9.215s] Level 1:colcon.colcon_core.package_discovery:discover_packages(recursive) discover
[9.216s] INFO:colcon.colcon_core.package_discovery:Crawling recursively for packages in '/home/vs/csc2207_project_ws/src'
[9.217s] Level 1:colcon.colcon_core.package_identification:_identify(.) by extensions ['ignore', 'ignore_ament_install']
[9.217s] Level 1:colcon.colcon_core.package_identification:_identify(.) by extension 'ignore'
[9.218s] Level 1:colcon.colcon_core.package_identification:_identify(.) by extension 'ignore_ament_install'
[9.219s] Level 1:colcon.colcon_core.package_identification:_identify(.) by extensions ['colcon_pkg']
[9.219s] Level 1:colcon.colcon_core.package_identification:_identify(.) by extension 'colcon_pkg'
[9.230s] Level 1:colcon.colcon_core.package_identification:_identify(.) by extensions ['colcon_meta']
[9.232s] Level 1:colcon.colcon_core.package_identification:_identify(.) by extension 'colcon_meta'
[9.232s] Level 1:colcon.colcon_core.package_identification:_identify(.) by extensions ['ros']
[9.233s] Level 1:colcon.colcon_core.package_identification:_identify(.) by extension 'ros'
[9.514s] Level 1:colcon.colcon_core.package_identification:_identify(.) by extensions ['cmake', 'python']
[9.515s] Level 1:colcon.colcon_core.package_identification:_identify(.) by extension 'cmake'
[9.515s] Level 1:colcon.colcon_core.package_identification:_identify(.) by extension 'python'
[9.516s] Level 1:colcon.colcon_core.package_identification:_identify(.) by extensions ['python_setup_py']
[9.517s] Level 1:colcon.colcon_core.package_identification:_identify(.) by extension 'python_setup_py'
[9.518s] Level 1:colcon.colcon_core.package_identification:_identify(build) by extensions ['ignore', 'ignore_ament_install']
[9.526s] Level 1:colcon.colcon_core.package_identification:_identify(build) by extension 'ignore'
[9.530s] Level 1:colcon.colcon_core.package_identification:_identify(build) ignored
[9.533s] Level 1:colcon.colcon_core.package_identification:_identify(install) by extensions ['ignore', 'ignore_ament_install']
[9.547s] Level 1:colcon.colcon_core.package_identification:_identify(install) by extension 'ignore'
[9.552s] Level 1:colcon.colcon_core.package_identification:_identify(install) ignored
[9.553s] Level 1:colcon.colcon_core.package_identification:_identify(localization) by extensions ['ignore', 'ignore_ament_install']
[9.554s] Level 1:colcon.colcon_core.package_identification:_identify(localization) by extension 'ignore'
[9.560s] Level 1:colcon.colcon_core.package_identification:_identify(localization) by extension 'ignore_ament_install'
[9.561s] Level 1:colcon.colcon_core.package_identification:_identify(localization) by extensions ['colcon_pkg']
[9.561s] Level 1:colcon.colcon_core.package_identification:_identify(localization) by extension 'colcon_pkg'
[9.562s] Level 1:colcon.colcon_core.package_identification:_identify(localization) by extensions ['colcon_meta']
[9.563s] Level 1:colcon.colcon_core.package_identification:_identify(localization) by extension 'colcon_meta'
[9.563s] Level 1:colcon.colcon_core.package_identification:_identify(localization) by extensions ['ros']
[9.564s] Level 1:colcon.colcon_core.package_identification:_identify(localization) by extension 'ros'
[9.599s] DEBUG:colcon.colcon_core.package_identification:Package 'localization' with type 'ros.ament_python' and name 'localization'
[9.603s] Level 1:colcon.colcon_core.package_identification:_identify(log) by extensions ['ignore', 'ignore_ament_install']
[9.607s] Level 1:colcon.colcon_core.package_identification:_identify(log) by extension 'ignore'
[9.608s] Level 1:colcon.colcon_core.package_identification:_identify(log) ignored
[9.609s] Level 1:colcon.colcon_core.package_identification:_identify(motion) by extensions ['ignore', 'ignore_ament_install']
[9.610s] Level 1:colcon.colcon_core.package_identification:_identify(motion) by extension 'ignore'
[9.610s] Level 1:colcon.colcon_core.package_identification:_identify(motion) by extension 'ignore_ament_install'
[9.611s] Level 1:colcon.colcon_core.package_identification:_identify(motion) by extensions ['colcon_pkg']
[9.611s] Level 1:colcon.colcon_core.package_identification:_identify(motion) by extension 'colcon_pkg'
[9.612s] Level 1:colcon.colcon_core.package_identification:_identify(motion) by extensions ['colcon_meta']
[9.612s] Level 1:colcon.colcon_core.package_identification:_identify(motion) by extension 'colcon_meta'
[9.613s] Level 1:colcon.colcon_core.package_identification:_identify(motion) by extensions ['ros']
[9.613s] Level 1:colcon.colcon_core.package_identification:_identify(motion) by extension 'ros'
[9.618s] DEBUG:colcon.colcon_core.package_identification:Package 'motion' with type 'ros.ament_python' and name 'motion'
[9.619s] Level 1:colcon.colcon_core.package_identification:_identify(warehouse_robot_spawner_pkg) by extensions ['ignore', 'ignore_ament_install']
[9.620s] Level 1:colcon.colcon_core.package_identification:_identify(warehouse_robot_spawner_pkg) by extension 'ignore'
[9.620s] Level 1:colcon.colcon_core.package_identification:_identify(warehouse_robot_spawner_pkg) by extension 'ignore_ament_install'
[9.621s] Level 1:colcon.colcon_core.package_identification:_identify(warehouse_robot_spawner_pkg) by extensions ['colcon_pkg']
[9.622s] Level 1:colcon.colcon_core.package_identification:_identify(warehouse_robot_spawner_pkg) by extension 'colcon_pkg'
[9.622s] Level 1:colcon.colcon_core.package_identification:_identify(warehouse_robot_spawner_pkg) by extensions ['colcon_meta']
[9.622s] Level 1:colcon.colcon_core.package_identification:_identify(warehouse_robot_spawner_pkg) by extension 'colcon_meta'
[9.624s] Level 1:colcon.colcon_core.package_identification:_identify(warehouse_robot_spawner_pkg) by extensions ['ros']
[9.625s] Level 1:colcon.colcon_core.package_identification:_identify(warehouse_robot_spawner_pkg) by extension 'ros'
[9.628s] DEBUG:colcon.colcon_core.package_identification:Package 'warehouse_robot_spawner_pkg' with type 'ros.ament_python' and name 'warehouse_robot_spawner_pkg'
[9.629s] Level 1:colcon.colcon_core.package_discovery:discover_packages(recursive) using defaults
[9.630s] Level 1:colcon.colcon_core.package_discovery:discover_packages(ignore) discover
[9.630s] Level 1:colcon.colcon_core.package_discovery:discover_packages(ignore) using defaults
[9.631s] Level 1:colcon.colcon_core.package_discovery:discover_packages(path) discover
[9.631s] Level 1:colcon.colcon_core.package_discovery:discover_packages(path) using defaults
[9.756s] INFO:colcon.colcon_core.package_selection:Skipping not selected package 'localization' in 'localization'
[9.759s] INFO:colcon.colcon_core.package_selection:Skipping not selected package 'motion' in 'motion'
[9.765s] Level 5:colcon.colcon_core.verb:set package 'warehouse_robot_spawner_pkg' build argument 'cmake_args' from command line to 'None'
[9.774s] Level 5:colcon.colcon_core.verb:set package 'warehouse_robot_spawner_pkg' build argument 'cmake_target' from command line to 'None'
[9.776s] Level 5:colcon.colcon_core.verb:set package 'warehouse_robot_spawner_pkg' build argument 'cmake_target_skip_unavailable' from command line to 'False'
[9.778s] Level 5:colcon.colcon_core.verb:set package 'warehouse_robot_spawner_pkg' build argument 'cmake_clean_cache' from command line to 'False'
[9.779s] Level 5:colcon.colcon_core.verb:set package 'warehouse_robot_spawner_pkg' build argument 'cmake_clean_first' from command line to 'False'
[9.783s] Level 5:colcon.colcon_core.verb:set package 'warehouse_robot_spawner_pkg' build argument 'cmake_force_configure' from command line to 'False'
[9.783s] Level 5:colcon.colcon_core.verb:set package 'warehouse_robot_spawner_pkg' build argument 'ament_cmake_args' from command line to 'None'
[9.787s] Level 5:colcon.colcon_core.verb:set package 'warehouse_robot_spawner_pkg' build argument 'catkin_cmake_args' from command line to 'None'
[9.787s] Level 5:colcon.colcon_core.verb:set package 'warehouse_robot_spawner_pkg' build argument 'catkin_skip_building_tests' from command line to 'False'
[9.788s] DEBUG:colcon.colcon_core.verb:Building package 'warehouse_robot_spawner_pkg' with the following arguments: {'ament_cmake_args': None, 'build_base': '/home/vs/csc2207_project_ws/src/build/warehouse_robot_spawner_pkg', 'catkin_cmake_args': None, 'catkin_skip_building_tests': False, 'cmake_args': None, 'cmake_clean_cache': False, 'cmake_clean_first': False, 'cmake_force_configure': False, 'cmake_target': None, 'cmake_target_skip_unavailable': False, 'install_base': '/home/vs/csc2207_project_ws/src/install/warehouse_robot_spawner_pkg', 'merge_install': False, 'path': '/home/vs/csc2207_project_ws/src/warehouse_robot_spawner_pkg', 'symlink_install': False, 'test_result_base': None}
[9.799s] INFO:colcon.colcon_core.executor:Executing jobs using 'parallel' executor
[9.831s] DEBUG:colcon.colcon_parallel_executor.executor.parallel:run_until_complete
[9.833s] INFO:colcon.colcon_ros.task.ament_python.build:Building ROS package in '/home/vs/csc2207_project_ws/src/warehouse_robot_spawner_pkg' with build type 'ament_python'
[9.833s] Level 1:colcon.colcon_core.shell:create_environment_hook('warehouse_robot_spawner_pkg', 'ament_prefix_path')
[9.855s] INFO:colcon.colcon_core.plugin_system:Skipping extension 'colcon_core.shell.bat': Not used on non-Windows systems
[9.887s] INFO:colcon.colcon_core.shell:Creating environment hook '/home/vs/csc2207_project_ws/src/install/warehouse_robot_spawner_pkg/share/warehouse_robot_spawner_pkg/hook/ament_prefix_path.ps1'
[9.913s] INFO:colcon.colcon_core.shell:Creating environment descriptor '/home/vs/csc2207_project_ws/src/install/warehouse_robot_spawner_pkg/share/warehouse_robot_spawner_pkg/hook/ament_prefix_path.dsv'
[9.917s] INFO:colcon.colcon_core.shell:Creating environment hook '/home/vs/csc2207_project_ws/src/install/warehouse_robot_spawner_pkg/share/warehouse_robot_spawner_pkg/hook/ament_prefix_path.sh'
[9.973s] INFO:colcon.colcon_core.shell:Skip shell extension 'powershell' for command environment: Not usable outside of PowerShell
[9.973s] DEBUG:colcon.colcon_core.shell:Skip shell extension 'dsv' for command environment
[15.446s] INFO:colcon.colcon_core.task.python.build:Building Python package in '/home/vs/csc2207_project_ws/src/warehouse_robot_spawner_pkg'
[15.452s] INFO:colcon.colcon_core.shell:Skip shell extension 'powershell' for command environment: Not usable outside of PowerShell
[15.453s] DEBUG:colcon.colcon_core.shell:Skip shell extension 'dsv' for command environment
[20.603s] DEBUG:colcon.colcon_core.event_handler.log_command:Invoking command in '/home/vs/csc2207_project_ws/src/warehouse_robot_spawner_pkg': PYTHONPATH=/home/vs/csc2207_project_ws/src/build/warehouse_robot_spawner_pkg/prefix_override:/home/vs/csc2207_project_ws/src/install/warehouse_robot_spawner_pkg/lib/python3.8/site-packages:${PYTHONPATH} /usr/bin/python3 setup.py egg_info --egg-base ../build/warehouse_robot_spawner_pkg build --build-base /home/vs/csc2207_project_ws/src/build/warehouse_robot_spawner_pkg/build install --record /home/vs/csc2207_project_ws/src/build/warehouse_robot_spawner_pkg/install.log --install-scripts $base/lib/warehouse_robot_spawner_pkg --single-version-externally-managed
[24.091s] DEBUG:colcon.colcon_core.event_handler.log_command:Invoked command in '/home/vs/csc2207_project_ws/src/warehouse_robot_spawner_pkg' returned '0': PYTHONPATH=/home/vs/csc2207_project_ws/src/build/warehouse_robot_spawner_pkg/prefix_override:/home/vs/csc2207_project_ws/src/install/warehouse_robot_spawner_pkg/lib/python3.8/site-packages:${PYTHONPATH} /usr/bin/python3 setup.py egg_info --egg-base ../build/warehouse_robot_spawner_pkg build --build-base /home/vs/csc2207_project_ws/src/build/warehouse_robot_spawner_pkg/build install --record /home/vs/csc2207_project_ws/src/build/warehouse_robot_spawner_pkg/install.log --install-scripts $base/lib/warehouse_robot_spawner_pkg --single-version-externally-managed
[24.151s] Level 1:colcon.colcon_core.environment:checking '/home/vs/csc2207_project_ws/src/install/warehouse_robot_spawner_pkg' for CMake module files
[24.161s] Level 1:colcon.colcon_core.environment:checking '/home/vs/csc2207_project_ws/src/install/warehouse_robot_spawner_pkg' for CMake config files
[24.165s] Level 1:colcon.colcon_core.environment:checking '/home/vs/csc2207_project_ws/src/install/warehouse_robot_spawner_pkg/lib'
[24.182s] Level 1:colcon.colcon_core.environment:checking '/home/vs/csc2207_project_ws/src/install/warehouse_robot_spawner_pkg/bin'
[24.183s] Level 1:colcon.colcon_core.environment:checking '/home/vs/csc2207_project_ws/src/install/warehouse_robot_spawner_pkg/lib/pkgconfig/warehouse_robot_spawner_pkg.pc'
[24.184s] Level 1:colcon.colcon_core.environment:checking '/home/vs/csc2207_project_ws/src/install/warehouse_robot_spawner_pkg/lib/python3.8/site-packages'
[24.185s] Level 1:colcon.colcon_core.shell:create_environment_hook('warehouse_robot_spawner_pkg', 'pythonpath')
[24.205s] INFO:colcon.colcon_core.shell:Creating environment hook '/home/vs/csc2207_project_ws/src/install/warehouse_robot_spawner_pkg/share/warehouse_robot_spawner_pkg/hook/pythonpath.ps1'
[24.208s] INFO:colcon.colcon_core.shell:Creating environment descriptor '/home/vs/csc2207_project_ws/src/install/warehouse_robot_spawner_pkg/share/warehouse_robot_spawner_pkg/hook/pythonpath.dsv'
[24.216s] INFO:colcon.colcon_core.shell:Creating environment hook '/home/vs/csc2207_project_ws/src/install/warehouse_robot_spawner_pkg/share/warehouse_robot_spawner_pkg/hook/pythonpath.sh'
[24.220s] Level 1:colcon.colcon_core.environment:checking '/home/vs/csc2207_project_ws/src/install/warehouse_robot_spawner_pkg/bin'
[24.221s] Level 1:colcon.colcon_core.environment:create_environment_scripts_only(warehouse_robot_spawner_pkg)
[24.228s] INFO:colcon.colcon_core.shell:Creating package script '/home/vs/csc2207_project_ws/src/install/warehouse_robot_spawner_pkg/share/warehouse_robot_spawner_pkg/package.ps1'
[24.240s] INFO:colcon.colcon_core.shell:Creating package descriptor '/home/vs/csc2207_project_ws/src/install/warehouse_robot_spawner_pkg/share/warehouse_robot_spawner_pkg/package.dsv'
[24.243s] INFO:colcon.colcon_core.shell:Creating package script '/home/vs/csc2207_project_ws/src/install/warehouse_robot_spawner_pkg/share/warehouse_robot_spawner_pkg/package.sh'
[24.271s] INFO:colcon.colcon_core.shell:Creating package script '/home/vs/csc2207_project_ws/src/install/warehouse_robot_spawner_pkg/share/warehouse_robot_spawner_pkg/package.bash'
[24.296s] INFO:colcon.colcon_core.shell:Creating package script '/home/vs/csc2207_project_ws/src/install/warehouse_robot_spawner_pkg/share/warehouse_robot_spawner_pkg/package.zsh'
[24.299s] Level 1:colcon.colcon_core.environment:create_file_with_runtime_dependencies(/home/vs/csc2207_project_ws/src/install/warehouse_robot_spawner_pkg/share/colcon-core/packages/warehouse_robot_spawner_pkg)
[24.301s] DEBUG:colcon.colcon_parallel_executor.executor.parallel:closing loop
[24.301s] DEBUG:colcon.colcon_parallel_executor.executor.parallel:loop closed
[24.302s] DEBUG:colcon.colcon_parallel_executor.executor.parallel:run_until_complete finished with '0'
[24.302s] DEBUG:colcon.colcon_core.event_reactor:joining thread
[24.439s] INFO:colcon.colcon_core.plugin_system:Skipping extension 'colcon_notification.desktop_notification.notify_send': Could not find 'notify-send'
[24.440s] INFO:colcon.colcon_core.plugin_system:Skipping extension 'colcon_notification.desktop_notification.terminal_notifier': Not used on non-Darwin systems
[24.440s] INFO:colcon.colcon_core.plugin_system:Skipping extension 'colcon_notification.desktop_notification.win32': Not used on non-Windows systems
[24.440s] INFO:colcon.colcon_notification.desktop_notification:Sending desktop notification using 'notify2'
[24.637s] DEBUG:colcon.colcon_notification.desktop_notification.notify2:Failed to initialize notify2: org.freedesktop.DBus.Error.ServiceUnknown: The name org.freedesktop.Notifications was not provided by any .service files
[24.645s] DEBUG:colcon.colcon_core.event_reactor:joined thread
[24.711s] INFO:colcon.colcon_core.shell:Creating prefix script '/home/vs/csc2207_project_ws/src/install/local_setup.ps1'
[24.748s] INFO:colcon.colcon_core.shell:Creating prefix util module '/home/vs/csc2207_project_ws/src/install/_local_setup_util_ps1.py'
[24.755s] INFO:colcon.colcon_core.shell:Creating prefix chain script '/home/vs/csc2207_project_ws/src/install/setup.ps1'
[24.787s] INFO:colcon.colcon_core.shell:Creating prefix script '/home/vs/csc2207_project_ws/src/install/local_setup.sh'
[24.798s] INFO:colcon.colcon_core.shell:Creating prefix util module '/home/vs/csc2207_project_ws/src/install/_local_setup_util_sh.py'
[24.802s] INFO:colcon.colcon_core.shell:Creating prefix chain script '/home/vs/csc2207_project_ws/src/install/setup.sh'
[24.823s] INFO:colcon.colcon_core.shell:Creating prefix script '/home/vs/csc2207_project_ws/src/install/local_setup.bash'
[24.854s] INFO:colcon.colcon_core.shell:Creating prefix chain script '/home/vs/csc2207_project_ws/src/install/setup.bash'
[24.859s] INFO:colcon.colcon_core.shell:Creating prefix script '/home/vs/csc2207_project_ws/src/install/local_setup.zsh'
[24.889s] INFO:colcon.colcon_core.shell:Creating prefix chain script '/home/vs/csc2207_project_ws/src/install/setup.zsh'
