[3.764s] Invoking command in '/home/vs/csc2207_project_ws/src/localization': PYTHONPATH=/home/vs/csc2207_project_ws/build/localization/prefix_override:/home/vs/csc2207_project_ws/install/localization/lib/python3.8/site-packages:${PYTHONPATH} /usr/bin/python3 setup.py egg_info --egg-base ../../build/localization build --build-base /home/vs/csc2207_project_ws/build/localization/build install --record /home/vs/csc2207_project_ws/build/localization/install.log --install-scripts $base/lib/localization --single-version-externally-managed
[4.716s] running egg_info
[4.716s] writing ../../build/localization/localization.egg-info/PKG-INFO
[4.719s] writing dependency_links to ../../build/localization/localization.egg-info/dependency_links.txt
[4.720s] writing entry points to ../../build/localization/localization.egg-info/entry_points.txt
[4.724s] writing requirements to ../../build/localization/localization.egg-info/requires.txt
[4.728s] writing top-level names to ../../build/localization/localization.egg-info/top_level.txt
[4.952s] reading manifest file '../../build/localization/localization.egg-info/SOURCES.txt'
[4.956s] writing manifest file '../../build/localization/localization.egg-info/SOURCES.txt'
[4.956s] running build
[4.957s] running build_py
[4.957s] copying localization/localization.py -> /home/vs/csc2207_project_ws/build/localization/build/lib/localization
[4.958s] running install
[4.967s] running install_lib
[4.973s] copying /home/vs/csc2207_project_ws/build/localization/build/lib/localization/localization.py -> /home/vs/csc2207_project_ws/install/localization/lib/python3.8/site-packages/localization
[4.975s] byte-compiling /home/vs/csc2207_project_ws/install/localization/lib/python3.8/site-packages/localization/localization.py to localization.cpython-38.pyc
[4.979s] running install_data
[4.982s] running install_egg_info
[4.994s] removing '/home/vs/csc2207_project_ws/install/localization/lib/python3.8/site-packages/localization-0.0.0-py3.8.egg-info' (and everything under it)
[4.997s] Copying ../../build/localization/localization.egg-info to /home/vs/csc2207_project_ws/install/localization/lib/python3.8/site-packages/localization-0.0.0-py3.8.egg-info
[5.003s] running install_scripts
[5.118s] Installing localization_node script to /home/vs/csc2207_project_ws/install/localization/lib/localization
[5.119s] writing list of installed files to '/home/vs/csc2207_project_ws/build/localization/install.log'
[5.229s] Invoked command in '/home/vs/csc2207_project_ws/src/localization' returned '0': PYTHONPATH=/home/vs/csc2207_project_ws/build/localization/prefix_override:/home/vs/csc2207_project_ws/install/localization/lib/python3.8/site-packages:${PYTHONPATH} /usr/bin/python3 setup.py egg_info --egg-base ../../build/localization build --build-base /home/vs/csc2207_project_ws/build/localization/build install --record /home/vs/csc2207_project_ws/build/localization/install.log --install-scripts $base/lib/localization --single-version-externally-managed
