[2.447s] Invoking command in '/home/vs/csc2207_project_ws/src/motion': PYTHONPATH=/home/vs/csc2207_project_ws/build/motion/prefix_override:/home/vs/csc2207_project_ws/install/motion/lib/python3.8/site-packages:${PYTHONPATH} /usr/bin/python3 setup.py egg_info --egg-base ../../build/motion build --build-base /home/vs/csc2207_project_ws/build/motion/build install --record /home/vs/csc2207_project_ws/build/motion/install.log --install-scripts $base/lib/motion --single-version-externally-managed
[3.118s] running egg_info
[3.119s] writing ../../build/motion/motion.egg-info/PKG-INFO
[3.121s] writing dependency_links to ../../build/motion/motion.egg-info/dependency_links.txt
[3.123s] writing entry points to ../../build/motion/motion.egg-info/entry_points.txt
[3.124s] writing requirements to ../../build/motion/motion.egg-info/requires.txt
[3.124s] writing top-level names to ../../build/motion/motion.egg-info/top_level.txt
[3.241s] reading manifest file '../../build/motion/motion.egg-info/SOURCES.txt'
[3.245s] writing manifest file '../../build/motion/motion.egg-info/SOURCES.txt'
[3.245s] running build
[3.246s] running build_py
[3.246s] running install
[3.248s] running install_lib
[3.257s] running install_data
[3.262s] running install_egg_info
[3.263s] removing '/home/vs/csc2207_project_ws/install/motion/lib/python3.8/site-packages/motion-0.0.0-py3.8.egg-info' (and everything under it)
[3.268s] Copying ../../build/motion/motion.egg-info to /home/vs/csc2207_project_ws/install/motion/lib/python3.8/site-packages/motion-0.0.0-py3.8.egg-info
[3.278s] running install_scripts
[3.327s] Installing motion_node script to /home/vs/csc2207_project_ws/install/motion/lib/motion
[3.329s] writing list of installed files to '/home/vs/csc2207_project_ws/build/motion/install.log'
[3.385s] Invoked command in '/home/vs/csc2207_project_ws/src/motion' returned '0': PYTHONPATH=/home/vs/csc2207_project_ws/build/motion/prefix_override:/home/vs/csc2207_project_ws/install/motion/lib/python3.8/site-packages:${PYTHONPATH} /usr/bin/python3 setup.py egg_info --egg-base ../../build/motion build --build-base /home/vs/csc2207_project_ws/build/motion/build install --record /home/vs/csc2207_project_ws/build/motion/install.log --install-scripts $base/lib/motion --single-version-externally-managed
