running egg_info
creating ../build/warehouse_robot_spawner_pkg/warehouse_robot_spawner_pkg.egg-info
writing ../build/warehouse_robot_spawner_pkg/warehouse_robot_spawner_pkg.egg-info/PKG-INFO
writing dependency_links to ../build/warehouse_robot_spawner_pkg/warehouse_robot_spawner_pkg.egg-info/dependency_links.txt
writing entry points to ../build/warehouse_robot_spawner_pkg/warehouse_robot_spawner_pkg.egg-info/entry_points.txt
writing requirements to ../build/warehouse_robot_spawner_pkg/warehouse_robot_spawner_pkg.egg-info/requires.txt
writing top-level names to ../build/warehouse_robot_spawner_pkg/warehouse_robot_spawner_pkg.egg-info/top_level.txt
writing manifest file '../build/warehouse_robot_spawner_pkg/warehouse_robot_spawner_pkg.egg-info/SOURCES.txt'
reading manifest file '../build/warehouse_robot_spawner_pkg/warehouse_robot_spawner_pkg.egg-info/SOURCES.txt'
writing manifest file '../build/warehouse_robot_spawner_pkg/warehouse_robot_spawner_pkg.egg-info/SOURCES.txt'
running build
running build_py
creating /home/vs/csc2207_project_ws/src/build/warehouse_robot_spawner_pkg/build
creating /home/vs/csc2207_project_ws/src/build/warehouse_robot_spawner_pkg/build/lib
creating /home/vs/csc2207_project_ws/src/build/warehouse_robot_spawner_pkg/build/lib/warehouse_robot_spawner_pkg
copying warehouse_robot_spawner_pkg/__init__.py -> /home/vs/csc2207_project_ws/src/build/warehouse_robot_spawner_pkg/build/lib/warehouse_robot_spawner_pkg
copying warehouse_robot_spawner_pkg/spawn_demo.py -> /home/vs/csc2207_project_ws/src/build/warehouse_robot_spawner_pkg/build/lib/warehouse_robot_spawner_pkg
running install
running install_lib
creating /home/vs/csc2207_project_ws/src/install/warehouse_robot_spawner_pkg/lib/python3.8/site-packages/warehouse_robot_spawner_pkg
copying /home/vs/csc2207_project_ws/src/build/warehouse_robot_spawner_pkg/build/lib/warehouse_robot_spawner_pkg/__init__.py -> /home/vs/csc2207_project_ws/src/install/warehouse_robot_spawner_pkg/lib/python3.8/site-packages/warehouse_robot_spawner_pkg
copying /home/vs/csc2207_project_ws/src/build/warehouse_robot_spawner_pkg/build/lib/warehouse_robot_spawner_pkg/spawn_demo.py -> /home/vs/csc2207_project_ws/src/install/warehouse_robot_spawner_pkg/lib/python3.8/site-packages/warehouse_robot_spawner_pkg
byte-compiling /home/vs/csc2207_project_ws/src/install/warehouse_robot_spawner_pkg/lib/python3.8/site-packages/warehouse_robot_spawner_pkg/__init__.py to __init__.cpython-38.pyc
byte-compiling /home/vs/csc2207_project_ws/src/install/warehouse_robot_spawner_pkg/lib/python3.8/site-packages/warehouse_robot_spawner_pkg/spawn_demo.py to spawn_demo.cpython-38.pyc
running install_data
creating /home/vs/csc2207_project_ws/src/install/warehouse_robot_spawner_pkg/share/ament_index
creating /home/vs/csc2207_project_ws/src/install/warehouse_robot_spawner_pkg/share/ament_index/resource_index
creating /home/vs/csc2207_project_ws/src/install/warehouse_robot_spawner_pkg/share/ament_index/resource_index/packages
copying resource/warehouse_robot_spawner_pkg -> /home/vs/csc2207_project_ws/src/install/warehouse_robot_spawner_pkg/share/ament_index/resource_index/packages
copying package.xml -> /home/vs/csc2207_project_ws/src/install/warehouse_robot_spawner_pkg/share/warehouse_robot_spawner_pkg
creating /home/vs/csc2207_project_ws/src/install/warehouse_robot_spawner_pkg/share/warehouse_robot_spawner_pkg/launch
copying launch/gazebo_world.launch.py -> /home/vs/csc2207_project_ws/src/install/warehouse_robot_spawner_pkg/share/warehouse_robot_spawner_pkg/launch
creating /home/vs/csc2207_project_ws/src/install/warehouse_robot_spawner_pkg/share/warehouse_robot_spawner_pkg/worlds
copying ./worlds/warehouse.world -> /home/vs/csc2207_project_ws/src/install/warehouse_robot_spawner_pkg/share/warehouse_robot_spawner_pkg/worlds/
creating /home/vs/csc2207_project_ws/src/install/warehouse_robot_spawner_pkg/share/warehouse_robot_spawner_pkg/models
creating /home/vs/csc2207_project_ws/src/install/warehouse_robot_spawner_pkg/share/warehouse_robot_spawner_pkg/models/simple_contained_space
copying ./models/simple_contained_space/model.config -> /home/vs/csc2207_project_ws/src/install/warehouse_robot_spawner_pkg/share/warehouse_robot_spawner_pkg/models/simple_contained_space/
copying ./models/simple_contained_space/model.sdf -> /home/vs/csc2207_project_ws/src/install/warehouse_robot_spawner_pkg/share/warehouse_robot_spawner_pkg/models/simple_contained_space/
creating /home/vs/csc2207_project_ws/src/install/warehouse_robot_spawner_pkg/share/warehouse_robot_spawner_pkg/models/mobile_warehouse_robot
copying ./models/mobile_warehouse_robot/model.config -> /home/vs/csc2207_project_ws/src/install/warehouse_robot_spawner_pkg/share/warehouse_robot_spawner_pkg/models/mobile_warehouse_robot/
copying ./models/mobile_warehouse_robot/model.sdf -> /home/vs/csc2207_project_ws/src/install/warehouse_robot_spawner_pkg/share/warehouse_robot_spawner_pkg/models/mobile_warehouse_robot/
copying ./worlds/warehouse.world -> /home/vs/csc2207_project_ws/src/install/warehouse_robot_spawner_pkg/share/warehouse_robot_spawner_pkg/models/
running install_egg_info
Copying ../build/warehouse_robot_spawner_pkg/warehouse_robot_spawner_pkg.egg-info to /home/vs/csc2207_project_ws/src/install/warehouse_robot_spawner_pkg/lib/python3.8/site-packages/warehouse_robot_spawner_pkg-0.0.0-py3.8.egg-info
running install_scripts
Installing spawn_demo script to /home/vs/csc2207_project_ws/src/install/warehouse_robot_spawner_pkg/lib/warehouse_robot_spawner_pkg
writing list of installed files to '/home/vs/csc2207_project_ws/src/build/warehouse_robot_spawner_pkg/install.log'
