[16.238s] DEBUG:colcon:Command line arguments: ['/usr/bin/colcon', 'build', '--packages-select', 'motion']
[16.253s] DEBUG:colcon:Parsed command line arguments: Namespace(ament_cmake_args=None, base_paths=['.'], build_base='build', catkin_cmake_args=None, catkin_skip_building_tests=False, cmake_args=None, cmake_clean_cache=False, cmake_clean_first=False, cmake_force_configure=False, cmake_target=None, cmake_target_skip_unavailable=False, continue_on_error=False, event_handlers=None, executor='parallel', ignore_user_meta=False, install_base='install', log_base=None, log_level=None, main=<bound method BuildVerb.main of <colcon_core.verb.build.BuildVerb object at 0x7f30980965e0>>, merge_install=False, metas=['./colcon.meta'], mixin=None, mixin_files=None, mixin_verb=('build',), packages_above=None, packages_above_and_dependencies=None, packages_above_depth=None, packages_end=None, packages_ignore=None, packages_ignore_regex=None, packages_select=['motion'], packages_select_build_failed=False, packages_select_by_dep=None, packages_select_regex=None, packages_select_test_failures=False, packages_skip=None, packages_skip_build_finished=False, packages_skip_by_dep=None, packages_skip_regex=None, packages_skip_test_passed=False, packages_skip_up_to=None, packages_start=None, packages_up_to=None, packages_up_to_regex=None, parallel_workers=8, paths=None, symlink_install=False, test_result_base=None, verb_extension=<colcon_core.verb.build.BuildVerb object at 0x7f30980965e0>, verb_name='build', verb_parser=<colcon_mixin.mixin.mixin_argument.MixinArgumentDecorator object at 0x7f3098096c40>)
[17.112s] Level 1:colcon.colcon_core.package_discovery:discover_packages(colcon_meta) check parameters
[17.136s] Level 1:colcon.colcon_core.package_discovery:discover_packages(recursive) check parameters
[17.137s] Level 1:colcon.colcon_core.package_discovery:discover_packages(ignore) check parameters
[17.137s] Level 1:colcon.colcon_core.package_discovery:discover_packages(path) check parameters
[17.138s] Level 1:colcon.colcon_core.package_discovery:discover_packages(colcon_meta) discover
[17.139s] Level 1:colcon.colcon_core.package_discovery:discover_packages(recursive) discover
[17.167s] INFO:colcon.colcon_core.package_discovery:Crawling recursively for packages in '/home/vs/csc2207_project_ws'
[17.171s] Level 1:colcon.colcon_core.package_identification:_identify(.) by extensions ['ignore', 'ignore_ament_install']
[17.172s] Level 1:colcon.colcon_core.package_identification:_identify(.) by extension 'ignore'
[17.207s] Level 1:colcon.colcon_core.package_identification:_identify(.) by extension 'ignore_ament_install'
[17.208s] Level 1:colcon.colcon_core.package_identification:_identify(.) by extensions ['colcon_pkg']
[17.226s] Level 1:colcon.colcon_core.package_identification:_identify(.) by extension 'colcon_pkg'
[17.227s] Level 1:colcon.colcon_core.package_identification:_identify(.) by extensions ['colcon_meta']
[17.250s] Level 1:colcon.colcon_core.package_identification:_identify(.) by extension 'colcon_meta'
[17.252s] Level 1:colcon.colcon_core.package_identification:_identify(.) by extensions ['ros']
[17.253s] Level 1:colcon.colcon_core.package_identification:_identify(.) by extension 'ros'
[17.843s] Level 1:colcon.colcon_core.package_identification:_identify(.) by extensions ['cmake', 'python']
[17.853s] Level 1:colcon.colcon_core.package_identification:_identify(.) by extension 'cmake'
[17.872s] Level 1:colcon.colcon_core.package_identification:_identify(.) by extension 'python'
[17.873s] Level 1:colcon.colcon_core.package_identification:_identify(.) by extensions ['python_setup_py']
[17.873s] Level 1:colcon.colcon_core.package_identification:_identify(.) by extension 'python_setup_py'
[17.874s] Level 1:colcon.colcon_core.package_identification:_identify(build) by extensions ['ignore', 'ignore_ament_install']
[17.875s] Level 1:colcon.colcon_core.package_identification:_identify(build) by extension 'ignore'
[17.891s] Level 1:colcon.colcon_core.package_identification:_identify(build) ignored
[17.892s] Level 1:colcon.colcon_core.package_identification:_identify(install) by extensions ['ignore', 'ignore_ament_install']
[17.901s] Level 1:colcon.colcon_core.package_identification:_identify(install) by extension 'ignore'
[17.901s] Level 1:colcon.colcon_core.package_identification:_identify(install) ignored
[17.902s] Level 1:colcon.colcon_core.package_identification:_identify(log) by extensions ['ignore', 'ignore_ament_install']
[17.903s] Level 1:colcon.colcon_core.package_identification:_identify(log) by extension 'ignore'
[17.903s] Level 1:colcon.colcon_core.package_identification:_identify(log) ignored
[17.903s] Level 1:colcon.colcon_core.package_identification:_identify(src) by extensions ['ignore', 'ignore_ament_install']
[17.903s] Level 1:colcon.colcon_core.package_identification:_identify(src) by extension 'ignore'
[17.904s] Level 1:colcon.colcon_core.package_identification:_identify(src) by extension 'ignore_ament_install'
[17.904s] Level 1:colcon.colcon_core.package_identification:_identify(src) by extensions ['colcon_pkg']
[17.904s] Level 1:colcon.colcon_core.package_identification:_identify(src) by extension 'colcon_pkg'
[17.904s] Level 1:colcon.colcon_core.package_identification:_identify(src) by extensions ['colcon_meta']
[17.904s] Level 1:colcon.colcon_core.package_identification:_identify(src) by extension 'colcon_meta'
[17.904s] Level 1:colcon.colcon_core.package_identification:_identify(src) by extensions ['ros']
[17.904s] Level 1:colcon.colcon_core.package_identification:_identify(src) by extension 'ros'
[17.905s] Level 1:colcon.colcon_core.package_identification:_identify(src) by extensions ['cmake', 'python']
[17.905s] Level 1:colcon.colcon_core.package_identification:_identify(src) by extension 'cmake'
[17.905s] Level 1:colcon.colcon_core.package_identification:_identify(src) by extension 'python'
[17.905s] Level 1:colcon.colcon_core.package_identification:_identify(src) by extensions ['python_setup_py']
[17.905s] Level 1:colcon.colcon_core.package_identification:_identify(src) by extension 'python_setup_py'
[17.906s] Level 1:colcon.colcon_core.package_identification:_identify(src/build) by extensions ['ignore', 'ignore_ament_install']
[17.906s] Level 1:colcon.colcon_core.package_identification:_identify(src/build) by extension 'ignore'
[17.906s] Level 1:colcon.colcon_core.package_identification:_identify(src/build) ignored
[17.910s] Level 1:colcon.colcon_core.package_identification:_identify(src/install) by extensions ['ignore', 'ignore_ament_install']
[17.911s] Level 1:colcon.colcon_core.package_identification:_identify(src/install) by extension 'ignore'
[17.911s] Level 1:colcon.colcon_core.package_identification:_identify(src/install) ignored
[17.912s] Level 1:colcon.colcon_core.package_identification:_identify(src/localization) by extensions ['ignore', 'ignore_ament_install']
[17.912s] Level 1:colcon.colcon_core.package_identification:_identify(src/localization) by extension 'ignore'
[17.912s] Level 1:colcon.colcon_core.package_identification:_identify(src/localization) by extension 'ignore_ament_install'
[17.912s] Level 1:colcon.colcon_core.package_identification:_identify(src/localization) by extensions ['colcon_pkg']
[17.912s] Level 1:colcon.colcon_core.package_identification:_identify(src/localization) by extension 'colcon_pkg'
[17.913s] Level 1:colcon.colcon_core.package_identification:_identify(src/localization) by extensions ['colcon_meta']
[17.913s] Level 1:colcon.colcon_core.package_identification:_identify(src/localization) by extension 'colcon_meta'
[17.913s] Level 1:colcon.colcon_core.package_identification:_identify(src/localization) by extensions ['ros']
[17.913s] Level 1:colcon.colcon_core.package_identification:_identify(src/localization) by extension 'ros'
[17.931s] DEBUG:colcon.colcon_core.package_identification:Package 'src/localization' with type 'ros.ament_python' and name 'localization'
[17.933s] Level 1:colcon.colcon_core.package_identification:_identify(src/log) by extensions ['ignore', 'ignore_ament_install']
[17.934s] Level 1:colcon.colcon_core.package_identification:_identify(src/log) by extension 'ignore'
[17.935s] Level 1:colcon.colcon_core.package_identification:_identify(src/log) ignored
[17.936s] Level 1:colcon.colcon_core.package_identification:_identify(src/motion) by extensions ['ignore', 'ignore_ament_install']
[17.937s] Level 1:colcon.colcon_core.package_identification:_identify(src/motion) by extension 'ignore'
[17.938s] Level 1:colcon.colcon_core.package_identification:_identify(src/motion) by extension 'ignore_ament_install'
[17.939s] Level 1:colcon.colcon_core.package_identification:_identify(src/motion) by extensions ['colcon_pkg']
[17.939s] Level 1:colcon.colcon_core.package_identification:_identify(src/motion) by extension 'colcon_pkg'
[17.940s] Level 1:colcon.colcon_core.package_identification:_identify(src/motion) by extensions ['colcon_meta']
[17.940s] Level 1:colcon.colcon_core.package_identification:_identify(src/motion) by extension 'colcon_meta'
[17.941s] Level 1:colcon.colcon_core.package_identification:_identify(src/motion) by extensions ['ros']
[17.941s] Level 1:colcon.colcon_core.package_identification:_identify(src/motion) by extension 'ros'
[17.947s] DEBUG:colcon.colcon_core.package_identification:Package 'src/motion' with type 'ros.ament_python' and name 'motion'
[17.950s] Level 1:colcon.colcon_core.package_identification:_identify(src/warehouse_robot_spawner_pkg) by extensions ['ignore', 'ignore_ament_install']
[17.955s] Level 1:colcon.colcon_core.package_identification:_identify(src/warehouse_robot_spawner_pkg) by extension 'ignore'
[17.956s] Level 1:colcon.colcon_core.package_identification:_identify(src/warehouse_robot_spawner_pkg) by extension 'ignore_ament_install'
[17.957s] Level 1:colcon.colcon_core.package_identification:_identify(src/warehouse_robot_spawner_pkg) by extensions ['colcon_pkg']
[17.957s] Level 1:colcon.colcon_core.package_identification:_identify(src/warehouse_robot_spawner_pkg) by extension 'colcon_pkg'
[17.957s] Level 1:colcon.colcon_core.package_identification:_identify(src/warehouse_robot_spawner_pkg) by extensions ['colcon_meta']
[17.958s] Level 1:colcon.colcon_core.package_identification:_identify(src/warehouse_robot_spawner_pkg) by extension 'colcon_meta'
[17.958s] Level 1:colcon.colcon_core.package_identification:_identify(src/warehouse_robot_spawner_pkg) by extensions ['ros']
[17.959s] Level 1:colcon.colcon_core.package_identification:_identify(src/warehouse_robot_spawner_pkg) by extension 'ros'
[17.967s] DEBUG:colcon.colcon_core.package_identification:Package 'src/warehouse_robot_spawner_pkg' with type 'ros.ament_python' and name 'warehouse_robot_spawner_pkg'
[17.967s] Level 1:colcon.colcon_core.package_discovery:discover_packages(recursive) using defaults
[17.968s] Level 1:colcon.colcon_core.package_discovery:discover_packages(ignore) discover
[17.969s] Level 1:colcon.colcon_core.package_discovery:discover_packages(ignore) using defaults
[17.970s] Level 1:colcon.colcon_core.package_discovery:discover_packages(path) discover
[17.971s] Level 1:colcon.colcon_core.package_discovery:discover_packages(path) using defaults
[18.134s] INFO:colcon.colcon_core.package_selection:Skipping not selected package 'localization' in 'src/localization'
[18.135s] INFO:colcon.colcon_core.package_selection:Skipping not selected package 'warehouse_robot_spawner_pkg' in 'src/warehouse_robot_spawner_pkg'
[18.164s] Level 5:colcon.colcon_core.verb:set package 'motion' build argument 'cmake_args' from command line to 'None'
[18.164s] Level 5:colcon.colcon_core.verb:set package 'motion' build argument 'cmake_target' from command line to 'None'
[18.165s] Level 5:colcon.colcon_core.verb:set package 'motion' build argument 'cmake_target_skip_unavailable' from command line to 'False'
[18.165s] Level 5:colcon.colcon_core.verb:set package 'motion' build argument 'cmake_clean_cache' from command line to 'False'
[18.165s] Level 5:colcon.colcon_core.verb:set package 'motion' build argument 'cmake_clean_first' from command line to 'False'
[18.165s] Level 5:colcon.colcon_core.verb:set package 'motion' build argument 'cmake_force_configure' from command line to 'False'
[18.165s] Level 5:colcon.colcon_core.verb:set package 'motion' build argument 'ament_cmake_args' from command line to 'None'
[18.165s] Level 5:colcon.colcon_core.verb:set package 'motion' build argument 'catkin_cmake_args' from command line to 'None'
[18.165s] Level 5:colcon.colcon_core.verb:set package 'motion' build argument 'catkin_skip_building_tests' from command line to 'False'
[18.165s] DEBUG:colcon.colcon_core.verb:Building package 'motion' with the following arguments: {'ament_cmake_args': None, 'build_base': '/home/vs/csc2207_project_ws/build/motion', 'catkin_cmake_args': None, 'catkin_skip_building_tests': False, 'cmake_args': None, 'cmake_clean_cache': False, 'cmake_clean_first': False, 'cmake_force_configure': False, 'cmake_target': None, 'cmake_target_skip_unavailable': False, 'install_base': '/home/vs/csc2207_project_ws/install/motion', 'merge_install': False, 'path': '/home/vs/csc2207_project_ws/src/motion', 'symlink_install': False, 'test_result_base': None}
[18.199s] INFO:colcon.colcon_core.executor:Executing jobs using 'parallel' executor
[18.307s] DEBUG:colcon.colcon_parallel_executor.executor.parallel:run_until_complete
[18.309s] INFO:colcon.colcon_ros.task.ament_python.build:Building ROS package in '/home/vs/csc2207_project_ws/src/motion' with build type 'ament_python'
[18.309s] Level 1:colcon.colcon_core.shell:create_environment_hook('motion', 'ament_prefix_path')
[18.434s] INFO:colcon.colcon_core.plugin_system:Skipping extension 'colcon_core.shell.bat': Not used on non-Windows systems
[18.505s] INFO:colcon.colcon_core.shell:Creating environment hook '/home/vs/csc2207_project_ws/install/motion/share/motion/hook/ament_prefix_path.ps1'
[18.599s] INFO:colcon.colcon_core.shell:Creating environment descriptor '/home/vs/csc2207_project_ws/install/motion/share/motion/hook/ament_prefix_path.dsv'
[18.635s] INFO:colcon.colcon_core.shell:Creating environment hook '/home/vs/csc2207_project_ws/install/motion/share/motion/hook/ament_prefix_path.sh'
[18.738s] INFO:colcon.colcon_core.shell:Skip shell extension 'powershell' for command environment: Not usable outside of PowerShell
[18.738s] DEBUG:colcon.colcon_core.shell:Skip shell extension 'dsv' for command environment
[25.148s] INFO:colcon.colcon_core.task.python.build:Building Python package in '/home/vs/csc2207_project_ws/src/motion'
[25.157s] INFO:colcon.colcon_core.shell:Skip shell extension 'powershell' for command environment: Not usable outside of PowerShell
[25.157s] DEBUG:colcon.colcon_core.shell:Skip shell extension 'dsv' for command environment
[33.973s] DEBUG:colcon.colcon_core.event_handler.log_command:Invoking command in '/home/vs/csc2207_project_ws/src/motion': PYTHONPATH=/home/vs/csc2207_project_ws/build/motion/prefix_override:/home/vs/csc2207_project_ws/install/motion/lib/python3.8/site-packages:${PYTHONPATH} /usr/bin/python3 setup.py egg_info --egg-base ../../build/motion build --build-base /home/vs/csc2207_project_ws/build/motion/build install --record /home/vs/csc2207_project_ws/build/motion/install.log --install-scripts $base/lib/motion --single-version-externally-managed
[38.617s] DEBUG:colcon.colcon_core.event_handler.log_command:Invoked command in '/home/vs/csc2207_project_ws/src/motion' returned '0': PYTHONPATH=/home/vs/csc2207_project_ws/build/motion/prefix_override:/home/vs/csc2207_project_ws/install/motion/lib/python3.8/site-packages:${PYTHONPATH} /usr/bin/python3 setup.py egg_info --egg-base ../../build/motion build --build-base /home/vs/csc2207_project_ws/build/motion/build install --record /home/vs/csc2207_project_ws/build/motion/install.log --install-scripts $base/lib/motion --single-version-externally-managed
[38.639s] Level 1:colcon.colcon_core.environment:checking '/home/vs/csc2207_project_ws/install/motion' for CMake module files
[38.642s] Level 1:colcon.colcon_core.environment:checking '/home/vs/csc2207_project_ws/install/motion' for CMake config files
[38.646s] Level 1:colcon.colcon_core.environment:checking '/home/vs/csc2207_project_ws/install/motion/lib'
[38.648s] Level 1:colcon.colcon_core.environment:checking '/home/vs/csc2207_project_ws/install/motion/bin'
[38.649s] Level 1:colcon.colcon_core.environment:checking '/home/vs/csc2207_project_ws/install/motion/lib/pkgconfig/motion.pc'
[38.650s] Level 1:colcon.colcon_core.environment:checking '/home/vs/csc2207_project_ws/install/motion/lib/python3.8/site-packages'
[38.651s] Level 1:colcon.colcon_core.shell:create_environment_hook('motion', 'pythonpath')
[38.659s] INFO:colcon.colcon_core.shell:Creating environment hook '/home/vs/csc2207_project_ws/install/motion/share/motion/hook/pythonpath.ps1'
[38.663s] INFO:colcon.colcon_core.shell:Creating environment descriptor '/home/vs/csc2207_project_ws/install/motion/share/motion/hook/pythonpath.dsv'
[38.665s] INFO:colcon.colcon_core.shell:Creating environment hook '/home/vs/csc2207_project_ws/install/motion/share/motion/hook/pythonpath.sh'
[38.671s] Level 1:colcon.colcon_core.environment:checking '/home/vs/csc2207_project_ws/install/motion/bin'
[38.674s] Level 1:colcon.colcon_core.environment:create_environment_scripts_only(motion)
[38.681s] INFO:colcon.colcon_core.shell:Creating package script '/home/vs/csc2207_project_ws/install/motion/share/motion/package.ps1'
[38.687s] INFO:colcon.colcon_core.shell:Creating package descriptor '/home/vs/csc2207_project_ws/install/motion/share/motion/package.dsv'
[38.691s] INFO:colcon.colcon_core.shell:Creating package script '/home/vs/csc2207_project_ws/install/motion/share/motion/package.sh'
[38.698s] INFO:colcon.colcon_core.shell:Creating package script '/home/vs/csc2207_project_ws/install/motion/share/motion/package.bash'
[38.709s] INFO:colcon.colcon_core.shell:Creating package script '/home/vs/csc2207_project_ws/install/motion/share/motion/package.zsh'
[38.716s] Level 1:colcon.colcon_core.environment:create_file_with_runtime_dependencies(/home/vs/csc2207_project_ws/install/motion/share/colcon-core/packages/motion)
[38.727s] DEBUG:colcon.colcon_parallel_executor.executor.parallel:closing loop
[38.732s] DEBUG:colcon.colcon_parallel_executor.executor.parallel:loop closed
[38.733s] DEBUG:colcon.colcon_parallel_executor.executor.parallel:run_until_complete finished with '0'
[38.733s] DEBUG:colcon.colcon_core.event_reactor:joining thread
[38.764s] INFO:colcon.colcon_core.plugin_system:Skipping extension 'colcon_notification.desktop_notification.notify_send': Could not find 'notify-send'
[38.765s] INFO:colcon.colcon_core.plugin_system:Skipping extension 'colcon_notification.desktop_notification.terminal_notifier': Not used on non-Darwin systems
[38.769s] INFO:colcon.colcon_core.plugin_system:Skipping extension 'colcon_notification.desktop_notification.win32': Not used on non-Windows systems
[38.770s] INFO:colcon.colcon_notification.desktop_notification:Sending desktop notification using 'notify2'
[38.898s] DEBUG:colcon.colcon_notification.desktop_notification.notify2:Failed to initialize notify2: org.freedesktop.DBus.Error.ServiceUnknown: The name org.freedesktop.Notifications was not provided by any .service files
[38.906s] DEBUG:colcon.colcon_core.event_reactor:joined thread
[38.925s] INFO:colcon.colcon_core.shell:Creating prefix script '/home/vs/csc2207_project_ws/install/local_setup.ps1'
[38.929s] INFO:colcon.colcon_core.shell:Creating prefix util module '/home/vs/csc2207_project_ws/install/_local_setup_util_ps1.py'
[38.946s] INFO:colcon.colcon_core.shell:Creating prefix chain script '/home/vs/csc2207_project_ws/install/setup.ps1'
[38.966s] INFO:colcon.colcon_core.shell:Creating prefix script '/home/vs/csc2207_project_ws/install/local_setup.sh'
[38.984s] INFO:colcon.colcon_core.shell:Creating prefix util module '/home/vs/csc2207_project_ws/install/_local_setup_util_sh.py'
[38.987s] INFO:colcon.colcon_core.shell:Creating prefix chain script '/home/vs/csc2207_project_ws/install/setup.sh'
[39.008s] INFO:colcon.colcon_core.shell:Creating prefix script '/home/vs/csc2207_project_ws/install/local_setup.bash'
[39.011s] INFO:colcon.colcon_core.shell:Creating prefix chain script '/home/vs/csc2207_project_ws/install/setup.bash'
[39.039s] INFO:colcon.colcon_core.shell:Creating prefix script '/home/vs/csc2207_project_ws/install/local_setup.zsh'
[39.044s] INFO:colcon.colcon_core.shell:Creating prefix chain script '/home/vs/csc2207_project_ws/install/setup.zsh'
