[0.852s] Invoking command in '/home/vs/csc2207_project_ws/src/motion': PYTHONPATH=/home/vs/csc2207_project_ws/build/motion/prefix_override:/home/vs/csc2207_project_ws/install/motion/lib/python3.8/site-packages:${PYTHONPATH} /usr/bin/python3 setup.py egg_info --egg-base ../../build/motion build --build-base /home/vs/csc2207_project_ws/build/motion/build install --record /home/vs/csc2207_project_ws/build/motion/install.log --install-scripts $base/lib/motion --single-version-externally-managed
[1.083s] running egg_info
[1.084s] writing ../../build/motion/motion.egg-info/PKG-INFO
[1.084s] writing dependency_links to ../../build/motion/motion.egg-info/dependency_links.txt
[1.085s] writing entry points to ../../build/motion/motion.egg-info/entry_points.txt
[1.085s] writing requirements to ../../build/motion/motion.egg-info/requires.txt
[1.085s] writing top-level names to ../../build/motion/motion.egg-info/top_level.txt
[1.127s] reading manifest file '../../build/motion/motion.egg-info/SOURCES.txt'
[1.129s] writing manifest file '../../build/motion/motion.egg-info/SOURCES.txt'
[1.129s] running build
[1.129s] running build_py
[1.129s] copying motion/motion.py -> /home/vs/csc2207_project_ws/build/motion/build/lib/motion
[1.130s] running install
[1.131s] running install_lib
[1.132s] copying /home/vs/csc2207_project_ws/build/motion/build/lib/motion/motion.py -> /home/vs/csc2207_project_ws/install/motion/lib/python3.8/site-packages/motion
[1.134s] byte-compiling /home/vs/csc2207_project_ws/install/motion/lib/python3.8/site-packages/motion/motion.py to motion.cpython-38.pyc
[1.136s] running install_data
[1.137s] running install_egg_info
[1.139s] removing '/home/vs/csc2207_project_ws/install/motion/lib/python3.8/site-packages/motion-0.0.0-py3.8.egg-info' (and everything under it)
[1.140s] Copying ../../build/motion/motion.egg-info to /home/vs/csc2207_project_ws/install/motion/lib/python3.8/site-packages/motion-0.0.0-py3.8.egg-info
[1.142s] running install_scripts
[1.159s] Installing motion_node script to /home/vs/csc2207_project_ws/install/motion/lib/motion
[1.160s] writing list of installed files to '/home/vs/csc2207_project_ws/build/motion/install.log'
[1.182s] Invoked command in '/home/vs/csc2207_project_ws/src/motion' returned '0': PYTHONPATH=/home/vs/csc2207_project_ws/build/motion/prefix_override:/home/vs/csc2207_project_ws/install/motion/lib/python3.8/site-packages:${PYTHONPATH} /usr/bin/python3 setup.py egg_info --egg-base ../../build/motion build --build-base /home/vs/csc2207_project_ws/build/motion/build install --record /home/vs/csc2207_project_ws/build/motion/install.log --install-scripts $base/lib/motion --single-version-externally-managed
