[29.885s] Invoking command in '/home/vs/csc2207_project_ws/src/motion': PYTHONPATH=/home/vs/csc2207_project_ws/build/motion/prefix_override:/home/vs/csc2207_project_ws/install/motion/lib/python3.8/site-packages:${PYTHONPATH} /usr/bin/python3 setup.py egg_info --egg-base ../../build/motion build --build-base /home/vs/csc2207_project_ws/build/motion/build install --record /home/vs/csc2207_project_ws/build/motion/install.log --install-scripts $base/lib/motion --single-version-externally-managed
[39.440s] running egg_info
[39.475s] writing ../../build/motion/motion.egg-info/PKG-INFO
[39.575s] writing dependency_links to ../../build/motion/motion.egg-info/dependency_links.txt
[39.619s] writing entry points to ../../build/motion/motion.egg-info/entry_points.txt
[39.654s] writing requirements to ../../build/motion/motion.egg-info/requires.txt
[39.709s] writing top-level names to ../../build/motion/motion.egg-info/top_level.txt
[40.720s] reading manifest file '../../build/motion/motion.egg-info/SOURCES.txt'
[40.844s] writing manifest file '../../build/motion/motion.egg-info/SOURCES.txt'
[40.865s] running build
[40.866s] running build_py
[40.866s] running install
[40.866s] running install_lib
[40.897s] running install_data
[40.898s] running install_egg_info
[41.040s] removing '/home/vs/csc2207_project_ws/install/motion/lib/python3.8/site-packages/motion-0.0.0-py3.8.egg-info' (and everything under it)
[41.110s] Copying ../../build/motion/motion.egg-info to /home/vs/csc2207_project_ws/install/motion/lib/python3.8/site-packages/motion-0.0.0-py3.8.egg-info
[41.199s] running install_scripts
[42.220s] Installing motion_node script to /home/vs/csc2207_project_ws/install/motion/lib/motion
[42.241s] writing list of installed files to '/home/vs/csc2207_project_ws/build/motion/install.log'
[43.840s] Invoked command in '/home/vs/csc2207_project_ws/src/motion' returned '0': PYTHONPATH=/home/vs/csc2207_project_ws/build/motion/prefix_override:/home/vs/csc2207_project_ws/install/motion/lib/python3.8/site-packages:${PYTHONPATH} /usr/bin/python3 setup.py egg_info --egg-base ../../build/motion build --build-base /home/vs/csc2207_project_ws/build/motion/build install --record /home/vs/csc2207_project_ws/build/motion/install.log --install-scripts $base/lib/motion --single-version-externally-managed
