[5.825s] Invoking command in '/home/vs/csc2207_project_ws/src/warehouse_robot_spawner_pkg': PYTHONPATH=/home/vs/csc2207_project_ws/src/build/warehouse_robot_spawner_pkg/prefix_override:/home/vs/csc2207_project_ws/src/install/warehouse_robot_spawner_pkg/lib/python3.8/site-packages:${PYTHONPATH} /usr/bin/python3 setup.py egg_info --egg-base ../build/warehouse_robot_spawner_pkg build --build-base /home/vs/csc2207_project_ws/src/build/warehouse_robot_spawner_pkg/build install --record /home/vs/csc2207_project_ws/src/build/warehouse_robot_spawner_pkg/install.log --install-scripts $base/lib/warehouse_robot_spawner_pkg --single-version-externally-managed
[7.542s] running egg_info
[7.550s] writing ../build/warehouse_robot_spawner_pkg/warehouse_robot_spawner_pkg.egg-info/PKG-INFO
[7.556s] writing dependency_links to ../build/warehouse_robot_spawner_pkg/warehouse_robot_spawner_pkg.egg-info/dependency_links.txt
[7.563s] writing entry points to ../build/warehouse_robot_spawner_pkg/warehouse_robot_spawner_pkg.egg-info/entry_points.txt
[7.569s] writing requirements to ../build/warehouse_robot_spawner_pkg/warehouse_robot_spawner_pkg.egg-info/requires.txt
[7.572s] writing top-level names to ../build/warehouse_robot_spawner_pkg/warehouse_robot_spawner_pkg.egg-info/top_level.txt
[7.750s] reading manifest file '../build/warehouse_robot_spawner_pkg/warehouse_robot_spawner_pkg.egg-info/SOURCES.txt'
[7.759s] writing manifest file '../build/warehouse_robot_spawner_pkg/warehouse_robot_spawner_pkg.egg-info/SOURCES.txt'
[7.763s] running build
[7.764s] running build_py
[7.767s] running install
[7.773s] running install_lib
[7.781s] running install_data
[7.787s] copying ./worlds/warehouse.world -> /home/vs/csc2207_project_ws/src/install/warehouse_robot_spawner_pkg/share/warehouse_robot_spawner_pkg/worlds/
[7.801s] copying ./models/obstacle_course/model.sdf -> /home/vs/csc2207_project_ws/src/install/warehouse_robot_spawner_pkg/share/warehouse_robot_spawner_pkg/models/obstacle_course/
[7.814s] copying ./worlds/warehouse.world -> /home/vs/csc2207_project_ws/src/install/warehouse_robot_spawner_pkg/share/warehouse_robot_spawner_pkg/models/
[7.825s] running install_egg_info
[7.858s] removing '/home/vs/csc2207_project_ws/src/install/warehouse_robot_spawner_pkg/lib/python3.8/site-packages/warehouse_robot_spawner_pkg-0.0.0-py3.8.egg-info' (and everything under it)
[7.865s] Copying ../build/warehouse_robot_spawner_pkg/warehouse_robot_spawner_pkg.egg-info to /home/vs/csc2207_project_ws/src/install/warehouse_robot_spawner_pkg/lib/python3.8/site-packages/warehouse_robot_spawner_pkg-0.0.0-py3.8.egg-info
[7.905s] running install_scripts
[8.073s] Installing spawn_demo script to /home/vs/csc2207_project_ws/src/install/warehouse_robot_spawner_pkg/lib/warehouse_robot_spawner_pkg
[8.077s] writing list of installed files to '/home/vs/csc2207_project_ws/src/build/warehouse_robot_spawner_pkg/install.log'
[8.359s] Invoked command in '/home/vs/csc2207_project_ws/src/warehouse_robot_spawner_pkg' returned '0': PYTHONPATH=/home/vs/csc2207_project_ws/src/build/warehouse_robot_spawner_pkg/prefix_override:/home/vs/csc2207_project_ws/src/install/warehouse_robot_spawner_pkg/lib/python3.8/site-packages:${PYTHONPATH} /usr/bin/python3 setup.py egg_info --egg-base ../build/warehouse_robot_spawner_pkg build --build-base /home/vs/csc2207_project_ws/src/build/warehouse_robot_spawner_pkg/build install --record /home/vs/csc2207_project_ws/src/build/warehouse_robot_spawner_pkg/install.log --install-scripts $base/lib/warehouse_robot_spawner_pkg --single-version-externally-managed
