[0.884s] Invoking command in '/home/vs/csc2207_project_ws/src/warehouse_robot_spawner_pkg': PYTHONPATH=/home/vs/csc2207_project_ws/build/warehouse_robot_spawner_pkg/prefix_override:/home/vs/csc2207_project_ws/install/warehouse_robot_spawner_pkg/lib/python3.8/site-packages:${PYTHONPATH} /usr/bin/python3 setup.py egg_info --egg-base ../../build/warehouse_robot_spawner_pkg build --build-base /home/vs/csc2207_project_ws/build/warehouse_robot_spawner_pkg/build install --record /home/vs/csc2207_project_ws/build/warehouse_robot_spawner_pkg/install.log --install-scripts $base/lib/warehouse_robot_spawner_pkg --single-version-externally-managed
[1.090s] running egg_info
[1.091s] creating ../../build/warehouse_robot_spawner_pkg/warehouse_robot_spawner_pkg.egg-info
[1.091s] writing ../../build/warehouse_robot_spawner_pkg/warehouse_robot_spawner_pkg.egg-info/PKG-INFO
[1.092s] writing dependency_links to ../../build/warehouse_robot_spawner_pkg/warehouse_robot_spawner_pkg.egg-info/dependency_links.txt
[1.092s] writing entry points to ../../build/warehouse_robot_spawner_pkg/warehouse_robot_spawner_pkg.egg-info/entry_points.txt
[1.093s] writing requirements to ../../build/warehouse_robot_spawner_pkg/warehouse_robot_spawner_pkg.egg-info/requires.txt
[1.093s] writing top-level names to ../../build/warehouse_robot_spawner_pkg/warehouse_robot_spawner_pkg.egg-info/top_level.txt
[1.096s] writing manifest file '../../build/warehouse_robot_spawner_pkg/warehouse_robot_spawner_pkg.egg-info/SOURCES.txt'
[1.135s] reading manifest file '../../build/warehouse_robot_spawner_pkg/warehouse_robot_spawner_pkg.egg-info/SOURCES.txt'
[1.137s] writing manifest file '../../build/warehouse_robot_spawner_pkg/warehouse_robot_spawner_pkg.egg-info/SOURCES.txt'
[1.137s] running build
[1.137s] running build_py
[1.137s] creating /home/vs/csc2207_project_ws/build/warehouse_robot_spawner_pkg/build
[1.138s] creating /home/vs/csc2207_project_ws/build/warehouse_robot_spawner_pkg/build/lib
[1.138s] creating /home/vs/csc2207_project_ws/build/warehouse_robot_spawner_pkg/build/lib/warehouse_robot_spawner_pkg
[1.139s] copying warehouse_robot_spawner_pkg/__init__.py -> /home/vs/csc2207_project_ws/build/warehouse_robot_spawner_pkg/build/lib/warehouse_robot_spawner_pkg
[1.139s] copying warehouse_robot_spawner_pkg/spawn_demo.py -> /home/vs/csc2207_project_ws/build/warehouse_robot_spawner_pkg/build/lib/warehouse_robot_spawner_pkg
[1.139s] running install
[1.140s] running install_lib
[1.142s] creating /home/vs/csc2207_project_ws/install/warehouse_robot_spawner_pkg/lib/python3.8/site-packages/warehouse_robot_spawner_pkg
[1.142s] copying /home/vs/csc2207_project_ws/build/warehouse_robot_spawner_pkg/build/lib/warehouse_robot_spawner_pkg/__init__.py -> /home/vs/csc2207_project_ws/install/warehouse_robot_spawner_pkg/lib/python3.8/site-packages/warehouse_robot_spawner_pkg
[1.143s] copying /home/vs/csc2207_project_ws/build/warehouse_robot_spawner_pkg/build/lib/warehouse_robot_spawner_pkg/spawn_demo.py -> /home/vs/csc2207_project_ws/install/warehouse_robot_spawner_pkg/lib/python3.8/site-packages/warehouse_robot_spawner_pkg
[1.143s] byte-compiling /home/vs/csc2207_project_ws/install/warehouse_robot_spawner_pkg/lib/python3.8/site-packages/warehouse_robot_spawner_pkg/__init__.py to __init__.cpython-38.pyc
[1.145s] byte-compiling /home/vs/csc2207_project_ws/install/warehouse_robot_spawner_pkg/lib/python3.8/site-packages/warehouse_robot_spawner_pkg/spawn_demo.py to spawn_demo.cpython-38.pyc
[1.146s] running install_data
[1.147s] creating /home/vs/csc2207_project_ws/install/warehouse_robot_spawner_pkg/share/ament_index
[1.148s] creating /home/vs/csc2207_project_ws/install/warehouse_robot_spawner_pkg/share/ament_index/resource_index
[1.148s] creating /home/vs/csc2207_project_ws/install/warehouse_robot_spawner_pkg/share/ament_index/resource_index/packages
[1.149s] copying resource/warehouse_robot_spawner_pkg -> /home/vs/csc2207_project_ws/install/warehouse_robot_spawner_pkg/share/ament_index/resource_index/packages
[1.149s] copying package.xml -> /home/vs/csc2207_project_ws/install/warehouse_robot_spawner_pkg/share/warehouse_robot_spawner_pkg
[1.150s] creating /home/vs/csc2207_project_ws/install/warehouse_robot_spawner_pkg/share/warehouse_robot_spawner_pkg/launch
[1.150s] copying launch/gazebo_world.launch.py -> /home/vs/csc2207_project_ws/install/warehouse_robot_spawner_pkg/share/warehouse_robot_spawner_pkg/launch
[1.150s] creating /home/vs/csc2207_project_ws/install/warehouse_robot_spawner_pkg/share/warehouse_robot_spawner_pkg/worlds
[1.151s] copying ./worlds/warehouse.world -> /home/vs/csc2207_project_ws/install/warehouse_robot_spawner_pkg/share/warehouse_robot_spawner_pkg/worlds/
[1.152s] creating /home/vs/csc2207_project_ws/install/warehouse_robot_spawner_pkg/share/warehouse_robot_spawner_pkg/models
[1.152s] creating /home/vs/csc2207_project_ws/install/warehouse_robot_spawner_pkg/share/warehouse_robot_spawner_pkg/models/simple_contained_space
[1.153s] copying ./models/simple_contained_space/model.config -> /home/vs/csc2207_project_ws/install/warehouse_robot_spawner_pkg/share/warehouse_robot_spawner_pkg/models/simple_contained_space/
[1.154s] copying ./models/simple_contained_space/model.sdf -> /home/vs/csc2207_project_ws/install/warehouse_robot_spawner_pkg/share/warehouse_robot_spawner_pkg/models/simple_contained_space/
[1.154s] creating /home/vs/csc2207_project_ws/install/warehouse_robot_spawner_pkg/share/warehouse_robot_spawner_pkg/models/mobile_warehouse_robot
[1.155s] copying ./models/mobile_warehouse_robot/model.config -> /home/vs/csc2207_project_ws/install/warehouse_robot_spawner_pkg/share/warehouse_robot_spawner_pkg/models/mobile_warehouse_robot/
[1.155s] copying ./models/mobile_warehouse_robot/model.sdf -> /home/vs/csc2207_project_ws/install/warehouse_robot_spawner_pkg/share/warehouse_robot_spawner_pkg/models/mobile_warehouse_robot/
[1.155s] copying ./worlds/warehouse.world -> /home/vs/csc2207_project_ws/install/warehouse_robot_spawner_pkg/share/warehouse_robot_spawner_pkg/models/
[1.155s] running install_egg_info
[1.157s] Copying ../../build/warehouse_robot_spawner_pkg/warehouse_robot_spawner_pkg.egg-info to /home/vs/csc2207_project_ws/install/warehouse_robot_spawner_pkg/lib/python3.8/site-packages/warehouse_robot_spawner_pkg-0.0.0-py3.8.egg-info
[1.160s] running install_scripts
[1.177s] Installing spawn_demo script to /home/vs/csc2207_project_ws/install/warehouse_robot_spawner_pkg/lib/warehouse_robot_spawner_pkg
[1.179s] writing list of installed files to '/home/vs/csc2207_project_ws/build/warehouse_robot_spawner_pkg/install.log'
[1.203s] Invoked command in '/home/vs/csc2207_project_ws/src/warehouse_robot_spawner_pkg' returned '0': PYTHONPATH=/home/vs/csc2207_project_ws/build/warehouse_robot_spawner_pkg/prefix_override:/home/vs/csc2207_project_ws/install/warehouse_robot_spawner_pkg/lib/python3.8/site-packages:${PYTHONPATH} /usr/bin/python3 setup.py egg_info --egg-base ../../build/warehouse_robot_spawner_pkg build --build-base /home/vs/csc2207_project_ws/build/warehouse_robot_spawner_pkg/build install --record /home/vs/csc2207_project_ws/build/warehouse_robot_spawner_pkg/install.log --install-scripts $base/lib/warehouse_robot_spawner_pkg --single-version-externally-managed
