[19.645s] Invoking command in '/home/vs/csc2207_project_ws/src/localization': PYTHONPATH=/home/vs/csc2207_project_ws/src/build/localization/prefix_override:/home/vs/csc2207_project_ws/src/install/localization/lib/python3.8/site-packages:${PYTHONPATH} /usr/bin/python3 setup.py egg_info --egg-base ../build/localization build --build-base /home/vs/csc2207_project_ws/src/build/localization/build install --record /home/vs/csc2207_project_ws/src/build/localization/install.log --install-scripts $base/lib/localization --single-version-externally-managed
[24.297s] running egg_info
[24.297s] writing ../build/localization/localization.egg-info/PKG-INFO
[24.298s] writing dependency_links to ../build/localization/localization.egg-info/dependency_links.txt
[24.298s] writing entry points to ../build/localization/localization.egg-info/entry_points.txt
[24.298s] writing requirements to ../build/localization/localization.egg-info/requires.txt
[24.299s] writing top-level names to ../build/localization/localization.egg-info/top_level.txt
[24.931s] reading manifest file '../build/localization/localization.egg-info/SOURCES.txt'
[24.941s] writing manifest file '../build/localization/localization.egg-info/SOURCES.txt'
[24.941s] running build
[24.942s] running build_py
[24.942s] copying localization/localization.py -> /home/vs/csc2207_project_ws/src/build/localization/build/lib/localization
[24.972s] running install
[24.972s] running install_lib
[25.003s] copying /home/vs/csc2207_project_ws/src/build/localization/build/lib/localization/localization.py -> /home/vs/csc2207_project_ws/src/install/localization/lib/python3.8/site-packages/localization
[25.023s] byte-compiling /home/vs/csc2207_project_ws/src/install/localization/lib/python3.8/site-packages/localization/localization.py to localization.cpython-38.pyc
[25.063s] running install_data
[25.094s] running install_egg_info
[25.135s] removing '/home/vs/csc2207_project_ws/src/install/localization/lib/python3.8/site-packages/localization-0.0.0-py3.8.egg-info' (and everything under it)
[25.172s] Copying ../build/localization/localization.egg-info to /home/vs/csc2207_project_ws/src/install/localization/lib/python3.8/site-packages/localization-0.0.0-py3.8.egg-info
[25.204s] running install_scripts
[25.797s] Installing localization_node script to /home/vs/csc2207_project_ws/src/install/localization/lib/localization
[25.804s] writing list of installed files to '/home/vs/csc2207_project_ws/src/build/localization/install.log'
[26.261s] Invoked command in '/home/vs/csc2207_project_ws/src/localization' returned '0': PYTHONPATH=/home/vs/csc2207_project_ws/src/build/localization/prefix_override:/home/vs/csc2207_project_ws/src/install/localization/lib/python3.8/site-packages:${PYTHONPATH} /usr/bin/python3 setup.py egg_info --egg-base ../build/localization build --build-base /home/vs/csc2207_project_ws/src/build/localization/build install --record /home/vs/csc2207_project_ws/src/build/localization/install.log --install-scripts $base/lib/localization --single-version-externally-managed
