[1.417s] Invoking command in '/home/vs/csc2207_project_ws/src/warehouse_robot_spawner_pkg': PYTHONPATH=/home/vs/csc2207_project_ws/build/warehouse_robot_spawner_pkg/prefix_override:/home/vs/csc2207_project_ws/install/warehouse_robot_spawner_pkg/lib/python3.8/site-packages:${PYTHONPATH} /usr/bin/python3 setup.py egg_info --egg-base ../../build/warehouse_robot_spawner_pkg build --build-base /home/vs/csc2207_project_ws/build/warehouse_robot_spawner_pkg/build install --record /home/vs/csc2207_project_ws/build/warehouse_robot_spawner_pkg/install.log --install-scripts $base/lib/warehouse_robot_spawner_pkg --single-version-externally-managed
[1.925s] running egg_info
[1.927s] writing ../../build/warehouse_robot_spawner_pkg/warehouse_robot_spawner_pkg.egg-info/PKG-INFO
[1.928s] writing dependency_links to ../../build/warehouse_robot_spawner_pkg/warehouse_robot_spawner_pkg.egg-info/dependency_links.txt
[1.928s] writing entry points to ../../build/warehouse_robot_spawner_pkg/warehouse_robot_spawner_pkg.egg-info/entry_points.txt
[1.929s] writing requirements to ../../build/warehouse_robot_spawner_pkg/warehouse_robot_spawner_pkg.egg-info/requires.txt
[1.929s] writing top-level names to ../../build/warehouse_robot_spawner_pkg/warehouse_robot_spawner_pkg.egg-info/top_level.txt
[2.014s] reading manifest file '../../build/warehouse_robot_spawner_pkg/warehouse_robot_spawner_pkg.egg-info/SOURCES.txt'
[2.016s] writing manifest file '../../build/warehouse_robot_spawner_pkg/warehouse_robot_spawner_pkg.egg-info/SOURCES.txt'
[2.017s] running build
[2.017s] running build_py
[2.017s] running install
[2.019s] running install_lib
[2.022s] running install_data
[2.026s] copying launch/gazebo_world.launch.py -> /home/vs/csc2207_project_ws/install/warehouse_robot_spawner_pkg/share/warehouse_robot_spawner_pkg/launch
[2.028s] running install_egg_info
[2.033s] removing '/home/vs/csc2207_project_ws/install/warehouse_robot_spawner_pkg/lib/python3.8/site-packages/warehouse_robot_spawner_pkg-0.0.0-py3.8.egg-info' (and everything under it)
[2.034s] Copying ../../build/warehouse_robot_spawner_pkg/warehouse_robot_spawner_pkg.egg-info to /home/vs/csc2207_project_ws/install/warehouse_robot_spawner_pkg/lib/python3.8/site-packages/warehouse_robot_spawner_pkg-0.0.0-py3.8.egg-info
[2.039s] running install_scripts
[2.120s] Installing spawn_demo script to /home/vs/csc2207_project_ws/install/warehouse_robot_spawner_pkg/lib/warehouse_robot_spawner_pkg
[2.122s] writing list of installed files to '/home/vs/csc2207_project_ws/build/warehouse_robot_spawner_pkg/install.log'
[2.275s] Invoked command in '/home/vs/csc2207_project_ws/src/warehouse_robot_spawner_pkg' returned '0': PYTHONPATH=/home/vs/csc2207_project_ws/build/warehouse_robot_spawner_pkg/prefix_override:/home/vs/csc2207_project_ws/install/warehouse_robot_spawner_pkg/lib/python3.8/site-packages:${PYTHONPATH} /usr/bin/python3 setup.py egg_info --egg-base ../../build/warehouse_robot_spawner_pkg build --build-base /home/vs/csc2207_project_ws/build/warehouse_robot_spawner_pkg/build install --record /home/vs/csc2207_project_ws/build/warehouse_robot_spawner_pkg/install.log --install-scripts $base/lib/warehouse_robot_spawner_pkg --single-version-externally-managed
