[1.271s] Invoking command in '/home/vs/csc2207_project_ws/src/localization': PYTHONPATH=/home/vs/csc2207_project_ws/build/localization/prefix_override:/home/vs/csc2207_project_ws/install/localization/lib/python3.8/site-packages:${PYTHONPATH} /usr/bin/python3 setup.py egg_info --egg-base ../../build/localization build --build-base /home/vs/csc2207_project_ws/build/localization/build install --record /home/vs/csc2207_project_ws/build/localization/install.log --install-scripts $base/lib/localization --single-version-externally-managed
[1.693s] running egg_info
[1.705s] writing ../../build/localization/localization.egg-info/PKG-INFO
[1.710s] writing dependency_links to ../../build/localization/localization.egg-info/dependency_links.txt
[1.718s] writing entry points to ../../build/localization/localization.egg-info/entry_points.txt
[1.725s] writing requirements to ../../build/localization/localization.egg-info/requires.txt
[1.731s] writing top-level names to ../../build/localization/localization.egg-info/top_level.txt
[3.161s] reading manifest file '../../build/localization/localization.egg-info/SOURCES.txt'
[3.198s] writing manifest file '../../build/localization/localization.egg-info/SOURCES.txt'
[3.199s] running build
[3.213s] running build_py
[3.223s] copying localization/localization.py -> /home/vs/csc2207_project_ws/build/localization/build/lib/localization
[3.229s] running install
[3.235s] running install_lib
[3.273s] copying /home/vs/csc2207_project_ws/build/localization/build/lib/localization/localization.py -> /home/vs/csc2207_project_ws/install/localization/lib/python3.8/site-packages/localization
[3.304s] byte-compiling /home/vs/csc2207_project_ws/install/localization/lib/python3.8/site-packages/localization/localization.py to localization.cpython-38.pyc
[3.414s] running install_data
[3.421s] copying package.xml -> /home/vs/csc2207_project_ws/install/localization/share/localization
[3.464s] running install_egg_info
[3.543s] removing '/home/vs/csc2207_project_ws/install/localization/lib/python3.8/site-packages/localization-0.0.0-py3.8.egg-info' (and everything under it)
[3.564s] Copying ../../build/localization/localization.egg-info to /home/vs/csc2207_project_ws/install/localization/lib/python3.8/site-packages/localization-0.0.0-py3.8.egg-info
[3.739s] running install_scripts
[4.558s] Installing localization_node script to /home/vs/csc2207_project_ws/install/localization/lib/localization
[4.576s] writing list of installed files to '/home/vs/csc2207_project_ws/build/localization/install.log'
[5.248s] Invoked command in '/home/vs/csc2207_project_ws/src/localization' returned '0': PYTHONPATH=/home/vs/csc2207_project_ws/build/localization/prefix_override:/home/vs/csc2207_project_ws/install/localization/lib/python3.8/site-packages:${PYTHONPATH} /usr/bin/python3 setup.py egg_info --egg-base ../../build/localization build --build-base /home/vs/csc2207_project_ws/build/localization/build install --record /home/vs/csc2207_project_ws/build/localization/install.log --install-scripts $base/lib/localization --single-version-externally-managed
