[1.198s] DEBUG:colcon:Command line arguments: ['/usr/bin/colcon', 'build', '--packages-select', 'motion']
[1.199s] DEBUG:colcon:Parsed command line arguments: Namespace(ament_cmake_args=None, base_paths=['.'], build_base='build', catkin_cmake_args=None, catkin_skip_building_tests=False, cmake_args=None, cmake_clean_cache=False, cmake_clean_first=False, cmake_force_configure=False, cmake_target=None, cmake_target_skip_unavailable=False, continue_on_error=False, event_handlers=None, executor='parallel', ignore_user_meta=False, install_base='install', log_base=None, log_level=None, main=<bound method BuildVerb.main of <colcon_core.verb.build.BuildVerb object at 0x7f7e9a575fa0>>, merge_install=False, metas=['./colcon.meta'], mixin=None, mixin_files=None, mixin_verb=('build',), packages_above=None, packages_above_and_dependencies=None, packages_above_depth=None, packages_end=None, packages_ignore=None, packages_ignore_regex=None, packages_select=['motion'], packages_select_build_failed=False, packages_select_by_dep=None, packages_select_regex=None, packages_select_test_failures=False, packages_skip=None, packages_skip_build_finished=False, packages_skip_by_dep=None, packages_skip_regex=None, packages_skip_test_passed=False, packages_skip_up_to=None, packages_start=None, packages_up_to=None, packages_up_to_regex=None, parallel_workers=8, paths=None, symlink_install=False, test_result_base=None, verb_extension=<colcon_core.verb.build.BuildVerb object at 0x7f7e9a575fa0>, verb_name='build', verb_parser=<colcon_mixin.mixin.mixin_argument.MixinArgumentDecorator object at 0x7f7e9a5815b0>)
[1.314s] Level 1:colcon.colcon_core.package_discovery:discover_packages(colcon_meta) check parameters
[1.315s] Level 1:colcon.colcon_core.package_discovery:discover_packages(recursive) check parameters
[1.315s] Level 1:colcon.colcon_core.package_discovery:discover_packages(ignore) check parameters
[1.315s] Level 1:colcon.colcon_core.package_discovery:discover_packages(path) check parameters
[1.315s] Level 1:colcon.colcon_core.package_discovery:discover_packages(colcon_meta) discover
[1.316s] Level 1:colcon.colcon_core.package_discovery:discover_packages(recursive) discover
[1.317s] INFO:colcon.colcon_core.package_discovery:Crawling recursively for packages in '/home/vs/csc2207_project_ws'
[1.318s] Level 1:colcon.colcon_core.package_identification:_identify(.) by extensions ['ignore', 'ignore_ament_install']
[1.318s] Level 1:colcon.colcon_core.package_identification:_identify(.) by extension 'ignore'
[1.320s] Level 1:colcon.colcon_core.package_identification:_identify(.) by extension 'ignore_ament_install'
[1.321s] Level 1:colcon.colcon_core.package_identification:_identify(.) by extensions ['colcon_pkg']
[1.323s] Level 1:colcon.colcon_core.package_identification:_identify(.) by extension 'colcon_pkg'
[1.324s] Level 1:colcon.colcon_core.package_identification:_identify(.) by extensions ['colcon_meta']
[1.325s] Level 1:colcon.colcon_core.package_identification:_identify(.) by extension 'colcon_meta'
[1.325s] Level 1:colcon.colcon_core.package_identification:_identify(.) by extensions ['ros']
[1.325s] Level 1:colcon.colcon_core.package_identification:_identify(.) by extension 'ros'
[1.392s] Level 1:colcon.colcon_core.package_identification:_identify(.) by extensions ['cmake', 'python']
[1.392s] Level 1:colcon.colcon_core.package_identification:_identify(.) by extension 'cmake'
[1.392s] Level 1:colcon.colcon_core.package_identification:_identify(.) by extension 'python'
[1.392s] Level 1:colcon.colcon_core.package_identification:_identify(.) by extensions ['python_setup_py']
[1.392s] Level 1:colcon.colcon_core.package_identification:_identify(.) by extension 'python_setup_py'
[1.393s] Level 1:colcon.colcon_core.package_identification:_identify(build) by extensions ['ignore', 'ignore_ament_install']
[1.393s] Level 1:colcon.colcon_core.package_identification:_identify(build) by extension 'ignore'
[1.393s] Level 1:colcon.colcon_core.package_identification:_identify(build) ignored
[1.394s] Level 1:colcon.colcon_core.package_identification:_identify(install) by extensions ['ignore', 'ignore_ament_install']
[1.394s] Level 1:colcon.colcon_core.package_identification:_identify(install) by extension 'ignore'
[1.394s] Level 1:colcon.colcon_core.package_identification:_identify(install) ignored
[1.394s] Level 1:colcon.colcon_core.package_identification:_identify(log) by extensions ['ignore', 'ignore_ament_install']
[1.395s] Level 1:colcon.colcon_core.package_identification:_identify(log) by extension 'ignore'
[1.395s] Level 1:colcon.colcon_core.package_identification:_identify(log) ignored
[1.395s] Level 1:colcon.colcon_core.package_identification:_identify(src) by extensions ['ignore', 'ignore_ament_install']
[1.395s] Level 1:colcon.colcon_core.package_identification:_identify(src) by extension 'ignore'
[1.396s] Level 1:colcon.colcon_core.package_identification:_identify(src) by extension 'ignore_ament_install'
[1.399s] Level 1:colcon.colcon_core.package_identification:_identify(src) by extensions ['colcon_pkg']
[1.399s] Level 1:colcon.colcon_core.package_identification:_identify(src) by extension 'colcon_pkg'
[1.399s] Level 1:colcon.colcon_core.package_identification:_identify(src) by extensions ['colcon_meta']
[1.399s] Level 1:colcon.colcon_core.package_identification:_identify(src) by extension 'colcon_meta'
[1.400s] Level 1:colcon.colcon_core.package_identification:_identify(src) by extensions ['ros']
[1.400s] Level 1:colcon.colcon_core.package_identification:_identify(src) by extension 'ros'
[1.400s] Level 1:colcon.colcon_core.package_identification:_identify(src) by extensions ['cmake', 'python']
[1.401s] Level 1:colcon.colcon_core.package_identification:_identify(src) by extension 'cmake'
[1.401s] Level 1:colcon.colcon_core.package_identification:_identify(src) by extension 'python'
[1.401s] Level 1:colcon.colcon_core.package_identification:_identify(src) by extensions ['python_setup_py']
[1.401s] Level 1:colcon.colcon_core.package_identification:_identify(src) by extension 'python_setup_py'
[1.402s] Level 1:colcon.colcon_core.package_identification:_identify(src/motion) by extensions ['ignore', 'ignore_ament_install']
[1.402s] Level 1:colcon.colcon_core.package_identification:_identify(src/motion) by extension 'ignore'
[1.403s] Level 1:colcon.colcon_core.package_identification:_identify(src/motion) by extension 'ignore_ament_install'
[1.403s] Level 1:colcon.colcon_core.package_identification:_identify(src/motion) by extensions ['colcon_pkg']
[1.403s] Level 1:colcon.colcon_core.package_identification:_identify(src/motion) by extension 'colcon_pkg'
[1.403s] Level 1:colcon.colcon_core.package_identification:_identify(src/motion) by extensions ['colcon_meta']
[1.404s] Level 1:colcon.colcon_core.package_identification:_identify(src/motion) by extension 'colcon_meta'
[1.404s] Level 1:colcon.colcon_core.package_identification:_identify(src/motion) by extensions ['ros']
[1.404s] Level 1:colcon.colcon_core.package_identification:_identify(src/motion) by extension 'ros'
[1.412s] DEBUG:colcon.colcon_core.package_identification:Package 'src/motion' with type 'ros.ament_python' and name 'motion'
[1.412s] Level 1:colcon.colcon_core.package_identification:_identify(src/warehouse_robot_spawner_pkg) by extensions ['ignore', 'ignore_ament_install']
[1.412s] Level 1:colcon.colcon_core.package_identification:_identify(src/warehouse_robot_spawner_pkg) by extension 'ignore'
[1.413s] Level 1:colcon.colcon_core.package_identification:_identify(src/warehouse_robot_spawner_pkg) by extension 'ignore_ament_install'
[1.413s] Level 1:colcon.colcon_core.package_identification:_identify(src/warehouse_robot_spawner_pkg) by extensions ['colcon_pkg']
[1.413s] Level 1:colcon.colcon_core.package_identification:_identify(src/warehouse_robot_spawner_pkg) by extension 'colcon_pkg'
[1.413s] Level 1:colcon.colcon_core.package_identification:_identify(src/warehouse_robot_spawner_pkg) by extensions ['colcon_meta']
[1.413s] Level 1:colcon.colcon_core.package_identification:_identify(src/warehouse_robot_spawner_pkg) by extension 'colcon_meta'
[1.413s] Level 1:colcon.colcon_core.package_identification:_identify(src/warehouse_robot_spawner_pkg) by extensions ['ros']
[1.413s] Level 1:colcon.colcon_core.package_identification:_identify(src/warehouse_robot_spawner_pkg) by extension 'ros'
[1.415s] DEBUG:colcon.colcon_core.package_identification:Package 'src/warehouse_robot_spawner_pkg' with type 'ros.ament_python' and name 'warehouse_robot_spawner_pkg'
[1.415s] Level 1:colcon.colcon_core.package_discovery:discover_packages(recursive) using defaults
[1.415s] Level 1:colcon.colcon_core.package_discovery:discover_packages(ignore) discover
[1.415s] Level 1:colcon.colcon_core.package_discovery:discover_packages(ignore) using defaults
[1.415s] Level 1:colcon.colcon_core.package_discovery:discover_packages(path) discover
[1.415s] Level 1:colcon.colcon_core.package_discovery:discover_packages(path) using defaults
[1.460s] INFO:colcon.colcon_core.package_selection:Skipping not selected package 'warehouse_robot_spawner_pkg' in 'src/warehouse_robot_spawner_pkg'
[1.464s] Level 5:colcon.colcon_core.verb:set package 'motion' build argument 'cmake_args' from command line to 'None'
[1.464s] Level 5:colcon.colcon_core.verb:set package 'motion' build argument 'cmake_target' from command line to 'None'
[1.464s] Level 5:colcon.colcon_core.verb:set package 'motion' build argument 'cmake_target_skip_unavailable' from command line to 'False'
[1.464s] Level 5:colcon.colcon_core.verb:set package 'motion' build argument 'cmake_clean_cache' from command line to 'False'
[1.464s] Level 5:colcon.colcon_core.verb:set package 'motion' build argument 'cmake_clean_first' from command line to 'False'
[1.464s] Level 5:colcon.colcon_core.verb:set package 'motion' build argument 'cmake_force_configure' from command line to 'False'
[1.464s] Level 5:colcon.colcon_core.verb:set package 'motion' build argument 'ament_cmake_args' from command line to 'None'
[1.465s] Level 5:colcon.colcon_core.verb:set package 'motion' build argument 'catkin_cmake_args' from command line to 'None'
[1.465s] Level 5:colcon.colcon_core.verb:set package 'motion' build argument 'catkin_skip_building_tests' from command line to 'False'
[1.465s] DEBUG:colcon.colcon_core.verb:Building package 'motion' with the following arguments: {'ament_cmake_args': None, 'build_base': '/home/vs/csc2207_project_ws/build/motion', 'catkin_cmake_args': None, 'catkin_skip_building_tests': False, 'cmake_args': None, 'cmake_clean_cache': False, 'cmake_clean_first': False, 'cmake_force_configure': False, 'cmake_target': None, 'cmake_target_skip_unavailable': False, 'install_base': '/home/vs/csc2207_project_ws/install/motion', 'merge_install': False, 'path': '/home/vs/csc2207_project_ws/src/motion', 'symlink_install': False, 'test_result_base': None}
[1.470s] INFO:colcon.colcon_core.executor:Executing jobs using 'parallel' executor
[1.481s] DEBUG:colcon.colcon_parallel_executor.executor.parallel:run_until_complete
[1.482s] INFO:colcon.colcon_ros.task.ament_python.build:Building ROS package in '/home/vs/csc2207_project_ws/src/motion' with build type 'ament_python'
[1.483s] Level 1:colcon.colcon_core.shell:create_environment_hook('motion', 'ament_prefix_path')
[1.502s] INFO:colcon.colcon_core.plugin_system:Skipping extension 'colcon_core.shell.bat': Not used on non-Windows systems
[1.503s] INFO:colcon.colcon_core.shell:Creating environment hook '/home/vs/csc2207_project_ws/install/motion/share/motion/hook/ament_prefix_path.ps1'
[1.504s] INFO:colcon.colcon_core.shell:Creating environment descriptor '/home/vs/csc2207_project_ws/install/motion/share/motion/hook/ament_prefix_path.dsv'
[1.506s] INFO:colcon.colcon_core.shell:Creating environment hook '/home/vs/csc2207_project_ws/install/motion/share/motion/hook/ament_prefix_path.sh'
[1.512s] INFO:colcon.colcon_core.shell:Skip shell extension 'powershell' for command environment: Not usable outside of PowerShell
[1.512s] DEBUG:colcon.colcon_core.shell:Skip shell extension 'dsv' for command environment
[1.517s] WARNING:colcon.colcon_core.prefix_path.colcon:The path '/home/vs/ws/install' in the environment variable COLCON_PREFIX_PATH doesn't exist
[1.519s] WARNING:colcon.colcon_ros.prefix_path.ament:The path '/home/vs/ws/install/ros2_demo_py' in the environment variable AMENT_PREFIX_PATH doesn't exist
[2.228s] INFO:colcon.colcon_core.task.python.build:Building Python package in '/home/vs/csc2207_project_ws/src/motion'
[2.232s] INFO:colcon.colcon_core.shell:Skip shell extension 'powershell' for command environment: Not usable outside of PowerShell
[2.233s] DEBUG:colcon.colcon_core.shell:Skip shell extension 'dsv' for command environment
[3.332s] DEBUG:colcon.colcon_core.event_handler.log_command:Invoking command in '/home/vs/csc2207_project_ws/src/motion': PYTHONPATH=/home/vs/csc2207_project_ws/build/motion/prefix_override:/home/vs/csc2207_project_ws/install/motion/lib/python3.8/site-packages:${PYTHONPATH} /usr/bin/python3 setup.py egg_info --egg-base ../../build/motion build --build-base /home/vs/csc2207_project_ws/build/motion/build install --record /home/vs/csc2207_project_ws/build/motion/install.log --install-scripts $base/lib/motion --single-version-externally-managed
[4.329s] DEBUG:colcon.colcon_core.event_handler.log_command:Invoked command in '/home/vs/csc2207_project_ws/src/motion' returned '0': PYTHONPATH=/home/vs/csc2207_project_ws/build/motion/prefix_override:/home/vs/csc2207_project_ws/install/motion/lib/python3.8/site-packages:${PYTHONPATH} /usr/bin/python3 setup.py egg_info --egg-base ../../build/motion build --build-base /home/vs/csc2207_project_ws/build/motion/build install --record /home/vs/csc2207_project_ws/build/motion/install.log --install-scripts $base/lib/motion --single-version-externally-managed
[4.355s] Level 1:colcon.colcon_core.environment:checking '/home/vs/csc2207_project_ws/install/motion' for CMake module files
[4.357s] Level 1:colcon.colcon_core.environment:checking '/home/vs/csc2207_project_ws/install/motion' for CMake config files
[4.359s] Level 1:colcon.colcon_core.environment:checking '/home/vs/csc2207_project_ws/install/motion/lib'
[4.360s] Level 1:colcon.colcon_core.environment:checking '/home/vs/csc2207_project_ws/install/motion/bin'
[4.360s] Level 1:colcon.colcon_core.environment:checking '/home/vs/csc2207_project_ws/install/motion/lib/pkgconfig/motion.pc'
[4.361s] Level 1:colcon.colcon_core.environment:checking '/home/vs/csc2207_project_ws/install/motion/lib/python3.8/site-packages'
[4.361s] Level 1:colcon.colcon_core.shell:create_environment_hook('motion', 'pythonpath')
[4.365s] INFO:colcon.colcon_core.shell:Creating environment hook '/home/vs/csc2207_project_ws/install/motion/share/motion/hook/pythonpath.ps1'
[4.367s] INFO:colcon.colcon_core.shell:Creating environment descriptor '/home/vs/csc2207_project_ws/install/motion/share/motion/hook/pythonpath.dsv'
[4.368s] INFO:colcon.colcon_core.shell:Creating environment hook '/home/vs/csc2207_project_ws/install/motion/share/motion/hook/pythonpath.sh'
[4.371s] Level 1:colcon.colcon_core.environment:checking '/home/vs/csc2207_project_ws/install/motion/bin'
[4.372s] Level 1:colcon.colcon_core.environment:create_environment_scripts_only(motion)
[4.377s] INFO:colcon.colcon_core.shell:Creating package script '/home/vs/csc2207_project_ws/install/motion/share/motion/package.ps1'
[4.380s] INFO:colcon.colcon_core.shell:Creating package descriptor '/home/vs/csc2207_project_ws/install/motion/share/motion/package.dsv'
[4.381s] INFO:colcon.colcon_core.shell:Creating package script '/home/vs/csc2207_project_ws/install/motion/share/motion/package.sh'
[4.385s] INFO:colcon.colcon_core.shell:Creating package script '/home/vs/csc2207_project_ws/install/motion/share/motion/package.bash'
[4.388s] INFO:colcon.colcon_core.shell:Creating package script '/home/vs/csc2207_project_ws/install/motion/share/motion/package.zsh'
[4.397s] Level 1:colcon.colcon_core.environment:create_file_with_runtime_dependencies(/home/vs/csc2207_project_ws/install/motion/share/colcon-core/packages/motion)
[4.399s] DEBUG:colcon.colcon_parallel_executor.executor.parallel:closing loop
[4.400s] DEBUG:colcon.colcon_parallel_executor.executor.parallel:loop closed
[4.401s] DEBUG:colcon.colcon_parallel_executor.executor.parallel:run_until_complete finished with '0'
[4.401s] DEBUG:colcon.colcon_core.event_reactor:joining thread
[4.422s] INFO:colcon.colcon_core.plugin_system:Skipping extension 'colcon_notification.desktop_notification.notify_send': Could not find 'notify-send'
[4.422s] INFO:colcon.colcon_core.plugin_system:Skipping extension 'colcon_notification.desktop_notification.terminal_notifier': Not used on non-Darwin systems
[4.423s] INFO:colcon.colcon_core.plugin_system:Skipping extension 'colcon_notification.desktop_notification.win32': Not used on non-Windows systems
[4.423s] INFO:colcon.colcon_notification.desktop_notification:Sending desktop notification using 'notify2'
[4.672s] DEBUG:colcon.colcon_notification.desktop_notification.notify2:Failed to initialize notify2: org.freedesktop.DBus.Error.ServiceUnknown: The name org.freedesktop.Notifications was not provided by any .service files
[4.673s] DEBUG:colcon.colcon_core.event_reactor:joined thread
[4.677s] INFO:colcon.colcon_core.shell:Creating prefix script '/home/vs/csc2207_project_ws/install/local_setup.ps1'
[4.680s] INFO:colcon.colcon_core.shell:Creating prefix util module '/home/vs/csc2207_project_ws/install/_local_setup_util_ps1.py'
[4.684s] INFO:colcon.colcon_core.shell:Creating prefix chain script '/home/vs/csc2207_project_ws/install/setup.ps1'
[4.688s] INFO:colcon.colcon_core.shell:Creating prefix script '/home/vs/csc2207_project_ws/install/local_setup.sh'
[4.689s] INFO:colcon.colcon_core.shell:Creating prefix util module '/home/vs/csc2207_project_ws/install/_local_setup_util_sh.py'
[4.691s] INFO:colcon.colcon_core.shell:Creating prefix chain script '/home/vs/csc2207_project_ws/install/setup.sh'
[4.694s] INFO:colcon.colcon_core.shell:Creating prefix script '/home/vs/csc2207_project_ws/install/local_setup.bash'
[4.696s] INFO:colcon.colcon_core.shell:Creating prefix chain script '/home/vs/csc2207_project_ws/install/setup.bash'
[4.702s] INFO:colcon.colcon_core.shell:Creating prefix script '/home/vs/csc2207_project_ws/install/local_setup.zsh'
[4.703s] INFO:colcon.colcon_core.shell:Creating prefix chain script '/home/vs/csc2207_project_ws/install/setup.zsh'
