[0.381s] DEBUG:colcon:Command line arguments: ['/usr/bin/colcon', 'build', '--packages-select', 'motion']
[0.381s] DEBUG:colcon:Parsed command line arguments: Namespace(ament_cmake_args=None, base_paths=['.'], build_base='build', catkin_cmake_args=None, catkin_skip_building_tests=False, cmake_args=None, cmake_clean_cache=False, cmake_clean_first=False, cmake_force_configure=False, cmake_target=None, cmake_target_skip_unavailable=False, continue_on_error=False, event_handlers=None, executor='parallel', ignore_user_meta=False, install_base='install', log_base=None, log_level=None, main=<bound method BuildVerb.main of <colcon_core.verb.build.BuildVerb object at 0x7f19d8253130>>, merge_install=False, metas=['./colcon.meta'], mixin=None, mixin_files=None, mixin_verb=('build',), packages_above=None, packages_above_and_dependencies=None, packages_above_depth=None, packages_end=None, packages_ignore=None, packages_ignore_regex=None, packages_select=['motion'], packages_select_build_failed=False, packages_select_by_dep=None, packages_select_regex=None, packages_select_test_failures=False, packages_skip=None, packages_skip_build_finished=False, packages_skip_by_dep=None, packages_skip_regex=None, packages_skip_test_passed=False, packages_skip_up_to=None, packages_start=None, packages_up_to=None, packages_up_to_regex=None, parallel_workers=8, paths=None, symlink_install=False, test_result_base=None, verb_extension=<colcon_core.verb.build.BuildVerb object at 0x7f19d8253130>, verb_name='build', verb_parser=<colcon_mixin.mixin.mixin_argument.MixinArgumentDecorator object at 0x7f19d8253790>)
[0.413s] Level 1:colcon.colcon_core.package_discovery:discover_packages(colcon_meta) check parameters
[0.414s] Level 1:colcon.colcon_core.package_discovery:discover_packages(recursive) check parameters
[0.414s] Level 1:colcon.colcon_core.package_discovery:discover_packages(ignore) check parameters
[0.414s] Level 1:colcon.colcon_core.package_discovery:discover_packages(path) check parameters
[0.414s] Level 1:colcon.colcon_core.package_discovery:discover_packages(colcon_meta) discover
[0.414s] Level 1:colcon.colcon_core.package_discovery:discover_packages(recursive) discover
[0.414s] INFO:colcon.colcon_core.package_discovery:Crawling recursively for packages in '/home/vs/csc2207_project_ws'
[0.414s] Level 1:colcon.colcon_core.package_identification:_identify(.) by extensions ['ignore', 'ignore_ament_install']
[0.414s] Level 1:colcon.colcon_core.package_identification:_identify(.) by extension 'ignore'
[0.414s] Level 1:colcon.colcon_core.package_identification:_identify(.) by extension 'ignore_ament_install'
[0.414s] Level 1:colcon.colcon_core.package_identification:_identify(.) by extensions ['colcon_pkg']
[0.414s] Level 1:colcon.colcon_core.package_identification:_identify(.) by extension 'colcon_pkg'
[0.414s] Level 1:colcon.colcon_core.package_identification:_identify(.) by extensions ['colcon_meta']
[0.414s] Level 1:colcon.colcon_core.package_identification:_identify(.) by extension 'colcon_meta'
[0.415s] Level 1:colcon.colcon_core.package_identification:_identify(.) by extensions ['ros']
[0.415s] Level 1:colcon.colcon_core.package_identification:_identify(.) by extension 'ros'
[0.437s] Level 1:colcon.colcon_core.package_identification:_identify(.) by extensions ['cmake', 'python']
[0.437s] Level 1:colcon.colcon_core.package_identification:_identify(.) by extension 'cmake'
[0.437s] Level 1:colcon.colcon_core.package_identification:_identify(.) by extension 'python'
[0.437s] Level 1:colcon.colcon_core.package_identification:_identify(.) by extensions ['python_setup_py']
[0.437s] Level 1:colcon.colcon_core.package_identification:_identify(.) by extension 'python_setup_py'
[0.438s] Level 1:colcon.colcon_core.package_identification:_identify(build) by extensions ['ignore', 'ignore_ament_install']
[0.438s] Level 1:colcon.colcon_core.package_identification:_identify(build) by extension 'ignore'
[0.438s] Level 1:colcon.colcon_core.package_identification:_identify(build) ignored
[0.438s] Level 1:colcon.colcon_core.package_identification:_identify(install) by extensions ['ignore', 'ignore_ament_install']
[0.438s] Level 1:colcon.colcon_core.package_identification:_identify(install) by extension 'ignore'
[0.438s] Level 1:colcon.colcon_core.package_identification:_identify(install) ignored
[0.438s] Level 1:colcon.colcon_core.package_identification:_identify(log) by extensions ['ignore', 'ignore_ament_install']
[0.438s] Level 1:colcon.colcon_core.package_identification:_identify(log) by extension 'ignore'
[0.438s] Level 1:colcon.colcon_core.package_identification:_identify(log) ignored
[0.439s] Level 1:colcon.colcon_core.package_identification:_identify(src) by extensions ['ignore', 'ignore_ament_install']
[0.439s] Level 1:colcon.colcon_core.package_identification:_identify(src) by extension 'ignore'
[0.439s] Level 1:colcon.colcon_core.package_identification:_identify(src) by extension 'ignore_ament_install'
[0.439s] Level 1:colcon.colcon_core.package_identification:_identify(src) by extensions ['colcon_pkg']
[0.439s] Level 1:colcon.colcon_core.package_identification:_identify(src) by extension 'colcon_pkg'
[0.439s] Level 1:colcon.colcon_core.package_identification:_identify(src) by extensions ['colcon_meta']
[0.439s] Level 1:colcon.colcon_core.package_identification:_identify(src) by extension 'colcon_meta'
[0.439s] Level 1:colcon.colcon_core.package_identification:_identify(src) by extensions ['ros']
[0.439s] Level 1:colcon.colcon_core.package_identification:_identify(src) by extension 'ros'
[0.439s] Level 1:colcon.colcon_core.package_identification:_identify(src) by extensions ['cmake', 'python']
[0.439s] Level 1:colcon.colcon_core.package_identification:_identify(src) by extension 'cmake'
[0.439s] Level 1:colcon.colcon_core.package_identification:_identify(src) by extension 'python'
[0.439s] Level 1:colcon.colcon_core.package_identification:_identify(src) by extensions ['python_setup_py']
[0.439s] Level 1:colcon.colcon_core.package_identification:_identify(src) by extension 'python_setup_py'
[0.439s] Level 1:colcon.colcon_core.package_identification:_identify(src/motion) by extensions ['ignore', 'ignore_ament_install']
[0.439s] Level 1:colcon.colcon_core.package_identification:_identify(src/motion) by extension 'ignore'
[0.440s] Level 1:colcon.colcon_core.package_identification:_identify(src/motion) by extension 'ignore_ament_install'
[0.440s] Level 1:colcon.colcon_core.package_identification:_identify(src/motion) by extensions ['colcon_pkg']
[0.440s] Level 1:colcon.colcon_core.package_identification:_identify(src/motion) by extension 'colcon_pkg'
[0.440s] Level 1:colcon.colcon_core.package_identification:_identify(src/motion) by extensions ['colcon_meta']
[0.440s] Level 1:colcon.colcon_core.package_identification:_identify(src/motion) by extension 'colcon_meta'
[0.440s] Level 1:colcon.colcon_core.package_identification:_identify(src/motion) by extensions ['ros']
[0.440s] Level 1:colcon.colcon_core.package_identification:_identify(src/motion) by extension 'ros'
[0.443s] DEBUG:colcon.colcon_core.package_identification:Package 'src/motion' with type 'ros.ament_python' and name 'motion'
[0.443s] Level 1:colcon.colcon_core.package_identification:_identify(src/warehouse_robot_spawner_pkg) by extensions ['ignore', 'ignore_ament_install']
[0.443s] Level 1:colcon.colcon_core.package_identification:_identify(src/warehouse_robot_spawner_pkg) by extension 'ignore'
[0.443s] Level 1:colcon.colcon_core.package_identification:_identify(src/warehouse_robot_spawner_pkg) by extension 'ignore_ament_install'
[0.444s] Level 1:colcon.colcon_core.package_identification:_identify(src/warehouse_robot_spawner_pkg) by extensions ['colcon_pkg']
[0.444s] Level 1:colcon.colcon_core.package_identification:_identify(src/warehouse_robot_spawner_pkg) by extension 'colcon_pkg'
[0.444s] Level 1:colcon.colcon_core.package_identification:_identify(src/warehouse_robot_spawner_pkg) by extensions ['colcon_meta']
[0.444s] Level 1:colcon.colcon_core.package_identification:_identify(src/warehouse_robot_spawner_pkg) by extension 'colcon_meta'
[0.444s] Level 1:colcon.colcon_core.package_identification:_identify(src/warehouse_robot_spawner_pkg) by extensions ['ros']
[0.444s] Level 1:colcon.colcon_core.package_identification:_identify(src/warehouse_robot_spawner_pkg) by extension 'ros'
[0.445s] DEBUG:colcon.colcon_core.package_identification:Package 'src/warehouse_robot_spawner_pkg' with type 'ros.ament_python' and name 'warehouse_robot_spawner_pkg'
[0.445s] Level 1:colcon.colcon_core.package_discovery:discover_packages(recursive) using defaults
[0.445s] Level 1:colcon.colcon_core.package_discovery:discover_packages(ignore) discover
[0.445s] Level 1:colcon.colcon_core.package_discovery:discover_packages(ignore) using defaults
[0.445s] Level 1:colcon.colcon_core.package_discovery:discover_packages(path) discover
[0.445s] Level 1:colcon.colcon_core.package_discovery:discover_packages(path) using defaults
[0.473s] INFO:colcon.colcon_core.package_selection:Skipping not selected package 'warehouse_robot_spawner_pkg' in 'src/warehouse_robot_spawner_pkg'
[0.474s] Level 5:colcon.colcon_core.verb:set package 'motion' build argument 'cmake_args' from command line to 'None'
[0.474s] Level 5:colcon.colcon_core.verb:set package 'motion' build argument 'cmake_target' from command line to 'None'
[0.474s] Level 5:colcon.colcon_core.verb:set package 'motion' build argument 'cmake_target_skip_unavailable' from command line to 'False'
[0.474s] Level 5:colcon.colcon_core.verb:set package 'motion' build argument 'cmake_clean_cache' from command line to 'False'
[0.474s] Level 5:colcon.colcon_core.verb:set package 'motion' build argument 'cmake_clean_first' from command line to 'False'
[0.474s] Level 5:colcon.colcon_core.verb:set package 'motion' build argument 'cmake_force_configure' from command line to 'False'
[0.474s] Level 5:colcon.colcon_core.verb:set package 'motion' build argument 'ament_cmake_args' from command line to 'None'
[0.474s] Level 5:colcon.colcon_core.verb:set package 'motion' build argument 'catkin_cmake_args' from command line to 'None'
[0.475s] Level 5:colcon.colcon_core.verb:set package 'motion' build argument 'catkin_skip_building_tests' from command line to 'False'
[0.475s] DEBUG:colcon.colcon_core.verb:Building package 'motion' with the following arguments: {'ament_cmake_args': None, 'build_base': '/home/vs/csc2207_project_ws/build/motion', 'catkin_cmake_args': None, 'catkin_skip_building_tests': False, 'cmake_args': None, 'cmake_clean_cache': False, 'cmake_clean_first': False, 'cmake_force_configure': False, 'cmake_target': None, 'cmake_target_skip_unavailable': False, 'install_base': '/home/vs/csc2207_project_ws/install/motion', 'merge_install': False, 'path': '/home/vs/csc2207_project_ws/src/motion', 'symlink_install': False, 'test_result_base': None}
[0.475s] INFO:colcon.colcon_core.executor:Executing jobs using 'parallel' executor
[0.481s] DEBUG:colcon.colcon_parallel_executor.executor.parallel:run_until_complete
[0.481s] INFO:colcon.colcon_ros.task.ament_python.build:Building ROS package in '/home/vs/csc2207_project_ws/src/motion' with build type 'ament_python'
[0.482s] Level 1:colcon.colcon_core.shell:create_environment_hook('motion', 'ament_prefix_path')
[0.487s] INFO:colcon.colcon_core.plugin_system:Skipping extension 'colcon_core.shell.bat': Not used on non-Windows systems
[0.488s] INFO:colcon.colcon_core.shell:Creating environment hook '/home/vs/csc2207_project_ws/install/motion/share/motion/hook/ament_prefix_path.ps1'
[0.488s] INFO:colcon.colcon_core.shell:Creating environment descriptor '/home/vs/csc2207_project_ws/install/motion/share/motion/hook/ament_prefix_path.dsv'
[0.489s] INFO:colcon.colcon_core.shell:Creating environment hook '/home/vs/csc2207_project_ws/install/motion/share/motion/hook/ament_prefix_path.sh'
[0.491s] INFO:colcon.colcon_core.shell:Skip shell extension 'powershell' for command environment: Not usable outside of PowerShell
[0.491s] DEBUG:colcon.colcon_core.shell:Skip shell extension 'dsv' for command environment
[0.493s] WARNING:colcon.colcon_core.prefix_path.colcon:The path '/home/vs/ws/install' in the environment variable COLCON_PREFIX_PATH doesn't exist
[0.494s] WARNING:colcon.colcon_ros.prefix_path.ament:The path '/home/vs/ws/install/ros2_demo_py' in the environment variable AMENT_PREFIX_PATH doesn't exist
[0.770s] INFO:colcon.colcon_core.task.python.build:Building Python package in '/home/vs/csc2207_project_ws/src/motion'
[0.772s] INFO:colcon.colcon_core.shell:Skip shell extension 'powershell' for command environment: Not usable outside of PowerShell
[0.773s] DEBUG:colcon.colcon_core.shell:Skip shell extension 'dsv' for command environment
[1.421s] DEBUG:colcon.colcon_core.event_handler.log_command:Invoking command in '/home/vs/csc2207_project_ws/src/motion': PYTHONPATH=/home/vs/csc2207_project_ws/build/motion/prefix_override:/home/vs/csc2207_project_ws/install/motion/lib/python3.8/site-packages:${PYTHONPATH} /usr/bin/python3 setup.py egg_info --egg-base ../../build/motion build --build-base /home/vs/csc2207_project_ws/build/motion/build install --record /home/vs/csc2207_project_ws/build/motion/install.log --install-scripts $base/lib/motion --single-version-externally-managed
[1.949s] DEBUG:colcon.colcon_core.event_handler.log_command:Invoked command in '/home/vs/csc2207_project_ws/src/motion' returned '0': PYTHONPATH=/home/vs/csc2207_project_ws/build/motion/prefix_override:/home/vs/csc2207_project_ws/install/motion/lib/python3.8/site-packages:${PYTHONPATH} /usr/bin/python3 setup.py egg_info --egg-base ../../build/motion build --build-base /home/vs/csc2207_project_ws/build/motion/build install --record /home/vs/csc2207_project_ws/build/motion/install.log --install-scripts $base/lib/motion --single-version-externally-managed
[1.956s] Level 1:colcon.colcon_core.environment:checking '/home/vs/csc2207_project_ws/install/motion' for CMake module files
[1.957s] Level 1:colcon.colcon_core.environment:checking '/home/vs/csc2207_project_ws/install/motion' for CMake config files
[1.958s] Level 1:colcon.colcon_core.environment:checking '/home/vs/csc2207_project_ws/install/motion/lib'
[1.959s] Level 1:colcon.colcon_core.environment:checking '/home/vs/csc2207_project_ws/install/motion/bin'
[1.959s] Level 1:colcon.colcon_core.environment:checking '/home/vs/csc2207_project_ws/install/motion/lib/pkgconfig/motion.pc'
[1.959s] Level 1:colcon.colcon_core.environment:checking '/home/vs/csc2207_project_ws/install/motion/lib/python3.8/site-packages'
[1.959s] Level 1:colcon.colcon_core.shell:create_environment_hook('motion', 'pythonpath')
[1.962s] INFO:colcon.colcon_core.shell:Creating environment hook '/home/vs/csc2207_project_ws/install/motion/share/motion/hook/pythonpath.ps1'
[1.963s] INFO:colcon.colcon_core.shell:Creating environment descriptor '/home/vs/csc2207_project_ws/install/motion/share/motion/hook/pythonpath.dsv'
[1.963s] INFO:colcon.colcon_core.shell:Creating environment hook '/home/vs/csc2207_project_ws/install/motion/share/motion/hook/pythonpath.sh'
[1.964s] Level 1:colcon.colcon_core.environment:checking '/home/vs/csc2207_project_ws/install/motion/bin'
[1.964s] Level 1:colcon.colcon_core.environment:create_environment_scripts_only(motion)
[1.967s] INFO:colcon.colcon_core.shell:Creating package script '/home/vs/csc2207_project_ws/install/motion/share/motion/package.ps1'
[1.969s] INFO:colcon.colcon_core.shell:Creating package descriptor '/home/vs/csc2207_project_ws/install/motion/share/motion/package.dsv'
[1.970s] INFO:colcon.colcon_core.shell:Creating package script '/home/vs/csc2207_project_ws/install/motion/share/motion/package.sh'
[1.972s] INFO:colcon.colcon_core.shell:Creating package script '/home/vs/csc2207_project_ws/install/motion/share/motion/package.bash'
[1.973s] INFO:colcon.colcon_core.shell:Creating package script '/home/vs/csc2207_project_ws/install/motion/share/motion/package.zsh'
[1.974s] Level 1:colcon.colcon_core.environment:create_file_with_runtime_dependencies(/home/vs/csc2207_project_ws/install/motion/share/colcon-core/packages/motion)
[1.975s] DEBUG:colcon.colcon_parallel_executor.executor.parallel:closing loop
[1.976s] DEBUG:colcon.colcon_parallel_executor.executor.parallel:loop closed
[1.976s] DEBUG:colcon.colcon_parallel_executor.executor.parallel:run_until_complete finished with '0'
[1.976s] DEBUG:colcon.colcon_core.event_reactor:joining thread
[1.988s] INFO:colcon.colcon_core.plugin_system:Skipping extension 'colcon_notification.desktop_notification.notify_send': Could not find 'notify-send'
[1.988s] INFO:colcon.colcon_core.plugin_system:Skipping extension 'colcon_notification.desktop_notification.terminal_notifier': Not used on non-Darwin systems
[1.989s] INFO:colcon.colcon_core.plugin_system:Skipping extension 'colcon_notification.desktop_notification.win32': Not used on non-Windows systems
[1.989s] INFO:colcon.colcon_notification.desktop_notification:Sending desktop notification using 'notify2'
[2.052s] DEBUG:colcon.colcon_notification.desktop_notification.notify2:Failed to initialize notify2: org.freedesktop.DBus.Error.ServiceUnknown: The name org.freedesktop.Notifications was not provided by any .service files
[2.053s] DEBUG:colcon.colcon_core.event_reactor:joined thread
[2.056s] INFO:colcon.colcon_core.shell:Creating prefix script '/home/vs/csc2207_project_ws/install/local_setup.ps1'
[2.058s] INFO:colcon.colcon_core.shell:Creating prefix util module '/home/vs/csc2207_project_ws/install/_local_setup_util_ps1.py'
[2.060s] INFO:colcon.colcon_core.shell:Creating prefix chain script '/home/vs/csc2207_project_ws/install/setup.ps1'
[2.063s] INFO:colcon.colcon_core.shell:Creating prefix script '/home/vs/csc2207_project_ws/install/local_setup.sh'
[2.065s] INFO:colcon.colcon_core.shell:Creating prefix util module '/home/vs/csc2207_project_ws/install/_local_setup_util_sh.py'
[2.066s] INFO:colcon.colcon_core.shell:Creating prefix chain script '/home/vs/csc2207_project_ws/install/setup.sh'
[2.068s] INFO:colcon.colcon_core.shell:Creating prefix script '/home/vs/csc2207_project_ws/install/local_setup.bash'
[2.069s] INFO:colcon.colcon_core.shell:Creating prefix chain script '/home/vs/csc2207_project_ws/install/setup.bash'
[2.072s] INFO:colcon.colcon_core.shell:Creating prefix script '/home/vs/csc2207_project_ws/install/local_setup.zsh'
[2.073s] INFO:colcon.colcon_core.shell:Creating prefix chain script '/home/vs/csc2207_project_ws/install/setup.zsh'
