[2.243s] Invoking command in '/home/vs/csc2207_project_ws/src/motion': PYTHONPATH=/home/vs/csc2207_project_ws/build/motion/prefix_override:/home/vs/csc2207_project_ws/install/motion/lib/python3.8/site-packages:${PYTHONPATH} /usr/bin/python3 setup.py egg_info --egg-base ../../build/motion build --build-base /home/vs/csc2207_project_ws/build/motion/build install --record /home/vs/csc2207_project_ws/build/motion/install.log --install-scripts $base/lib/motion --single-version-externally-managed
[2.970s] running egg_info
[2.974s] writing ../../build/motion/motion.egg-info/PKG-INFO
[2.975s] writing dependency_links to ../../build/motion/motion.egg-info/dependency_links.txt
[2.976s] writing entry points to ../../build/motion/motion.egg-info/entry_points.txt
[2.977s] writing requirements to ../../build/motion/motion.egg-info/requires.txt
[2.977s] writing top-level names to ../../build/motion/motion.egg-info/top_level.txt
[3.083s] reading manifest file '../../build/motion/motion.egg-info/SOURCES.txt'
[3.086s] writing manifest file '../../build/motion/motion.egg-info/SOURCES.txt'
[3.087s] running build
[3.087s] running build_py
[3.087s] running install
[3.091s] running install_lib
[3.093s] running install_data
[3.096s] running install_egg_info
[3.103s] removing '/home/vs/csc2207_project_ws/install/motion/lib/python3.8/site-packages/motion-0.0.0-py3.8.egg-info' (and everything under it)
[3.105s] Copying ../../build/motion/motion.egg-info to /home/vs/csc2207_project_ws/install/motion/lib/python3.8/site-packages/motion-0.0.0-py3.8.egg-info
[3.106s] running install_scripts
[3.161s] Installing motion_node script to /home/vs/csc2207_project_ws/install/motion/lib/motion
[3.162s] writing list of installed files to '/home/vs/csc2207_project_ws/build/motion/install.log'
[3.230s] Invoked command in '/home/vs/csc2207_project_ws/src/motion' returned '0': PYTHONPATH=/home/vs/csc2207_project_ws/build/motion/prefix_override:/home/vs/csc2207_project_ws/install/motion/lib/python3.8/site-packages:${PYTHONPATH} /usr/bin/python3 setup.py egg_info --egg-base ../../build/motion build --build-base /home/vs/csc2207_project_ws/build/motion/build install --record /home/vs/csc2207_project_ws/build/motion/install.log --install-scripts $base/lib/motion --single-version-externally-managed
