[0.637s] Invoking command in '/home/vs/csc2207_project_ws/src/motion': PYTHONPATH=/home/vs/csc2207_project_ws/build/motion/prefix_override:/home/vs/csc2207_project_ws/install/motion/lib/python3.8/site-packages:${PYTHONPATH} /usr/bin/python3 setup.py egg_info --egg-base ../../build/motion build --build-base /home/vs/csc2207_project_ws/build/motion/build install --record /home/vs/csc2207_project_ws/build/motion/install.log --install-scripts $base/lib/motion --single-version-externally-managed
[0.875s] running egg_info
[0.876s] writing ../../build/motion/motion.egg-info/PKG-INFO
[0.876s] writing dependency_links to ../../build/motion/motion.egg-info/dependency_links.txt
[0.876s] writing entry points to ../../build/motion/motion.egg-info/entry_points.txt
[0.877s] writing requirements to ../../build/motion/motion.egg-info/requires.txt
[0.877s] writing top-level names to ../../build/motion/motion.egg-info/top_level.txt
[0.917s] reading manifest file '../../build/motion/motion.egg-info/SOURCES.txt'
[0.918s] writing manifest file '../../build/motion/motion.egg-info/SOURCES.txt'
[0.918s] running build
[0.918s] running build_py
[0.919s] running install
[0.920s] running install_lib
[0.921s] running install_data
[0.922s] running install_egg_info
[0.924s] removing '/home/vs/csc2207_project_ws/install/motion/lib/python3.8/site-packages/motion-0.0.0-py3.8.egg-info' (and everything under it)
[0.924s] Copying ../../build/motion/motion.egg-info to /home/vs/csc2207_project_ws/install/motion/lib/python3.8/site-packages/motion-0.0.0-py3.8.egg-info
[0.925s] running install_scripts
[0.944s] Installing motion_node script to /home/vs/csc2207_project_ws/install/motion/lib/motion
[0.945s] writing list of installed files to '/home/vs/csc2207_project_ws/build/motion/install.log'
[0.965s] Invoked command in '/home/vs/csc2207_project_ws/src/motion' returned '0': PYTHONPATH=/home/vs/csc2207_project_ws/build/motion/prefix_override:/home/vs/csc2207_project_ws/install/motion/lib/python3.8/site-packages:${PYTHONPATH} /usr/bin/python3 setup.py egg_info --egg-base ../../build/motion build --build-base /home/vs/csc2207_project_ws/build/motion/build install --record /home/vs/csc2207_project_ws/build/motion/install.log --install-scripts $base/lib/motion --single-version-externally-managed
