[1.540s] Invoking command in '/home/vs/csc2207_project_ws/src/warehouse_robot_spawner_pkg': PYTHONPATH=/home/vs/csc2207_project_ws/build/warehouse_robot_spawner_pkg/prefix_override:/home/vs/csc2207_project_ws/install/warehouse_robot_spawner_pkg/lib/python3.8/site-packages:${PYTHONPATH} /usr/bin/python3 setup.py egg_info --egg-base ../../build/warehouse_robot_spawner_pkg build --build-base /home/vs/csc2207_project_ws/build/warehouse_robot_spawner_pkg/build install --record /home/vs/csc2207_project_ws/build/warehouse_robot_spawner_pkg/install.log --install-scripts $base/lib/warehouse_robot_spawner_pkg --single-version-externally-managed
[1.778s] running egg_info
[1.779s] writing ../../build/warehouse_robot_spawner_pkg/warehouse_robot_spawner_pkg.egg-info/PKG-INFO
[1.780s] writing dependency_links to ../../build/warehouse_robot_spawner_pkg/warehouse_robot_spawner_pkg.egg-info/dependency_links.txt
[1.780s] writing entry points to ../../build/warehouse_robot_spawner_pkg/warehouse_robot_spawner_pkg.egg-info/entry_points.txt
[1.780s] writing requirements to ../../build/warehouse_robot_spawner_pkg/warehouse_robot_spawner_pkg.egg-info/requires.txt
[1.780s] writing top-level names to ../../build/warehouse_robot_spawner_pkg/warehouse_robot_spawner_pkg.egg-info/top_level.txt
[1.833s] reading manifest file '../../build/warehouse_robot_spawner_pkg/warehouse_robot_spawner_pkg.egg-info/SOURCES.txt'
[1.834s] writing manifest file '../../build/warehouse_robot_spawner_pkg/warehouse_robot_spawner_pkg.egg-info/SOURCES.txt'
[1.834s] running build
[1.835s] running build_py
[1.835s] running install
[1.837s] running install_lib
[1.839s] running install_data
[1.840s] copying ./worlds/warehouse.world -> /home/vs/csc2207_project_ws/install/warehouse_robot_spawner_pkg/share/warehouse_robot_spawner_pkg/worlds/
[1.841s] creating /home/vs/csc2207_project_ws/install/warehouse_robot_spawner_pkg/share/warehouse_robot_spawner_pkg/models/obstacle_course
[1.842s] copying ./models/obstacle_course/model.config -> /home/vs/csc2207_project_ws/install/warehouse_robot_spawner_pkg/share/warehouse_robot_spawner_pkg/models/obstacle_course/
[1.842s] copying ./models/obstacle_course/model.sdf -> /home/vs/csc2207_project_ws/install/warehouse_robot_spawner_pkg/share/warehouse_robot_spawner_pkg/models/obstacle_course/
[1.843s] copying ./worlds/warehouse.world -> /home/vs/csc2207_project_ws/install/warehouse_robot_spawner_pkg/share/warehouse_robot_spawner_pkg/models/
[1.843s] running install_egg_info
[1.845s] removing '/home/vs/csc2207_project_ws/install/warehouse_robot_spawner_pkg/lib/python3.8/site-packages/warehouse_robot_spawner_pkg-0.0.0-py3.8.egg-info' (and everything under it)
[1.846s] Copying ../../build/warehouse_robot_spawner_pkg/warehouse_robot_spawner_pkg.egg-info to /home/vs/csc2207_project_ws/install/warehouse_robot_spawner_pkg/lib/python3.8/site-packages/warehouse_robot_spawner_pkg-0.0.0-py3.8.egg-info
[1.849s] running install_scripts
[1.875s] Installing spawn_demo script to /home/vs/csc2207_project_ws/install/warehouse_robot_spawner_pkg/lib/warehouse_robot_spawner_pkg
[1.876s] writing list of installed files to '/home/vs/csc2207_project_ws/build/warehouse_robot_spawner_pkg/install.log'
[1.959s] Invoked command in '/home/vs/csc2207_project_ws/src/warehouse_robot_spawner_pkg' returned '0': PYTHONPATH=/home/vs/csc2207_project_ws/build/warehouse_robot_spawner_pkg/prefix_override:/home/vs/csc2207_project_ws/install/warehouse_robot_spawner_pkg/lib/python3.8/site-packages:${PYTHONPATH} /usr/bin/python3 setup.py egg_info --egg-base ../../build/warehouse_robot_spawner_pkg build --build-base /home/vs/csc2207_project_ws/build/warehouse_robot_spawner_pkg/build install --record /home/vs/csc2207_project_ws/build/warehouse_robot_spawner_pkg/install.log --install-scripts $base/lib/warehouse_robot_spawner_pkg --single-version-externally-managed
