[3.358s] Invoking command in '/home/vs/csc2207_project_ws/src/motion': PYTHONPATH=/home/vs/csc2207_project_ws/build/motion/prefix_override:/home/vs/csc2207_project_ws/install/motion/lib/python3.8/site-packages:${PYTHONPATH} /usr/bin/python3 setup.py egg_info --egg-base ../../build/motion build --build-base /home/vs/csc2207_project_ws/build/motion/build install --record /home/vs/csc2207_project_ws/build/motion/install.log --install-scripts $base/lib/motion --single-version-externally-managed
[4.294s] running egg_info
[4.302s] writing ../../build/motion/motion.egg-info/PKG-INFO
[4.304s] writing dependency_links to ../../build/motion/motion.egg-info/dependency_links.txt
[4.306s] writing entry points to ../../build/motion/motion.egg-info/entry_points.txt
[4.307s] writing requirements to ../../build/motion/motion.egg-info/requires.txt
[4.307s] writing top-level names to ../../build/motion/motion.egg-info/top_level.txt
[4.452s] reading manifest file '../../build/motion/motion.egg-info/SOURCES.txt'
[4.458s] writing manifest file '../../build/motion/motion.egg-info/SOURCES.txt'
[4.458s] running build
[4.459s] running build_py
[4.460s] copying motion/motion.py -> /home/vs/csc2207_project_ws/build/motion/build/lib/motion
[4.460s] running install
[4.465s] running install_lib
[4.467s] copying /home/vs/csc2207_project_ws/build/motion/build/lib/motion/motion.py -> /home/vs/csc2207_project_ws/install/motion/lib/python3.8/site-packages/motion
[4.469s] byte-compiling /home/vs/csc2207_project_ws/install/motion/lib/python3.8/site-packages/motion/motion.py to motion.cpython-38.pyc
[4.473s] running install_data
[4.479s] running install_egg_info
[4.489s] removing '/home/vs/csc2207_project_ws/install/motion/lib/python3.8/site-packages/motion-0.0.0-py3.8.egg-info' (and everything under it)
[4.490s] Copying ../../build/motion/motion.egg-info to /home/vs/csc2207_project_ws/install/motion/lib/python3.8/site-packages/motion-0.0.0-py3.8.egg-info
[4.499s] running install_scripts
[4.563s] Installing motion_node script to /home/vs/csc2207_project_ws/install/motion/lib/motion
[4.563s] writing list of installed files to '/home/vs/csc2207_project_ws/build/motion/install.log'
[4.644s] Invoked command in '/home/vs/csc2207_project_ws/src/motion' returned '0': PYTHONPATH=/home/vs/csc2207_project_ws/build/motion/prefix_override:/home/vs/csc2207_project_ws/install/motion/lib/python3.8/site-packages:${PYTHONPATH} /usr/bin/python3 setup.py egg_info --egg-base ../../build/motion build --build-base /home/vs/csc2207_project_ws/build/motion/build install --record /home/vs/csc2207_project_ws/build/motion/install.log --install-scripts $base/lib/motion --single-version-externally-managed
