[1.761s] Invoking command in '/home/vs/csc2207_project_ws/src/localization': PYTHONPATH=/home/vs/csc2207_project_ws/build/localization/prefix_override:/home/vs/csc2207_project_ws/install/localization/lib/python3.8/site-packages:${PYTHONPATH} /usr/bin/python3 setup.py egg_info --egg-base ../../build/localization build --build-base /home/vs/csc2207_project_ws/build/localization/build install --record /home/vs/csc2207_project_ws/build/localization/install.log --install-scripts $base/lib/localization --single-version-externally-managed
[2.283s] running egg_info
[2.285s] writing ../../build/localization/localization.egg-info/PKG-INFO
[2.285s] writing dependency_links to ../../build/localization/localization.egg-info/dependency_links.txt
[2.286s] writing entry points to ../../build/localization/localization.egg-info/entry_points.txt
[2.286s] writing requirements to ../../build/localization/localization.egg-info/requires.txt
[2.286s] writing top-level names to ../../build/localization/localization.egg-info/top_level.txt
[2.374s] reading manifest file '../../build/localization/localization.egg-info/SOURCES.txt'
[2.377s] writing manifest file '../../build/localization/localization.egg-info/SOURCES.txt'
[2.377s] running build
[2.377s] running build_py
[2.378s] running install
[2.380s] running install_lib
[2.385s] running install_data
[2.386s] running install_egg_info
[2.390s] removing '/home/vs/csc2207_project_ws/install/localization/lib/python3.8/site-packages/localization-0.0.0-py3.8.egg-info' (and everything under it)
[2.390s] Copying ../../build/localization/localization.egg-info to /home/vs/csc2207_project_ws/install/localization/lib/python3.8/site-packages/localization-0.0.0-py3.8.egg-info
[2.396s] running install_scripts
[2.443s] Installing localization_node script to /home/vs/csc2207_project_ws/install/localization/lib/localization
[2.444s] writing list of installed files to '/home/vs/csc2207_project_ws/build/localization/install.log'
[2.505s] Invoked command in '/home/vs/csc2207_project_ws/src/localization' returned '0': PYTHONPATH=/home/vs/csc2207_project_ws/build/localization/prefix_override:/home/vs/csc2207_project_ws/install/localization/lib/python3.8/site-packages:${PYTHONPATH} /usr/bin/python3 setup.py egg_info --egg-base ../../build/localization build --build-base /home/vs/csc2207_project_ws/build/localization/build install --record /home/vs/csc2207_project_ws/build/localization/install.log --install-scripts $base/lib/localization --single-version-externally-managed
