[1.411s] Invoking command in '/home/vs/csc2207_project_ws/src/motion': PYTHONPATH=/home/vs/csc2207_project_ws/build/motion/prefix_override:/home/vs/csc2207_project_ws/install/motion/lib/python3.8/site-packages:${PYTHONPATH} /usr/bin/python3 setup.py egg_info --egg-base ../../build/motion build --build-base /home/vs/csc2207_project_ws/build/motion/build install --record /home/vs/csc2207_project_ws/build/motion/install.log --install-scripts $base/lib/motion --single-version-externally-managed
[1.920s] running egg_info
[1.922s] writing ../../build/motion/motion.egg-info/PKG-INFO
[1.922s] writing dependency_links to ../../build/motion/motion.egg-info/dependency_links.txt
[1.923s] writing entry points to ../../build/motion/motion.egg-info/entry_points.txt
[1.923s] writing requirements to ../../build/motion/motion.egg-info/requires.txt
[1.924s] writing top-level names to ../../build/motion/motion.egg-info/top_level.txt
[2.006s] reading manifest file '../../build/motion/motion.egg-info/SOURCES.txt'
[2.011s] writing manifest file '../../build/motion/motion.egg-info/SOURCES.txt'
[2.012s] running build
[2.012s] running build_py
[2.013s] running install
[2.014s] running install_lib
[2.017s] running install_data
[2.018s] running install_egg_info
[2.020s] removing '/home/vs/csc2207_project_ws/install/motion/lib/python3.8/site-packages/motion-0.0.0-py3.8.egg-info' (and everything under it)
[2.021s] Copying ../../build/motion/motion.egg-info to /home/vs/csc2207_project_ws/install/motion/lib/python3.8/site-packages/motion-0.0.0-py3.8.egg-info
[2.028s] running install_scripts
[2.069s] Installing motion_node script to /home/vs/csc2207_project_ws/install/motion/lib/motion
[2.069s] writing list of installed files to '/home/vs/csc2207_project_ws/build/motion/install.log'
[2.239s] Invoked command in '/home/vs/csc2207_project_ws/src/motion' returned '0': PYTHONPATH=/home/vs/csc2207_project_ws/build/motion/prefix_override:/home/vs/csc2207_project_ws/install/motion/lib/python3.8/site-packages:${PYTHONPATH} /usr/bin/python3 setup.py egg_info --egg-base ../../build/motion build --build-base /home/vs/csc2207_project_ws/build/motion/build install --record /home/vs/csc2207_project_ws/build/motion/install.log --install-scripts $base/lib/motion --single-version-externally-managed
