[2.468s] Invoking command in '/home/vs/csc2207_project_ws/src/motion': PYTHONPATH=/home/vs/csc2207_project_ws/build/motion/prefix_override:/home/vs/csc2207_project_ws/install/motion/lib/python3.8/site-packages:${PYTHONPATH} /usr/bin/python3 setup.py egg_info --egg-base ../../build/motion build --build-base /home/vs/csc2207_project_ws/build/motion/build install --record /home/vs/csc2207_project_ws/build/motion/install.log --install-scripts $base/lib/motion --single-version-externally-managed
[3.224s] running egg_info
[3.226s] writing ../../build/motion/motion.egg-info/PKG-INFO
[3.228s] writing dependency_links to ../../build/motion/motion.egg-info/dependency_links.txt
[3.229s] writing entry points to ../../build/motion/motion.egg-info/entry_points.txt
[3.229s] writing requirements to ../../build/motion/motion.egg-info/requires.txt
[3.230s] writing top-level names to ../../build/motion/motion.egg-info/top_level.txt
[3.366s] reading manifest file '../../build/motion/motion.egg-info/SOURCES.txt'
[3.369s] writing manifest file '../../build/motion/motion.egg-info/SOURCES.txt'
[3.370s] running build
[3.371s] running build_py
[3.376s] copying motion/motion.py -> /home/vs/csc2207_project_ws/build/motion/build/lib/motion
[3.376s] running install
[3.380s] running install_lib
[3.385s] copying /home/vs/csc2207_project_ws/build/motion/build/lib/motion/motion.py -> /home/vs/csc2207_project_ws/install/motion/lib/python3.8/site-packages/motion
[3.385s] byte-compiling /home/vs/csc2207_project_ws/install/motion/lib/python3.8/site-packages/motion/motion.py to motion.cpython-38.pyc
[3.388s] running install_data
[3.389s] running install_egg_info
[3.402s] removing '/home/vs/csc2207_project_ws/install/motion/lib/python3.8/site-packages/motion-0.0.0-py3.8.egg-info' (and everything under it)
[3.403s] Copying ../../build/motion/motion.egg-info to /home/vs/csc2207_project_ws/install/motion/lib/python3.8/site-packages/motion-0.0.0-py3.8.egg-info
[3.408s] running install_scripts
[3.469s] Installing motion_node script to /home/vs/csc2207_project_ws/install/motion/lib/motion
[3.471s] writing list of installed files to '/home/vs/csc2207_project_ws/build/motion/install.log'
[3.546s] Invoked command in '/home/vs/csc2207_project_ws/src/motion' returned '0': PYTHONPATH=/home/vs/csc2207_project_ws/build/motion/prefix_override:/home/vs/csc2207_project_ws/install/motion/lib/python3.8/site-packages:${PYTHONPATH} /usr/bin/python3 setup.py egg_info --egg-base ../../build/motion build --build-base /home/vs/csc2207_project_ws/build/motion/build install --record /home/vs/csc2207_project_ws/build/motion/install.log --install-scripts $base/lib/motion --single-version-externally-managed
